#
# There is insufficient memory for the Java Runtime Environment to continue.
# Native memory allocation (mmap) failed to map 685768704 bytes. Error detail: G1 virtual space
# Possible reasons:
#   The system is out of physical RAM or swap space
#   This process is running with CompressedOops enabled, and the Java Heap may be blocking the growth of the native heap
# Possible solutions:
#   Reduce memory load on the system
#   Increase physical memory or swap space
#   Check if swap backing store is full
#   Decrease Java heap size (-Xmx/-Xms)
#   Decrease number of Java threads
#   Decrease Java thread stack sizes (-Xss)
#   Set larger code cache with -XX:ReservedCodeCacheSize=
#   JVM is running with Zero Based Compressed Oops mode in which the Java heap is
#     placed in the first 32GB address space. The Java Heap base address is the
#     maximum limit for the native heap growth. Please use -XX:HeapBaseMinAddress
#     to set the Java Heap base and to place the Java Heap above 32GB virtual address.
# This output file may be truncated or incomplete.
#
#  Out of Memory Error (os_windows.cpp:3618), pid=9644, tid=16044
#
# JRE version: OpenJDK Runtime Environment Temurin-17.0.14+7 (17.0.14+7) (build 17.0.14+7)
# Java VM: OpenJDK 64-Bit Server VM Temurin-17.0.14+7 (17.0.14+7, mixed mode, emulated-client, sharing, tiered, compressed oops, compressed class ptrs, g1 gc, windows-amd64)
# No core dump will be written. Minidumps are not enabled by default on client versions of Windows
#

---------------  S U M M A R Y ------------

Command Line: -XX:TieredStopAtLevel=1 com.truyenchu.demo.TruyenchuApplication

Host: 11th Gen Intel(R) Core(TM) i7-11370H @ 3.30GHz, 8 cores, 15G,  Windows 11 , 64 bit Build 26100 (10.0.26100.4202)
Time: Sun Jun 29 20:58:27 2025 SE Asia Standard Time elapsed time: 6832.959704 seconds (0d 1h 53m 52s)

---------------  T H R E A D  ---------------

Current thread (0x000001d8bc72dc00):  VMThread "VM Thread" [stack: 0x000000ace0600000,0x000000ace0700000] [id=16044]

Stack: [0x000000ace0600000,0x000000ace0700000]
Native frames: (J=compiled Java code, j=interpreted, Vv=VM code, C=native code)
V  [jvm.dll+0x682eb9]
V  [jvm.dll+0x8399c8]
V  [jvm.dll+0x83b473]
V  [jvm.dll+0x83bae3]
V  [jvm.dll+0x24715f]
V  [jvm.dll+0x67fc99]
V  [jvm.dll+0x674b8a]
V  [jvm.dll+0x304c06]
V  [jvm.dll+0x30c0c6]
V  [jvm.dll+0x35dc3e]
V  [jvm.dll+0x35de7d]
V  [jvm.dll+0x2dbfcc]
V  [jvm.dll+0x2da36f]
V  [jvm.dll+0x2d9adc]
V  [jvm.dll+0x31d2bb]
V  [jvm.dll+0x84031d]
V  [jvm.dll+0x841053]
V  [jvm.dll+0x84157f]
V  [jvm.dll+0x841964]
V  [jvm.dll+0x841a2e]
V  [jvm.dll+0x7e948c]
V  [jvm.dll+0x681d97]
C  [ucrtbase.dll+0x37b0]
C  [KERNEL32.DLL+0x2e8d7]
C  [ntdll.dll+0x3c34c]

VM_Operation (0x000000ace34f6b20): G1CollectForAllocation, mode: safepoint, requested by thread 0x000001d8855e1ec0


---------------  P R O C E S S  ---------------

Threads class SMR info:
_java_thread_list=0x000001d885e9b750, length=41, elements={
0x000001d8bc732440, 0x000001d8bc737a90, 0x000001d8bc7552c0, 0x000001d8bc7567f0,
0x000001d8bc757d20, 0x000001d8bc7586e0, 0x000001d8bc7590a0, 0x000001d8bc75a610,
0x000001d8bc879860, 0x000001d8bc8881c0, 0x000001d8fe2d76d0, 0x000001d8ff57b790,
0x000001d884726600, 0x000001d8847247a0, 0x000001d884724cb0, 0x000001d884726b10,
0x000001d884727530, 0x000001d8847251c0, 0x000001d8847260f0, 0x000001d8847256d0,
0x000001d884723d80, 0x000001d884724290, 0x000001d8855e28e0, 0x000001d8855e0a80,
0x000001d8855e1ec0, 0x000001d8855e0f90, 0x000001d8855e0570, 0x000001d8855e23d0,
0x000001d8855e2df0, 0x000001d8855e3300, 0x000001d8855e3810, 0x000001d8855e14a0,
0x000001d8855e19b0, 0x000001d8855e0060, 0x000001d8855e5670, 0x000001d8855e65a0,
0x000001d8857a2ce0, 0x000001d8857a0970, 0x000001d88579fa40, 0x000001d88579f530,
0x000001d8855e6090
}

Java Threads: ( => current thread )
  0x000001d8bc732440 JavaThread "Reference Handler" daemon [_thread_blocked, id=30256, stack(0x000000ace0700000,0x000000ace0800000)]
  0x000001d8bc737a90 JavaThread "Finalizer" daemon [_thread_blocked, id=25704, stack(0x000000ace0800000,0x000000ace0900000)]
  0x000001d8bc7552c0 JavaThread "Signal Dispatcher" daemon [_thread_blocked, id=9688, stack(0x000000ace0900000,0x000000ace0a00000)]
  0x000001d8bc7567f0 JavaThread "Attach Listener" daemon [_thread_blocked, id=30120, stack(0x000000ace0a00000,0x000000ace0b00000)]
  0x000001d8bc757d20 JavaThread "Service Thread" daemon [_thread_blocked, id=32948, stack(0x000000ace0b00000,0x000000ace0c00000)]
  0x000001d8bc7586e0 JavaThread "Monitor Deflation Thread" daemon [_thread_blocked, id=16444, stack(0x000000ace0c00000,0x000000ace0d00000)]
  0x000001d8bc7590a0 JavaThread "C1 CompilerThread0" daemon [_thread_blocked, id=36840, stack(0x000000ace0d00000,0x000000ace0e00000)]
  0x000001d8bc75a610 JavaThread "Sweeper thread" daemon [_thread_blocked, id=34916, stack(0x000000ace0e00000,0x000000ace0f00000)]
  0x000001d8bc879860 JavaThread "Notification Thread" daemon [_thread_blocked, id=4028, stack(0x000000ace1000000,0x000000ace1100000)]
  0x000001d8bc8881c0 JavaThread "Common-Cleaner" daemon [_thread_blocked, id=6056, stack(0x000000ace1200000,0x000000ace1300000)]
  0x000001d8fe2d76d0 JavaThread "mysql-cj-abandoned-connection-cleanup" daemon [_thread_blocked, id=9196, stack(0x000000ace2000000,0x000000ace2100000)]
  0x000001d8ff57b790 JavaThread "HikariPool-1:housekeeper" daemon [_thread_blocked, id=19248, stack(0x000000ace2200000,0x000000ace2300000)]
  0x000001d884726600 JavaThread "Catalina-utility-1" [_thread_blocked, id=39348, stack(0x000000ace2400000,0x000000ace2500000)]
  0x000001d8847247a0 JavaThread "Catalina-utility-2" [_thread_blocked, id=15804, stack(0x000000ace2500000,0x000000ace2600000)]
  0x000001d884724cb0 JavaThread "container-0" [_thread_blocked, id=24016, stack(0x000000ace2600000,0x000000ace2700000)]
  0x000001d884726b10 JavaThread "lettuce-timer-3-1" daemon [_thread_blocked, id=16228, stack(0x000000ace1a00000,0x000000ace1b00000)]
  0x000001d884727530 JavaThread "File Watcher" daemon [_thread_blocked, id=30088, stack(0x000000ace2c00000,0x000000ace2d00000)]
  0x000001d8847251c0 JavaThread "Live Reload Server" daemon [_thread_in_native, id=27104, stack(0x000000ace2e00000,0x000000ace2f00000)]
  0x000001d8847260f0 JavaThread "MessageBroker-1" [_thread_blocked, id=35072, stack(0x000000ace2d00000,0x000000ace2e00000)]
  0x000001d8847256d0 JavaThread "http-nio-0.0.0.0-8080-exec-1" daemon [_thread_blocked, id=29048, stack(0x000000ace2f00000,0x000000ace3000000)]
  0x000001d884723d80 JavaThread "http-nio-0.0.0.0-8080-exec-2" daemon [_thread_blocked, id=34596, stack(0x000000ace3000000,0x000000ace3100000)]
  0x000001d884724290 JavaThread "http-nio-0.0.0.0-8080-exec-3" daemon [_thread_blocked, id=6520, stack(0x000000ace3100000,0x000000ace3200000)]
  0x000001d8855e28e0 JavaThread "http-nio-0.0.0.0-8080-exec-4" daemon [_thread_blocked, id=6004, stack(0x000000ace3200000,0x000000ace3300000)]
  0x000001d8855e0a80 JavaThread "http-nio-0.0.0.0-8080-exec-5" daemon [_thread_blocked, id=32304, stack(0x000000ace3300000,0x000000ace3400000)]
  0x000001d8855e1ec0 JavaThread "http-nio-0.0.0.0-8080-exec-6" daemon [_thread_blocked, id=39568, stack(0x000000ace3400000,0x000000ace3500000)]
  0x000001d8855e0f90 JavaThread "http-nio-0.0.0.0-8080-exec-7" daemon [_thread_blocked, id=4248, stack(0x000000ace3500000,0x000000ace3600000)]
  0x000001d8855e0570 JavaThread "http-nio-0.0.0.0-8080-exec-8" daemon [_thread_blocked, id=25748, stack(0x000000ace3600000,0x000000ace3700000)]
  0x000001d8855e23d0 JavaThread "http-nio-0.0.0.0-8080-exec-9" daemon [_thread_blocked, id=26556, stack(0x000000ace3700000,0x000000ace3800000)]
  0x000001d8855e2df0 JavaThread "http-nio-0.0.0.0-8080-exec-10" daemon [_thread_blocked, id=18516, stack(0x000000ace3800000,0x000000ace3900000)]
  0x000001d8855e3300 JavaThread "http-nio-0.0.0.0-8080-Poller" daemon [_thread_blocked, id=30936, stack(0x000000ace3900000,0x000000ace3a00000)]
  0x000001d8855e3810 JavaThread "http-nio-0.0.0.0-8080-Acceptor" daemon [_thread_in_native, id=30072, stack(0x000000ace3a00000,0x000000ace3b00000)]
  0x000001d8855e14a0 JavaThread "DestroyJavaVM" [_thread_blocked, id=32928, stack(0x000000ace0000000,0x000000ace0100000)]
  0x000001d8855e19b0 JavaThread "MessageBroker-2" [_thread_blocked, id=14424, stack(0x000000ace1800000,0x000000ace1900000)]
  0x000001d8855e0060 JavaThread "MessageBroker-3" [_thread_blocked, id=30000, stack(0x000000ace1900000,0x000000ace1a00000)]
  0x000001d8855e5670 JavaThread "MessageBroker-4" [_thread_blocked, id=31520, stack(0x000000ace3b00000,0x000000ace3c00000)]
  0x000001d8855e65a0 JavaThread "MessageBroker-5" [_thread_blocked, id=39388, stack(0x000000ace4100000,0x000000ace4200000)]
  0x000001d8857a2ce0 JavaThread "MessageBroker-6" [_thread_blocked, id=29364, stack(0x000000ace5000000,0x000000ace5100000)]
  0x000001d8857a0970 JavaThread "MessageBroker-7" [_thread_blocked, id=22760, stack(0x000000ace5300000,0x000000ace5400000)]
  0x000001d88579fa40 JavaThread "MessageBroker-8" [_thread_blocked, id=12632, stack(0x000000ace5400000,0x000000ace5500000)]
  0x000001d88579f530 JavaThread "HttpClient-1-SelectorManager" daemon [_thread_blocked, id=32448, stack(0x000000acdff00000,0x000000ace0000000)]
  0x000001d8855e6090 JavaThread "WebSocket background processing" daemon [_thread_blocked, id=39288, stack(0x000000acdfd00000,0x000000acdfe00000)]

Other Threads:
=>0x000001d8bc72dc00 VMThread "VM Thread" [stack: 0x000000ace0600000,0x000000ace0700000] [id=16044]
  0x000001d8bc879d40 WatcherThread [stack: 0x000000ace1100000,0x000000ace1200000] [id=34504]
  0x000001d8a5303aa0 GCTaskThread "GC Thread#0" [stack: 0x000000ace0100000,0x000000ace0200000] [id=26456]
  0x000001d8fe4f36c0 GCTaskThread "GC Thread#1" [stack: 0x000000ace1300000,0x000000ace1400000] [id=29616]
  0x000001d8fe4f3980 GCTaskThread "GC Thread#2" [stack: 0x000000ace1400000,0x000000ace1500000] [id=32276]
  0x000001d8fe4f3c40 GCTaskThread "GC Thread#3" [stack: 0x000000ace1500000,0x000000ace1600000] [id=7016]
  0x000001d8fe4f3f00 GCTaskThread "GC Thread#4" [stack: 0x000000ace1600000,0x000000ace1700000] [id=37156]
  0x000001d8fe4bcf90 GCTaskThread "GC Thread#5" [stack: 0x000000ace1700000,0x000000ace1800000] [id=30196]
  0x000001d8fe713e50 GCTaskThread "GC Thread#6" [stack: 0x000000ace1c00000,0x000000ace1d00000] [id=39128]
  0x000001d8fe7243a0 GCTaskThread "GC Thread#7" [stack: 0x000000ace1d00000,0x000000ace1e00000] [id=35364]
  0x000001d8a5314530 ConcurrentGCThread "G1 Main Marker" [stack: 0x000000ace0200000,0x000000ace0300000] [id=34356]
  0x000001d8a5314f50 ConcurrentGCThread "G1 Conc#0" [stack: 0x000000ace0300000,0x000000ace0400000] [id=29612]
  0x000001d8fef1fb60 ConcurrentGCThread "G1 Conc#1" [stack: 0x000000ace1b00000,0x000000ace1c00000] [id=23148]
  0x000001d8a532e890 ConcurrentGCThread "G1 Refine#0" [stack: 0x000000ace0400000,0x000000ace0500000] [id=2476]
  0x000001d8fe55f490 ConcurrentGCThread "G1 Refine#1" [stack: 0x000000ace1f00000,0x000000ace2000000] [id=28832]
  0x000001d884c53870 ConcurrentGCThread "G1 Refine#2" [stack: 0x000000ace2700000,0x000000ace2800000] [id=380]
  0x000001d884a47330 ConcurrentGCThread "G1 Refine#3" [stack: 0x000000ace2800000,0x000000ace2900000] [id=13088]
  0x000001d88472d540 ConcurrentGCThread "G1 Refine#4" [stack: 0x000000ace2900000,0x000000ace2a00000] [id=23420]
  0x000001d8bc9602c0 ConcurrentGCThread "G1 Refine#5" [stack: 0x000000ace2a00000,0x000000ace2b00000] [id=29144]
  0x000001d8bc9605b0 ConcurrentGCThread "G1 Refine#6" [stack: 0x000000ace2b00000,0x000000ace2c00000] [id=32040]
  0x000001d8bc961460 ConcurrentGCThread "G1 Refine#7" [stack: 0x000000ace1e00000,0x000000ace1f00000] [id=36580]
  0x000001d8bc3bebc0 ConcurrentGCThread "G1 Service" [stack: 0x000000ace0500000,0x000000ace0600000] [id=32348]

Threads with active compile tasks:

VM state: at safepoint (normal execution)

VM Mutex/Monitor currently owned by a thread:  ([mutex/lock_event])
[0x000001d8a3999220] Threads_lock - owner thread: 0x000001d8bc72dc00
[0x000001d8a5290b20] Heap_lock - owner thread: 0x000001d8855e1ec0

Heap address: 0x0000000704c00000, size: 4020 MB, Compressed Oops mode: Zero based, Oop shift amount: 3

CDS archive(s) mapped at: [0x000001d8bd000000-0x000001d8bdbb0000-0x000001d8bdbb0000), size 12255232, SharedBaseAddress: 0x000001d8bd000000, ArchiveRelocationMode: 1.
Compressed class space mapped at: 0x000001d8be000000-0x000001d8fe000000, reserved size: 1073741824
Narrow klass base: 0x000001d8bd000000, Narrow klass shift: 0, Narrow klass range: 0x100000000

GC Precious Log:
 CPUs: 8 total, 8 available
 Memory: 16075M
 Large Page Support: Disabled
 NUMA Support: Disabled
 Compressed Oops: Enabled (Zero based)
 Heap Region Size: 2M
 Heap Min Capacity: 8M
 Heap Initial Capacity: 252M
 Heap Max Capacity: 4020M
 Pre-touch: Disabled
 Parallel Workers: 8
 Concurrent Workers: 2
 Concurrent Refinement Workers: 8
 Periodic GC: Disabled

Heap:
 garbage-first heap   total 620544K, used 133171K [0x0000000704c00000, 0x0000000800000000)
  region size 2048K, 2 young (4096K), 2 survivors (4096K)
 Metaspace       used 94765K, committed 95744K, reserved 1179648K
  class space    used 13996K, committed 14400K, reserved 1048576K

Heap Regions: E=young(eden), S=young(survivor), O=old, HS=humongous(starts), HC=humongous(continues), CS=collection set, F=free, OA=open archive, CA=closed archive, TAMS=top-at-mark-start (previous, next)
|   0|0x0000000704c00000, 0x0000000704e00000, 0x0000000704e00000|100%| O|  |TAMS 0x0000000704e00000, 0x0000000704c00000| Untracked 
|   1|0x0000000704e00000, 0x0000000705000000, 0x0000000705000000|100%| O|  |TAMS 0x0000000705000000, 0x0000000704e00000| Untracked 
|   2|0x0000000705000000, 0x0000000705200000, 0x0000000705200000|100%| O|  |TAMS 0x0000000705200000, 0x0000000705000000| Untracked 
|   3|0x0000000705200000, 0x0000000705400000, 0x0000000705400000|100%| O|  |TAMS 0x0000000705400000, 0x0000000705200000| Untracked 
|   4|0x0000000705400000, 0x0000000705600000, 0x0000000705600000|100%| O|  |TAMS 0x0000000705600000, 0x0000000705400000| Untracked 
|   5|0x0000000705600000, 0x0000000705800000, 0x0000000705800000|100%| O|  |TAMS 0x0000000705800000, 0x0000000705600000| Untracked 
|   6|0x0000000705800000, 0x0000000705a00000, 0x0000000705a00000|100%| O|  |TAMS 0x0000000705a00000, 0x0000000705800000| Untracked 
|   7|0x0000000705a00000, 0x0000000705c00000, 0x0000000705c00000|100%| O|  |TAMS 0x0000000705c00000, 0x0000000705a00000| Untracked 
|   8|0x0000000705c00000, 0x0000000705e00000, 0x0000000705e00000|100%| O|  |TAMS 0x0000000705e00000, 0x0000000705c00000| Untracked 
|   9|0x0000000705e00000, 0x0000000706000000, 0x0000000706000000|100%| O|  |TAMS 0x0000000706000000, 0x0000000705e00000| Untracked 
|  10|0x0000000706000000, 0x0000000706200000, 0x0000000706200000|100%| O|  |TAMS 0x0000000706200000, 0x0000000706000000| Untracked 
|  11|0x0000000706200000, 0x0000000706400000, 0x0000000706400000|100%| O|  |TAMS 0x0000000706400000, 0x0000000706200000| Untracked 
|  12|0x0000000706400000, 0x0000000706600000, 0x0000000706600000|100%| O|  |TAMS 0x0000000706600000, 0x0000000706400000| Untracked 
|  13|0x0000000706600000, 0x0000000706800000, 0x0000000706800000|100%| O|  |TAMS 0x0000000706800000, 0x0000000706600000| Untracked 
|  14|0x0000000706800000, 0x0000000706a00000, 0x0000000706a00000|100%| O|  |TAMS 0x0000000706a00000, 0x0000000706800000| Untracked 
|  15|0x0000000706a00000, 0x0000000706c00000, 0x0000000706c00000|100%| O|  |TAMS 0x0000000706c00000, 0x0000000706a00000| Untracked 
|  16|0x0000000706c00000, 0x0000000706e00000, 0x0000000706e00000|100%| O|  |TAMS 0x0000000706e00000, 0x0000000706c00000| Untracked 
|  17|0x0000000706e00000, 0x0000000707000000, 0x0000000707000000|100%| O|  |TAMS 0x0000000707000000, 0x0000000706e00000| Untracked 
|  18|0x0000000707000000, 0x0000000707200000, 0x0000000707200000|100%| O|  |TAMS 0x0000000707200000, 0x0000000707000000| Untracked 
|  19|0x0000000707200000, 0x0000000707400000, 0x0000000707400000|100%| O|  |TAMS 0x0000000707200000, 0x0000000707200000| Untracked 
|  20|0x0000000707400000, 0x0000000707600000, 0x0000000707600000|100%| O|  |TAMS 0x0000000707400000, 0x0000000707400000| Untracked 
|  21|0x0000000707600000, 0x0000000707800000, 0x0000000707800000|100%| O|  |TAMS 0x0000000707600000, 0x0000000707600000| Untracked 
|  22|0x0000000707800000, 0x0000000707a00000, 0x0000000707a00000|100%| O|  |TAMS 0x0000000707a00000, 0x0000000707800000| Complete 
|  23|0x0000000707a00000, 0x0000000707c00000, 0x0000000707c00000|100%| O|  |TAMS 0x0000000707a00000, 0x0000000707a00000| Untracked 
|  24|0x0000000707c00000, 0x0000000707e00000, 0x0000000707e00000|100%| O|  |TAMS 0x0000000707c00000, 0x0000000707c00000| Untracked 
|  25|0x0000000707e00000, 0x0000000708000000, 0x0000000708000000|100%| O|  |TAMS 0x0000000708000000, 0x0000000707e00000| Complete 
|  26|0x0000000708000000, 0x0000000708200000, 0x0000000708200000|100%| O|  |TAMS 0x0000000708000000, 0x0000000708000000| Untracked 
|  27|0x0000000708200000, 0x0000000708400000, 0x0000000708400000|100%| O|  |TAMS 0x0000000708200000, 0x0000000708200000| Untracked 
|  28|0x0000000708400000, 0x0000000708600000, 0x0000000708600000|100%| O|  |TAMS 0x0000000708600000, 0x0000000708400000| Untracked 
|  29|0x0000000708600000, 0x0000000708800000, 0x0000000708800000|100%| O|  |TAMS 0x0000000708600000, 0x0000000708600000| Untracked 
|  30|0x0000000708800000, 0x0000000708a00000, 0x0000000708a00000|100%| O|  |TAMS 0x0000000708800000, 0x0000000708800000| Untracked 
|  31|0x0000000708a00000, 0x0000000708c00000, 0x0000000708c00000|100%| O|  |TAMS 0x0000000708a00000, 0x0000000708a00000| Untracked 
|  32|0x0000000708c00000, 0x0000000708e00000, 0x0000000708e00000|100%| O|  |TAMS 0x0000000708c00000, 0x0000000708c00000| Untracked 
|  33|0x0000000708e00000, 0x0000000709000000, 0x0000000709000000|100%| O|  |TAMS 0x0000000708e00000, 0x0000000708e00000| Untracked 
|  34|0x0000000709000000, 0x0000000709200000, 0x0000000709200000|100%| O|  |TAMS 0x0000000709000000, 0x0000000709000000| Untracked 
|  35|0x0000000709200000, 0x0000000709400000, 0x0000000709400000|100%| O|  |TAMS 0x0000000709200000, 0x0000000709200000| Untracked 
|  36|0x0000000709400000, 0x000000070940cc00, 0x0000000709600000|  2%| O|  |TAMS 0x0000000709400000, 0x0000000709400000| Untracked 
|  37|0x0000000709600000, 0x0000000709600000, 0x0000000709800000|  0%| F|  |TAMS 0x0000000709600000, 0x0000000709600000| Untracked 
|  38|0x0000000709800000, 0x0000000709800000, 0x0000000709a00000|  0%| F|  |TAMS 0x0000000709800000, 0x0000000709800000| Untracked 
|  39|0x0000000709a00000, 0x0000000709a00000, 0x0000000709c00000|  0%| F|  |TAMS 0x0000000709a00000, 0x0000000709a00000| Untracked 
|  40|0x0000000709c00000, 0x0000000709c00000, 0x0000000709e00000|  0%| F|  |TAMS 0x0000000709c00000, 0x0000000709c00000| Untracked 
|  41|0x0000000709e00000, 0x0000000709e00000, 0x000000070a000000|  0%| F|  |TAMS 0x0000000709e00000, 0x0000000709e00000| Untracked 
|  42|0x000000070a000000, 0x000000070a000000, 0x000000070a200000|  0%| F|  |TAMS 0x000000070a000000, 0x000000070a000000| Untracked 
|  43|0x000000070a200000, 0x000000070a200000, 0x000000070a400000|  0%| F|  |TAMS 0x000000070a200000, 0x000000070a200000| Untracked 
|  44|0x000000070a400000, 0x000000070a400000, 0x000000070a600000|  0%| F|  |TAMS 0x000000070a400000, 0x000000070a400000| Untracked 
|  45|0x000000070a600000, 0x000000070a600000, 0x000000070a800000|  0%| F|  |TAMS 0x000000070a600000, 0x000000070a600000| Untracked 
|  46|0x000000070a800000, 0x000000070a800000, 0x000000070aa00000|  0%| F|  |TAMS 0x000000070a800000, 0x000000070a800000| Untracked 
|  47|0x000000070aa00000, 0x000000070aa00000, 0x000000070ac00000|  0%| F|  |TAMS 0x000000070aa00000, 0x000000070aa00000| Untracked 
|  48|0x000000070ac00000, 0x000000070ac00000, 0x000000070ae00000|  0%| F|  |TAMS 0x000000070ac00000, 0x000000070ac00000| Untracked 
|  49|0x000000070ae00000, 0x000000070ae00000, 0x000000070b000000|  0%| F|  |TAMS 0x000000070ae00000, 0x000000070ae00000| Untracked 
|  50|0x000000070b000000, 0x000000070b000000, 0x000000070b200000|  0%| F|  |TAMS 0x000000070b000000, 0x000000070b000000| Untracked 
|  51|0x000000070b200000, 0x000000070b200000, 0x000000070b400000|  0%| F|  |TAMS 0x000000070b200000, 0x000000070b200000| Untracked 
|  52|0x000000070b400000, 0x000000070b600000, 0x000000070b600000|100%| O|  |TAMS 0x000000070b600000, 0x000000070b400000| Complete 
|  53|0x000000070b600000, 0x000000070b600000, 0x000000070b800000|  0%| F|  |TAMS 0x000000070b600000, 0x000000070b600000| Untracked 
|  54|0x000000070b800000, 0x000000070ba00000, 0x000000070ba00000|100%| O|  |TAMS 0x000000070ba00000, 0x000000070b800000| Untracked 
|  55|0x000000070ba00000, 0x000000070ba00000, 0x000000070bc00000|  0%| F|  |TAMS 0x000000070ba00000, 0x000000070ba00000| Untracked 
|  56|0x000000070bc00000, 0x000000070bc00000, 0x000000070be00000|  0%| F|  |TAMS 0x000000070bc00000, 0x000000070bc00000| Untracked 
|  57|0x000000070be00000, 0x000000070c000000, 0x000000070c000000|100%| O|  |TAMS 0x000000070c000000, 0x000000070be00000| Untracked 
|  58|0x000000070c000000, 0x000000070c200000, 0x000000070c200000|100%| O|  |TAMS 0x000000070c200000, 0x000000070c000000| Untracked 
|  59|0x000000070c200000, 0x000000070c200000, 0x000000070c400000|  0%| F|  |TAMS 0x000000070c200000, 0x000000070c200000| Untracked 
|  60|0x000000070c400000, 0x000000070c600000, 0x000000070c600000|100%| O|  |TAMS 0x000000070c600000, 0x000000070c400000| Complete 
|  61|0x000000070c600000, 0x000000070c600000, 0x000000070c800000|  0%| F|  |TAMS 0x000000070c600000, 0x000000070c600000| Untracked 
|  62|0x000000070c800000, 0x000000070ca00000, 0x000000070ca00000|100%| O|  |TAMS 0x000000070ca00000, 0x000000070c800000| Untracked 
|  63|0x000000070ca00000, 0x000000070ca00000, 0x000000070cc00000|  0%| F|  |TAMS 0x000000070ca00000, 0x000000070ca00000| Untracked 
|  64|0x000000070cc00000, 0x000000070ce00000, 0x000000070ce00000|100%| O|  |TAMS 0x000000070ce00000, 0x000000070cc00000| Untracked 
|  65|0x000000070ce00000, 0x000000070ce00000, 0x000000070d000000|  0%| F|  |TAMS 0x000000070ce00000, 0x000000070ce00000| Untracked 
|  66|0x000000070d000000, 0x000000070d000000, 0x000000070d200000|  0%| F|  |TAMS 0x000000070d000000, 0x000000070d000000| Untracked 
|  67|0x000000070d200000, 0x000000070d400000, 0x000000070d400000|100%| O|  |TAMS 0x000000070d400000, 0x000000070d200000| Untracked 
|  68|0x000000070d400000, 0x000000070d400000, 0x000000070d600000|  0%| F|  |TAMS 0x000000070d400000, 0x000000070d400000| Untracked 
|  69|0x000000070d600000, 0x000000070d600000, 0x000000070d800000|  0%| F|  |TAMS 0x000000070d600000, 0x000000070d600000| Untracked 
|  70|0x000000070d800000, 0x000000070d800000, 0x000000070da00000|  0%| F|  |TAMS 0x000000070d800000, 0x000000070d800000| Untracked 
|  71|0x000000070da00000, 0x000000070da00000, 0x000000070dc00000|  0%| F|  |TAMS 0x000000070da00000, 0x000000070da00000| Untracked 
|  72|0x000000070dc00000, 0x000000070dc00000, 0x000000070de00000|  0%| F|  |TAMS 0x000000070dc00000, 0x000000070dc00000| Untracked 
|  73|0x000000070de00000, 0x000000070de00000, 0x000000070e000000|  0%| F|  |TAMS 0x000000070de00000, 0x000000070de00000| Untracked 
|  74|0x000000070e000000, 0x000000070e000000, 0x000000070e200000|  0%| F|  |TAMS 0x000000070e000000, 0x000000070e000000| Untracked 
|  75|0x000000070e200000, 0x000000070e200000, 0x000000070e400000|  0%| F|  |TAMS 0x000000070e200000, 0x000000070e200000| Untracked 
|  76|0x000000070e400000, 0x000000070e400000, 0x000000070e600000|  0%| F|  |TAMS 0x000000070e400000, 0x000000070e400000| Untracked 
|  77|0x000000070e600000, 0x000000070e600000, 0x000000070e800000|  0%| F|  |TAMS 0x000000070e600000, 0x000000070e600000| Untracked 
|  78|0x000000070e800000, 0x000000070e800000, 0x000000070ea00000|  0%| F|  |TAMS 0x000000070e800000, 0x000000070e800000| Untracked 
|  79|0x000000070ea00000, 0x000000070ea00000, 0x000000070ec00000|  0%| F|  |TAMS 0x000000070ea00000, 0x000000070ea00000| Untracked 
|  80|0x000000070ec00000, 0x000000070ec00000, 0x000000070ee00000|  0%| F|  |TAMS 0x000000070ec00000, 0x000000070ec00000| Untracked 
|  81|0x000000070ee00000, 0x000000070ee00000, 0x000000070f000000|  0%| F|  |TAMS 0x000000070ee00000, 0x000000070ee00000| Untracked 
|  82|0x000000070f000000, 0x000000070f000000, 0x000000070f200000|  0%| F|  |TAMS 0x000000070f000000, 0x000000070f000000| Untracked 
|  83|0x000000070f200000, 0x000000070f200000, 0x000000070f400000|  0%| F|  |TAMS 0x000000070f200000, 0x000000070f200000| Untracked 
|  84|0x000000070f400000, 0x000000070f400000, 0x000000070f600000|  0%| F|  |TAMS 0x000000070f400000, 0x000000070f400000| Untracked 
|  85|0x000000070f600000, 0x000000070f600000, 0x000000070f800000|  0%| F|  |TAMS 0x000000070f600000, 0x000000070f600000| Untracked 
|  86|0x000000070f800000, 0x000000070f800000, 0x000000070fa00000|  0%| F|  |TAMS 0x000000070f800000, 0x000000070f800000| Untracked 
|  87|0x000000070fa00000, 0x000000070fa00000, 0x000000070fc00000|  0%| F|  |TAMS 0x000000070fa00000, 0x000000070fa00000| Untracked 
|  88|0x000000070fc00000, 0x000000070fc00000, 0x000000070fe00000|  0%| F|  |TAMS 0x000000070fc00000, 0x000000070fc00000| Untracked 
|  89|0x000000070fe00000, 0x000000070fe00000, 0x0000000710000000|  0%| F|  |TAMS 0x000000070fe00000, 0x000000070fe00000| Untracked 
|  90|0x0000000710000000, 0x0000000710000000, 0x0000000710200000|  0%| F|  |TAMS 0x0000000710000000, 0x0000000710000000| Untracked 
|  91|0x0000000710200000, 0x0000000710200000, 0x0000000710400000|  0%| F|  |TAMS 0x0000000710200000, 0x0000000710200000| Untracked 
|  92|0x0000000710400000, 0x0000000710400000, 0x0000000710600000|  0%| F|  |TAMS 0x0000000710400000, 0x0000000710400000| Untracked 
|  93|0x0000000710600000, 0x0000000710600000, 0x0000000710800000|  0%| F|  |TAMS 0x0000000710600000, 0x0000000710600000| Untracked 
|  94|0x0000000710800000, 0x0000000710800000, 0x0000000710a00000|  0%| F|  |TAMS 0x0000000710800000, 0x0000000710800000| Untracked 
|  95|0x0000000710a00000, 0x0000000710a00000, 0x0000000710c00000|  0%| F|  |TAMS 0x0000000710a00000, 0x0000000710a00000| Untracked 
|  96|0x0000000710c00000, 0x0000000710e00000, 0x0000000710e00000|100%| O|  |TAMS 0x0000000710e00000, 0x0000000710c00000| Complete 
|  97|0x0000000710e00000, 0x0000000711000000, 0x0000000711000000|100%| O|  |TAMS 0x0000000711000000, 0x0000000710e00000| Untracked 
|  98|0x0000000711000000, 0x0000000711200000, 0x0000000711200000|100%| O|  |TAMS 0x0000000711200000, 0x0000000711000000| Untracked 
|  99|0x0000000711200000, 0x0000000711200000, 0x0000000711400000|  0%| F|  |TAMS 0x0000000711200000, 0x0000000711200000| Untracked 
| 100|0x0000000711400000, 0x0000000711400000, 0x0000000711600000|  0%| F|  |TAMS 0x0000000711400000, 0x0000000711400000| Untracked 
| 101|0x0000000711600000, 0x0000000711600000, 0x0000000711800000|  0%| F|  |TAMS 0x0000000711600000, 0x0000000711600000| Untracked 
| 102|0x0000000711800000, 0x0000000711800000, 0x0000000711a00000|  0%| F|  |TAMS 0x0000000711800000, 0x0000000711800000| Untracked 
| 103|0x0000000711a00000, 0x0000000711a00000, 0x0000000711c00000|  0%| F|  |TAMS 0x0000000711a00000, 0x0000000711a00000| Untracked 
| 104|0x0000000711c00000, 0x0000000711c00000, 0x0000000711e00000|  0%| F|  |TAMS 0x0000000711c00000, 0x0000000711c00000| Untracked 
| 105|0x0000000711e00000, 0x0000000711e00000, 0x0000000712000000|  0%| F|  |TAMS 0x0000000711e00000, 0x0000000711e00000| Untracked 
| 106|0x0000000712000000, 0x0000000712000000, 0x0000000712200000|  0%| F|  |TAMS 0x0000000712000000, 0x0000000712000000| Untracked 
| 107|0x0000000712200000, 0x0000000712200000, 0x0000000712400000|  0%| F|  |TAMS 0x0000000712200000, 0x0000000712200000| Untracked 
| 108|0x0000000712400000, 0x0000000712400000, 0x0000000712600000|  0%| F|  |TAMS 0x0000000712400000, 0x0000000712400000| Untracked 
| 109|0x0000000712600000, 0x0000000712600000, 0x0000000712800000|  0%| F|  |TAMS 0x0000000712600000, 0x0000000712600000| Untracked 
| 110|0x0000000712800000, 0x0000000712800000, 0x0000000712a00000|  0%| F|  |TAMS 0x0000000712800000, 0x0000000712800000| Untracked 
| 111|0x0000000712a00000, 0x0000000712a00000, 0x0000000712c00000|  0%| F|  |TAMS 0x0000000712a00000, 0x0000000712a00000| Untracked 
| 112|0x0000000712c00000, 0x0000000712c00000, 0x0000000712e00000|  0%| F|  |TAMS 0x0000000712c00000, 0x0000000712c00000| Untracked 
| 113|0x0000000712e00000, 0x0000000712e00000, 0x0000000713000000|  0%| F|  |TAMS 0x0000000712e00000, 0x0000000712e00000| Untracked 
| 114|0x0000000713000000, 0x0000000713000000, 0x0000000713200000|  0%| F|  |TAMS 0x0000000713000000, 0x0000000713000000| Untracked 
| 115|0x0000000713200000, 0x0000000713200000, 0x0000000713400000|  0%| F|  |TAMS 0x0000000713200000, 0x0000000713200000| Untracked 
| 116|0x0000000713400000, 0x0000000713400000, 0x0000000713600000|  0%| F|  |TAMS 0x0000000713400000, 0x0000000713400000| Untracked 
| 117|0x0000000713600000, 0x0000000713600000, 0x0000000713800000|  0%| F|  |TAMS 0x0000000713600000, 0x0000000713600000| Untracked 
| 118|0x0000000713800000, 0x0000000713800000, 0x0000000713a00000|  0%| F|  |TAMS 0x0000000713800000, 0x0000000713800000| Untracked 
| 119|0x0000000713a00000, 0x0000000713a00000, 0x0000000713c00000|  0%| F|  |TAMS 0x0000000713a00000, 0x0000000713a00000| Untracked 
| 120|0x0000000713c00000, 0x0000000713c00000, 0x0000000713e00000|  0%| F|  |TAMS 0x0000000713c00000, 0x0000000713c00000| Untracked 
| 121|0x0000000713e00000, 0x0000000713e00000, 0x0000000714000000|  0%| F|  |TAMS 0x0000000713e00000, 0x0000000713e00000| Untracked 
| 122|0x0000000714000000, 0x0000000714000000, 0x0000000714200000|  0%| F|  |TAMS 0x0000000714000000, 0x0000000714000000| Untracked 
| 123|0x0000000714200000, 0x0000000714200000, 0x0000000714400000|  0%| F|  |TAMS 0x0000000714200000, 0x0000000714200000| Untracked 
| 124|0x0000000714400000, 0x0000000714400000, 0x0000000714600000|  0%| F|  |TAMS 0x0000000714400000, 0x0000000714400000| Untracked 
| 125|0x0000000714600000, 0x0000000714600000, 0x0000000714800000|  0%| F|  |TAMS 0x0000000714600000, 0x0000000714600000| Untracked 
| 126|0x0000000714800000, 0x0000000714800000, 0x0000000714a00000|  0%| F|  |TAMS 0x0000000714800000, 0x0000000714800000| Untracked 
| 127|0x0000000714a00000, 0x0000000714a00000, 0x0000000714c00000|  0%| F|  |TAMS 0x0000000714a00000, 0x0000000714a00000| Untracked 
| 128|0x0000000714c00000, 0x0000000714c00000, 0x0000000714e00000|  0%| F|  |TAMS 0x0000000714c00000, 0x0000000714c00000| Untracked 
| 129|0x0000000714e00000, 0x0000000714e00000, 0x0000000715000000|  0%| F|  |TAMS 0x0000000714e00000, 0x0000000714e00000| Untracked 
| 130|0x0000000715000000, 0x0000000715000000, 0x0000000715200000|  0%| F|  |TAMS 0x0000000715000000, 0x0000000715000000| Untracked 
| 131|0x0000000715200000, 0x0000000715200000, 0x0000000715400000|  0%| F|  |TAMS 0x0000000715200000, 0x0000000715200000| Untracked 
| 132|0x0000000715400000, 0x0000000715400000, 0x0000000715600000|  0%| F|  |TAMS 0x0000000715400000, 0x0000000715400000| Untracked 
| 133|0x0000000715600000, 0x0000000715600000, 0x0000000715800000|  0%| F|  |TAMS 0x0000000715600000, 0x0000000715600000| Untracked 
| 134|0x0000000715800000, 0x0000000715800000, 0x0000000715a00000|  0%| F|  |TAMS 0x0000000715800000, 0x0000000715800000| Untracked 
| 135|0x0000000715a00000, 0x0000000715c00000, 0x0000000715c00000|100%| O|  |TAMS 0x0000000715c00000, 0x0000000715a00000| Complete 
| 136|0x0000000715c00000, 0x0000000715e00000, 0x0000000715e00000|100%| O|  |TAMS 0x0000000715e00000, 0x0000000715c00000| Untracked 
| 137|0x0000000715e00000, 0x0000000715e00000, 0x0000000716000000|  0%| F|  |TAMS 0x0000000715e00000, 0x0000000715e00000| Untracked 
| 138|0x0000000716000000, 0x0000000716000000, 0x0000000716200000|  0%| F|  |TAMS 0x0000000716000000, 0x0000000716000000| Untracked 
| 139|0x0000000716200000, 0x0000000716200000, 0x0000000716400000|  0%| F|  |TAMS 0x0000000716200000, 0x0000000716200000| Untracked 
| 140|0x0000000716400000, 0x0000000716400000, 0x0000000716600000|  0%| F|  |TAMS 0x0000000716400000, 0x0000000716400000| Untracked 
| 141|0x0000000716600000, 0x0000000716600000, 0x0000000716800000|  0%| F|  |TAMS 0x0000000716600000, 0x0000000716600000| Untracked 
| 142|0x0000000716800000, 0x0000000716800000, 0x0000000716a00000|  0%| F|  |TAMS 0x0000000716800000, 0x0000000716800000| Untracked 
| 143|0x0000000716a00000, 0x0000000716a00000, 0x0000000716c00000|  0%| F|  |TAMS 0x0000000716a00000, 0x0000000716a00000| Untracked 
| 144|0x0000000716c00000, 0x0000000716c00000, 0x0000000716e00000|  0%| F|  |TAMS 0x0000000716c00000, 0x0000000716c00000| Untracked 
| 145|0x0000000716e00000, 0x0000000716e00000, 0x0000000717000000|  0%| F|  |TAMS 0x0000000716e00000, 0x0000000716e00000| Untracked 
| 146|0x0000000717000000, 0x0000000717000000, 0x0000000717200000|  0%| F|  |TAMS 0x0000000717000000, 0x0000000717000000| Untracked 
| 147|0x0000000717200000, 0x0000000717200000, 0x0000000717400000|  0%| F|  |TAMS 0x0000000717200000, 0x0000000717200000| Untracked 
| 148|0x0000000717400000, 0x0000000717400000, 0x0000000717600000|  0%| F|  |TAMS 0x0000000717400000, 0x0000000717400000| Untracked 
| 149|0x0000000717600000, 0x0000000717600000, 0x0000000717800000|  0%| F|  |TAMS 0x0000000717600000, 0x0000000717600000| Untracked 
| 150|0x0000000717800000, 0x0000000717800000, 0x0000000717a00000|  0%| F|  |TAMS 0x0000000717800000, 0x0000000717800000| Untracked 
| 151|0x0000000717a00000, 0x0000000717a00000, 0x0000000717c00000|  0%| F|  |TAMS 0x0000000717a00000, 0x0000000717a00000| Untracked 
| 152|0x0000000717c00000, 0x0000000717c00000, 0x0000000717e00000|  0%| F|  |TAMS 0x0000000717c00000, 0x0000000717c00000| Untracked 
| 153|0x0000000717e00000, 0x0000000718000000, 0x0000000718000000|100%| O|  |TAMS 0x0000000718000000, 0x0000000717e00000| Untracked 
| 154|0x0000000718000000, 0x0000000718200000, 0x0000000718200000|100%| O|  |TAMS 0x0000000718200000, 0x0000000718000000| Complete 
| 155|0x0000000718200000, 0x0000000718200000, 0x0000000718400000|  0%| F|  |TAMS 0x0000000718200000, 0x0000000718200000| Untracked 
| 156|0x0000000718400000, 0x0000000718400000, 0x0000000718600000|  0%| F|  |TAMS 0x0000000718400000, 0x0000000718400000| Untracked 
| 157|0x0000000718600000, 0x0000000718800000, 0x0000000718800000|100%| O|  |TAMS 0x0000000718800000, 0x0000000718600000| Untracked 
| 158|0x0000000718800000, 0x0000000718800000, 0x0000000718a00000|  0%| F|  |TAMS 0x0000000718800000, 0x0000000718800000| Untracked 
| 159|0x0000000718a00000, 0x0000000718a00000, 0x0000000718c00000|  0%| F|  |TAMS 0x0000000718a00000, 0x0000000718a00000| Untracked 
| 160|0x0000000718c00000, 0x0000000718c00000, 0x0000000718e00000|  0%| F|  |TAMS 0x0000000718c00000, 0x0000000718c00000| Untracked 
| 161|0x0000000718e00000, 0x0000000718e00000, 0x0000000719000000|  0%| F|  |TAMS 0x0000000718e00000, 0x0000000718e00000| Untracked 
| 162|0x0000000719000000, 0x0000000719000000, 0x0000000719200000|  0%| F|  |TAMS 0x0000000719000000, 0x0000000719000000| Untracked 
| 163|0x0000000719200000, 0x0000000719200000, 0x0000000719400000|  0%| F|  |TAMS 0x0000000719200000, 0x0000000719200000| Untracked 
| 164|0x0000000719400000, 0x0000000719400000, 0x0000000719600000|  0%| F|  |TAMS 0x0000000719400000, 0x0000000719400000| Untracked 
| 165|0x0000000719600000, 0x0000000719600000, 0x0000000719800000|  0%| F|  |TAMS 0x0000000719600000, 0x0000000719600000| Untracked 
| 166|0x0000000719800000, 0x0000000719800000, 0x0000000719a00000|  0%| F|  |TAMS 0x0000000719800000, 0x0000000719800000| Untracked 
| 167|0x0000000719a00000, 0x0000000719a00000, 0x0000000719c00000|  0%| F|  |TAMS 0x0000000719a00000, 0x0000000719a00000| Untracked 
| 168|0x0000000719c00000, 0x0000000719c00000, 0x0000000719e00000|  0%| F|  |TAMS 0x0000000719c00000, 0x0000000719c00000| Untracked 
| 169|0x0000000719e00000, 0x0000000719e00000, 0x000000071a000000|  0%| F|  |TAMS 0x0000000719e00000, 0x0000000719e00000| Untracked 
| 170|0x000000071a000000, 0x000000071a000000, 0x000000071a200000|  0%| F|  |TAMS 0x000000071a000000, 0x000000071a000000| Untracked 
| 171|0x000000071a200000, 0x000000071a400000, 0x000000071a400000|100%| O|  |TAMS 0x000000071a400000, 0x000000071a200000| Complete 
| 172|0x000000071a400000, 0x000000071a600000, 0x000000071a600000|100%| O|  |TAMS 0x000000071a600000, 0x000000071a400000| Complete 
| 173|0x000000071a600000, 0x000000071a600000, 0x000000071a800000|  0%| F|  |TAMS 0x000000071a600000, 0x000000071a600000| Untracked 
| 174|0x000000071a800000, 0x000000071a800000, 0x000000071aa00000|  0%| F|  |TAMS 0x000000071a800000, 0x000000071a800000| Untracked 
| 175|0x000000071aa00000, 0x000000071aa00000, 0x000000071ac00000|  0%| F|  |TAMS 0x000000071aa00000, 0x000000071aa00000| Untracked 
| 176|0x000000071ac00000, 0x000000071ac00000, 0x000000071ae00000|  0%| F|  |TAMS 0x000000071ac00000, 0x000000071ac00000| Untracked 
| 177|0x000000071ae00000, 0x000000071ae00000, 0x000000071b000000|  0%| F|  |TAMS 0x000000071ae00000, 0x000000071ae00000| Untracked 
| 178|0x000000071b000000, 0x000000071b000000, 0x000000071b200000|  0%| F|  |TAMS 0x000000071b000000, 0x000000071b000000| Untracked 
| 179|0x000000071b200000, 0x000000071b200000, 0x000000071b400000|  0%| F|  |TAMS 0x000000071b200000, 0x000000071b200000| Untracked 
| 180|0x000000071b400000, 0x000000071b400000, 0x000000071b600000|  0%| F|  |TAMS 0x000000071b400000, 0x000000071b400000| Untracked 
| 181|0x000000071b600000, 0x000000071b600000, 0x000000071b800000|  0%| F|  |TAMS 0x000000071b600000, 0x000000071b600000| Untracked 
| 182|0x000000071b800000, 0x000000071b800000, 0x000000071ba00000|  0%| F|  |TAMS 0x000000071b800000, 0x000000071b800000| Untracked 
| 183|0x000000071ba00000, 0x000000071ba00000, 0x000000071bc00000|  0%| F|  |TAMS 0x000000071ba00000, 0x000000071ba00000| Untracked 
| 184|0x000000071bc00000, 0x000000071bc00000, 0x000000071be00000|  0%| F|  |TAMS 0x000000071bc00000, 0x000000071bc00000| Untracked 
| 185|0x000000071be00000, 0x000000071be00000, 0x000000071c000000|  0%| F|  |TAMS 0x000000071be00000, 0x000000071be00000| Untracked 
| 186|0x000000071c000000, 0x000000071c000000, 0x000000071c200000|  0%| F|  |TAMS 0x000000071c000000, 0x000000071c000000| Untracked 
| 187|0x000000071c200000, 0x000000071c200000, 0x000000071c400000|  0%| F|  |TAMS 0x000000071c200000, 0x000000071c200000| Untracked 
| 188|0x000000071c400000, 0x000000071c400000, 0x000000071c600000|  0%| F|  |TAMS 0x000000071c400000, 0x000000071c400000| Untracked 
| 189|0x000000071c600000, 0x000000071c800000, 0x000000071c800000|100%| S|CS|TAMS 0x000000071c600000, 0x000000071c600000| Complete 
| 190|0x000000071c800000, 0x000000071ca00000, 0x000000071ca00000|100%| S|CS|TAMS 0x000000071c800000, 0x000000071c800000| Complete 
| 191|0x000000071ca00000, 0x000000071ca00000, 0x000000071cc00000|  0%| F|  |TAMS 0x000000071ca00000, 0x000000071ca00000| Untracked 
| 192|0x000000071cc00000, 0x000000071cc00000, 0x000000071ce00000|  0%| F|  |TAMS 0x000000071cc00000, 0x000000071cc00000| Untracked 
| 193|0x000000071ce00000, 0x000000071ce00000, 0x000000071d000000|  0%| F|  |TAMS 0x000000071ce00000, 0x000000071ce00000| Untracked 
| 194|0x000000071d000000, 0x000000071d000000, 0x000000071d200000|  0%| F|  |TAMS 0x000000071d000000, 0x000000071d000000| Untracked 
| 195|0x000000071d200000, 0x000000071d200000, 0x000000071d400000|  0%| F|  |TAMS 0x000000071d200000, 0x000000071d200000| Untracked 
| 196|0x000000071d400000, 0x000000071d400000, 0x000000071d600000|  0%| F|  |TAMS 0x000000071d400000, 0x000000071d400000| Untracked 
| 197|0x000000071d600000, 0x000000071d600000, 0x000000071d800000|  0%| F|  |TAMS 0x000000071d600000, 0x000000071d600000| Untracked 
| 198|0x000000071d800000, 0x000000071d800000, 0x000000071da00000|  0%| F|  |TAMS 0x000000071d800000, 0x000000071d800000| Untracked 
| 199|0x000000071da00000, 0x000000071da00000, 0x000000071dc00000|  0%| F|  |TAMS 0x000000071da00000, 0x000000071da00000| Untracked 
| 200|0x000000071dc00000, 0x000000071dc00000, 0x000000071de00000|  0%| F|  |TAMS 0x000000071dc00000, 0x000000071dc00000| Untracked 
| 201|0x000000071de00000, 0x000000071e000000, 0x000000071e000000|100%| O|  |TAMS 0x000000071e000000, 0x000000071de00000| Complete 
| 202|0x000000071e000000, 0x000000071e000000, 0x000000071e200000|  0%| F|  |TAMS 0x000000071e000000, 0x000000071e000000| Untracked 
| 203|0x000000071e200000, 0x000000071e200000, 0x000000071e400000|  0%| F|  |TAMS 0x000000071e200000, 0x000000071e200000| Untracked 
| 204|0x000000071e400000, 0x000000071e400000, 0x000000071e600000|  0%| F|  |TAMS 0x000000071e400000, 0x000000071e400000| Untracked 
| 205|0x000000071e600000, 0x000000071e600000, 0x000000071e800000|  0%| F|  |TAMS 0x000000071e600000, 0x000000071e600000| Untracked 
| 206|0x000000071e800000, 0x000000071e800000, 0x000000071ea00000|  0%| F|  |TAMS 0x000000071e800000, 0x000000071e800000| Untracked 
| 207|0x000000071ea00000, 0x000000071ea00000, 0x000000071ec00000|  0%| F|  |TAMS 0x000000071ea00000, 0x000000071ea00000| Untracked 
| 208|0x000000071ec00000, 0x000000071ec00000, 0x000000071ee00000|  0%| F|  |TAMS 0x000000071ec00000, 0x000000071ec00000| Untracked 
| 209|0x000000071ee00000, 0x000000071ee00000, 0x000000071f000000|  0%| F|  |TAMS 0x000000071ee00000, 0x000000071ee00000| Untracked 
| 210|0x000000071f000000, 0x000000071f000000, 0x000000071f200000|  0%| F|  |TAMS 0x000000071f000000, 0x000000071f000000| Untracked 
| 211|0x000000071f200000, 0x000000071f200000, 0x000000071f400000|  0%| F|  |TAMS 0x000000071f200000, 0x000000071f200000| Untracked 
| 212|0x000000071f400000, 0x000000071f400000, 0x000000071f600000|  0%| F|  |TAMS 0x000000071f400000, 0x000000071f400000| Untracked 
| 213|0x000000071f600000, 0x000000071f600000, 0x000000071f800000|  0%| F|  |TAMS 0x000000071f600000, 0x000000071f600000| Untracked 
| 214|0x000000071f800000, 0x000000071f800000, 0x000000071fa00000|  0%| F|  |TAMS 0x000000071f800000, 0x000000071f800000| Untracked 
| 215|0x000000071fa00000, 0x000000071fa00000, 0x000000071fc00000|  0%| F|  |TAMS 0x000000071fa00000, 0x000000071fa00000| Untracked 
| 216|0x000000071fc00000, 0x000000071fc00000, 0x000000071fe00000|  0%| F|  |TAMS 0x000000071fc00000, 0x000000071fc00000| Untracked 
| 217|0x000000071fe00000, 0x000000071fe00000, 0x0000000720000000|  0%| F|  |TAMS 0x000000071fe00000, 0x000000071fe00000| Untracked 
| 218|0x0000000720000000, 0x0000000720000000, 0x0000000720200000|  0%| F|  |TAMS 0x0000000720000000, 0x0000000720000000| Untracked 
| 219|0x0000000720200000, 0x0000000720200000, 0x0000000720400000|  0%| F|  |TAMS 0x0000000720200000, 0x0000000720200000| Untracked 
| 220|0x0000000720400000, 0x0000000720400000, 0x0000000720600000|  0%| F|  |TAMS 0x0000000720400000, 0x0000000720400000| Untracked 
| 221|0x0000000720600000, 0x0000000720600000, 0x0000000720800000|  0%| F|  |TAMS 0x0000000720600000, 0x0000000720600000| Untracked 
| 222|0x0000000720800000, 0x0000000720800000, 0x0000000720a00000|  0%| F|  |TAMS 0x0000000720800000, 0x0000000720800000| Untracked 
| 223|0x0000000720a00000, 0x0000000720a00000, 0x0000000720c00000|  0%| F|  |TAMS 0x0000000720a00000, 0x0000000720a00000| Untracked 
| 224|0x0000000720c00000, 0x0000000720c00000, 0x0000000720e00000|  0%| F|  |TAMS 0x0000000720c00000, 0x0000000720c00000| Untracked 
| 225|0x0000000720e00000, 0x0000000721000000, 0x0000000721000000|100%| O|  |TAMS 0x0000000721000000, 0x0000000720e00000| Untracked 
| 226|0x0000000721000000, 0x0000000721000000, 0x0000000721200000|  0%| F|  |TAMS 0x0000000721000000, 0x0000000721000000| Untracked 
| 227|0x0000000721200000, 0x0000000721200000, 0x0000000721400000|  0%| F|  |TAMS 0x0000000721200000, 0x0000000721200000| Untracked 
| 228|0x0000000721400000, 0x0000000721600000, 0x0000000721600000|100%| O|  |TAMS 0x0000000721600000, 0x0000000721400000| Complete 
| 229|0x0000000721600000, 0x0000000721800000, 0x0000000721800000|100%| O|  |TAMS 0x0000000721800000, 0x0000000721600000| Complete 
| 230|0x0000000721800000, 0x0000000721800000, 0x0000000721a00000|  0%| F|  |TAMS 0x0000000721800000, 0x0000000721800000| Untracked 
| 231|0x0000000721a00000, 0x0000000721a00000, 0x0000000721c00000|  0%| F|  |TAMS 0x0000000721a00000, 0x0000000721a00000| Untracked 
| 232|0x0000000721c00000, 0x0000000721c00000, 0x0000000721e00000|  0%| F|  |TAMS 0x0000000721c00000, 0x0000000721c00000| Untracked 
| 233|0x0000000721e00000, 0x0000000721e00000, 0x0000000722000000|  0%| F|  |TAMS 0x0000000721e00000, 0x0000000721e00000| Untracked 
| 234|0x0000000722000000, 0x0000000722000000, 0x0000000722200000|  0%| F|  |TAMS 0x0000000722000000, 0x0000000722000000| Untracked 
| 235|0x0000000722200000, 0x0000000722200000, 0x0000000722400000|  0%| F|  |TAMS 0x0000000722200000, 0x0000000722200000| Untracked 
| 236|0x0000000722400000, 0x0000000722400000, 0x0000000722600000|  0%| F|  |TAMS 0x0000000722400000, 0x0000000722400000| Untracked 
| 237|0x0000000722600000, 0x0000000722600000, 0x0000000722800000|  0%| F|  |TAMS 0x0000000722600000, 0x0000000722600000| Untracked 
| 238|0x0000000722800000, 0x0000000722800000, 0x0000000722a00000|  0%| F|  |TAMS 0x0000000722800000, 0x0000000722800000| Untracked 
| 239|0x0000000722a00000, 0x0000000722a00000, 0x0000000722c00000|  0%| F|  |TAMS 0x0000000722a00000, 0x0000000722a00000| Untracked 
| 240|0x0000000722c00000, 0x0000000722c00000, 0x0000000722e00000|  0%| F|  |TAMS 0x0000000722c00000, 0x0000000722c00000| Untracked 
| 241|0x0000000722e00000, 0x0000000722e00000, 0x0000000723000000|  0%| F|  |TAMS 0x0000000722e00000, 0x0000000722e00000| Untracked 
| 242|0x0000000723000000, 0x0000000723000000, 0x0000000723200000|  0%| F|  |TAMS 0x0000000723000000, 0x0000000723000000| Untracked 
| 243|0x0000000723200000, 0x0000000723200000, 0x0000000723400000|  0%| F|  |TAMS 0x0000000723200000, 0x0000000723200000| Untracked 
| 244|0x0000000723400000, 0x0000000723400000, 0x0000000723600000|  0%| F|  |TAMS 0x0000000723400000, 0x0000000723400000| Untracked 
| 245|0x0000000723600000, 0x0000000723600000, 0x0000000723800000|  0%| F|  |TAMS 0x0000000723600000, 0x0000000723600000| Untracked 
| 246|0x0000000723800000, 0x0000000723800000, 0x0000000723a00000|  0%| F|  |TAMS 0x0000000723800000, 0x0000000723800000| Untracked 
| 247|0x0000000723a00000, 0x0000000723a00000, 0x0000000723c00000|  0%| F|  |TAMS 0x0000000723a00000, 0x0000000723a00000| Untracked 
| 248|0x0000000723c00000, 0x0000000723c00000, 0x0000000723e00000|  0%| F|  |TAMS 0x0000000723c00000, 0x0000000723c00000| Untracked 
| 249|0x0000000723e00000, 0x0000000723e00000, 0x0000000724000000|  0%| F|  |TAMS 0x0000000723e00000, 0x0000000723e00000| Untracked 
| 250|0x0000000724000000, 0x0000000724000000, 0x0000000724200000|  0%| F|  |TAMS 0x0000000724000000, 0x0000000724000000| Untracked 
| 251|0x0000000724200000, 0x0000000724200000, 0x0000000724400000|  0%| F|  |TAMS 0x0000000724200000, 0x0000000724200000| Untracked 
| 252|0x0000000724400000, 0x0000000724400000, 0x0000000724600000|  0%| F|  |TAMS 0x0000000724400000, 0x0000000724400000| Untracked 
| 253|0x0000000724600000, 0x0000000724600000, 0x0000000724800000|  0%| F|  |TAMS 0x0000000724600000, 0x0000000724600000| Untracked 
| 254|0x0000000724800000, 0x0000000724800000, 0x0000000724a00000|  0%| F|  |TAMS 0x0000000724800000, 0x0000000724800000| Untracked 
| 255|0x0000000724a00000, 0x0000000724a00000, 0x0000000724c00000|  0%| F|  |TAMS 0x0000000724a00000, 0x0000000724a00000| Untracked 
| 256|0x0000000724c00000, 0x0000000724c00000, 0x0000000724e00000|  0%| F|  |TAMS 0x0000000724c00000, 0x0000000724c00000| Untracked 
| 257|0x0000000724e00000, 0x0000000724e00000, 0x0000000725000000|  0%| F|  |TAMS 0x0000000724e00000, 0x0000000724e00000| Untracked 
| 258|0x0000000725000000, 0x0000000725000000, 0x0000000725200000|  0%| F|  |TAMS 0x0000000725000000, 0x0000000725000000| Untracked 
| 259|0x0000000725200000, 0x0000000725200000, 0x0000000725400000|  0%| F|  |TAMS 0x0000000725200000, 0x0000000725200000| Untracked 
| 260|0x0000000725400000, 0x0000000725400000, 0x0000000725600000|  0%| F|  |TAMS 0x0000000725400000, 0x0000000725400000| Untracked 
| 261|0x0000000725600000, 0x0000000725600000, 0x0000000725800000|  0%| F|  |TAMS 0x0000000725600000, 0x0000000725600000| Untracked 
| 262|0x0000000725800000, 0x0000000725800000, 0x0000000725a00000|  0%| F|  |TAMS 0x0000000725800000, 0x0000000725800000| Untracked 
| 263|0x0000000725a00000, 0x0000000725a00000, 0x0000000725c00000|  0%| F|  |TAMS 0x0000000725a00000, 0x0000000725a00000| Untracked 
| 264|0x0000000725c00000, 0x0000000725c00000, 0x0000000725e00000|  0%| F|  |TAMS 0x0000000725c00000, 0x0000000725c00000| Untracked 
| 265|0x0000000725e00000, 0x0000000725e00000, 0x0000000726000000|  0%| F|  |TAMS 0x0000000725e00000, 0x0000000725e00000| Untracked 
| 266|0x0000000726000000, 0x0000000726000000, 0x0000000726200000|  0%| F|  |TAMS 0x0000000726000000, 0x0000000726000000| Untracked 
| 267|0x0000000726200000, 0x0000000726200000, 0x0000000726400000|  0%| F|  |TAMS 0x0000000726200000, 0x0000000726200000| Untracked 
| 268|0x0000000726400000, 0x0000000726400000, 0x0000000726600000|  0%| F|  |TAMS 0x0000000726400000, 0x0000000726400000| Untracked 
| 269|0x0000000726600000, 0x0000000726600000, 0x0000000726800000|  0%| F|  |TAMS 0x0000000726600000, 0x0000000726600000| Untracked 
| 270|0x0000000726800000, 0x0000000726800000, 0x0000000726a00000|  0%| F|  |TAMS 0x0000000726800000, 0x0000000726800000| Untracked 
| 271|0x0000000726a00000, 0x0000000726a00000, 0x0000000726c00000|  0%| F|  |TAMS 0x0000000726a00000, 0x0000000726a00000| Untracked 
| 272|0x0000000726c00000, 0x0000000726c00000, 0x0000000726e00000|  0%| F|  |TAMS 0x0000000726c00000, 0x0000000726c00000| Untracked 
| 273|0x0000000726e00000, 0x0000000726e00000, 0x0000000727000000|  0%| F|  |TAMS 0x0000000726e00000, 0x0000000726e00000| Untracked 
| 274|0x0000000727000000, 0x0000000727000000, 0x0000000727200000|  0%| F|  |TAMS 0x0000000727000000, 0x0000000727000000| Untracked 
| 275|0x0000000727200000, 0x0000000727200000, 0x0000000727400000|  0%| F|  |TAMS 0x0000000727200000, 0x0000000727200000| Untracked 
| 276|0x0000000727400000, 0x0000000727400000, 0x0000000727600000|  0%| F|  |TAMS 0x0000000727400000, 0x0000000727400000| Untracked 
| 277|0x0000000727600000, 0x0000000727600000, 0x0000000727800000|  0%| F|  |TAMS 0x0000000727600000, 0x0000000727600000| Untracked 
| 278|0x0000000727800000, 0x0000000727800000, 0x0000000727a00000|  0%| F|  |TAMS 0x0000000727800000, 0x0000000727800000| Untracked 
| 279|0x0000000727a00000, 0x0000000727a00000, 0x0000000727c00000|  0%| F|  |TAMS 0x0000000727a00000, 0x0000000727a00000| Untracked 
| 280|0x0000000727c00000, 0x0000000727c00000, 0x0000000727e00000|  0%| F|  |TAMS 0x0000000727c00000, 0x0000000727c00000| Untracked 
| 281|0x0000000727e00000, 0x0000000727e00000, 0x0000000728000000|  0%| F|  |TAMS 0x0000000727e00000, 0x0000000727e00000| Untracked 
| 282|0x0000000728000000, 0x0000000728000000, 0x0000000728200000|  0%| F|  |TAMS 0x0000000728000000, 0x0000000728000000| Untracked 
| 283|0x0000000728200000, 0x0000000728200000, 0x0000000728400000|  0%| F|  |TAMS 0x0000000728200000, 0x0000000728200000| Untracked 
| 284|0x0000000728400000, 0x0000000728400000, 0x0000000728600000|  0%| F|  |TAMS 0x0000000728400000, 0x0000000728400000| Untracked 
| 285|0x0000000728600000, 0x0000000728600000, 0x0000000728800000|  0%| F|  |TAMS 0x0000000728600000, 0x0000000728600000| Untracked 
| 286|0x0000000728800000, 0x0000000728800000, 0x0000000728a00000|  0%| F|  |TAMS 0x0000000728800000, 0x0000000728800000| Untracked 
| 287|0x0000000728a00000, 0x0000000728a00000, 0x0000000728c00000|  0%| F|  |TAMS 0x0000000728a00000, 0x0000000728a00000| Untracked 
| 288|0x0000000728c00000, 0x0000000728c00000, 0x0000000728e00000|  0%| F|  |TAMS 0x0000000728c00000, 0x0000000728c00000| Untracked 
| 289|0x0000000728e00000, 0x0000000729000000, 0x0000000729000000|100%| O|  |TAMS 0x0000000729000000, 0x0000000728e00000| Complete 
| 290|0x0000000729000000, 0x0000000729200000, 0x0000000729200000|100%| O|  |TAMS 0x0000000729200000, 0x0000000729000000| Complete 
| 291|0x0000000729200000, 0x0000000729200000, 0x0000000729400000|  0%| F|  |TAMS 0x0000000729200000, 0x0000000729200000| Untracked 
| 292|0x0000000729400000, 0x0000000729600000, 0x0000000729600000|100%| O|  |TAMS 0x0000000729600000, 0x0000000729400000| Untracked 
| 293|0x0000000729600000, 0x0000000729600000, 0x0000000729800000|  0%| F|  |TAMS 0x0000000729600000, 0x0000000729600000| Untracked 
| 294|0x0000000729800000, 0x0000000729800000, 0x0000000729a00000|  0%| F|  |TAMS 0x0000000729800000, 0x0000000729800000| Untracked 
| 295|0x0000000729a00000, 0x0000000729a00000, 0x0000000729c00000|  0%| F|  |TAMS 0x0000000729a00000, 0x0000000729a00000| Untracked 
| 296|0x0000000729c00000, 0x0000000729e00000, 0x0000000729e00000|100%| O|  |TAMS 0x0000000729e00000, 0x0000000729c00000| Untracked 
| 297|0x0000000729e00000, 0x0000000729e00000, 0x000000072a000000|  0%| F|  |TAMS 0x0000000729e00000, 0x0000000729e00000| Untracked 
| 298|0x000000072a000000, 0x000000072a000000, 0x000000072a200000|  0%| F|  |TAMS 0x000000072a000000, 0x000000072a000000| Untracked 
| 299|0x000000072a200000, 0x000000072a200000, 0x000000072a400000|  0%| F|  |TAMS 0x000000072a200000, 0x000000072a200000| Untracked 
| 300|0x000000072a400000, 0x000000072a400000, 0x000000072a600000|  0%| F|  |TAMS 0x000000072a400000, 0x000000072a400000| Untracked 
| 301|0x000000072a600000, 0x000000072a800000, 0x000000072a800000|100%| O|  |TAMS 0x000000072a800000, 0x000000072a600000| Complete 
|1250|0x00000007a1000000, 0x00000007a1000000, 0x00000007a1200000|  0%| F|  |TAMS 0x00000007a1000000, 0x00000007a1000000| Untracked 

Card table byte_map: [0x000001d8b0eb0000,0x000001d8b1690000] _byte_map_base: 0x000001d8ad68a000

Marking Bits (Prev, Next): (CMBitMap*) 0x000001d8a5304100, (CMBitMap*) 0x000001d8a53040c0
 Prev Bits: [0x000001d8b5d40000, 0x000001d8b9c10000)
 Next Bits: [0x000001d8b1e70000, 0x000001d8b5d40000)

Polling page: 0x000001d8a5330000

Metaspace:

Usage:
  Non-class:     78.88 MB used.
      Class:     13.67 MB used.
       Both:     92.54 MB used.

Virtual space:
  Non-class space:      128.00 MB reserved,      79.44 MB ( 62%) committed,  2 nodes.
      Class space:        1.00 GB reserved,      14.06 MB (  1%) committed,  1 nodes.
             Both:        1.12 GB reserved,      93.50 MB (  8%) committed. 

Chunk freelists:
   Non-Class:  15.75 MB
       Class:  1.93 MB
        Both:  17.68 MB

MaxMetaspaceSize: unlimited
CompressedClassSpaceSize: 1.00 GB
Initial GC threshold: 21.00 MB
Current GC threshold: 155.88 MB
CDS: on
MetaspaceReclaimPolicy: balanced
 - commit_granule_bytes: 65536.
 - commit_granule_words: 8192.
 - virtual_space_node_default_size: 8388608.
 - enlarge_chunks_in_place: 1.
 - new_chunks_are_fully_committed: 0.
 - uncommit_free_chunks: 1.
 - use_allocation_guard: 0.
 - handle_deallocations: 1.


Internal statistics:

num_allocs_failed_limit: 11.
num_arena_births: 1792.
num_arena_deaths: 500.
num_vsnodes_births: 3.
num_vsnodes_deaths: 0.
num_space_committed: 1496.
num_space_uncommitted: 0.
num_chunks_returned_to_freelist: 584.
num_chunks_taken_from_freelist: 5587.
num_chunk_merges: 199.
num_chunk_splits: 3707.
num_chunks_enlarged: 2663.
num_inconsistent_stats: 0.

CodeCache: size=49152Kb used=28699Kb max_used=28892Kb free=20453Kb
 bounds [0x000001d8acde0000, 0x000001d8aea60000, 0x000001d8afde0000]
 total_blobs=17689 nmethods=16920 adapters=694
 compilation: enabled
              stopped_count=0, restarted_count=0
 full_count=0

Compilation events (20 events):
Event: 6824.083 Thread 0x000001d8bc7590a0 17122       1       java.net.Inet4Address::numericToTextFormat (66 bytes)
Event: 6824.083 Thread 0x000001d8bc7590a0 nmethod 17122 0x000001d8aea40f10 code [0x000001d8aea41120, 0x000001d8aea41558]
Event: 6824.187 Thread 0x000001d8bc7590a0 17123       1       org.hibernate.query.sqm.function.SelfRenderingSqmFunction::getImpliedResultType (5 bytes)
Event: 6824.187 Thread 0x000001d8bc7590a0 nmethod 17123 0x000001d8aea40c10 code [0x000001d8aea40da0, 0x000001d8aea40e78]
Event: 6824.187 Thread 0x000001d8bc7590a0 17124       1       org.hibernate.query.sqm.function.SelfRenderingSqmFunction::getReturnTypeResolver (5 bytes)
Event: 6824.187 Thread 0x000001d8bc7590a0 nmethod 17124 0x000001d8aea40910 code [0x000001d8aea40aa0, 0x000001d8aea40b78]
Event: 6824.230 Thread 0x000001d8bc7590a0 17125   !   1       com.truyenchu.demo.security.JwtService::isTokenValid (48 bytes)
Event: 6824.232 Thread 0x000001d8bc7590a0 nmethod 17125 0x000001d8aea3fa90 code [0x000001d8aea3fd00, 0x000001d8aea40328]
Event: 6824.233 Thread 0x000001d8bc7590a0 17126       1       com.truyenchu.demo.security.JwtService::isTokenExpired (16 bytes)
Event: 6824.234 Thread 0x000001d8bc7590a0 nmethod 17126 0x000001d8aea3f390 code [0x000001d8aea3f560, 0x000001d8aea3f858]
Event: 6828.026 Thread 0x000001d8bc7590a0 17127       1       org.hibernate.sql.ast.spi.SimpleFromClauseAccessImpl::findTableGroupForGetOrCreate (71 bytes)
Event: 6828.027 Thread 0x000001d8bc7590a0 nmethod 17127 0x000001d8aea3ea90 code [0x000001d8aea3eca0, 0x000001d8aea3f108]
Event: 6828.145 Thread 0x000001d8bc7590a0 17128       1       org.hibernate.query.sqm.sql.BaseSqmToSqlAstConverter::isMappedByOrNotFoundToOne (44 bytes)
Event: 6828.145 Thread 0x000001d8bc7590a0 nmethod 17128 0x000001d8aea3e610 code [0x000001d8aea3e7a0, 0x000001d8aea3e998]
Event: 6828.145 Thread 0x000001d8bc7590a0 17129       1       org.hibernate.query.sqm.sql.internal.EntityValuedPathInterpretation::from (382 bytes)
Event: 6828.149 Thread 0x000001d8bc7590a0 nmethod 17129 0x000001d8aea3c110 code [0x000001d8aea3c4e0, 0x000001d8aea3d968]
Event: 6830.163 Thread 0x000001d8bc7590a0 17130       1       org.springframework.data.repository.query.ReturnedType$CacheKey::hashCode (33 bytes)
Event: 6830.164 Thread 0x000001d8bc7590a0 nmethod 17130 0x000001d8aea3bd90 code [0x000001d8aea3bf40, 0x000001d8aea3c078]
Event: 6830.269 Thread 0x000001d8bc7590a0 17131       1       org.hibernate.query.sqm.sql.internal.EntityValuedPathInterpretation::from (227 bytes)
Event: 6830.270 Thread 0x000001d8bc7590a0 nmethod 17131 0x000001d8aea3a890 code [0x000001d8aea3ab80, 0x000001d8aea3b6c8]

GC Heap History (20 events):
Event: 1633.210 GC heap after
{Heap after GC invocations=72 (full 0):
 garbage-first heap   total 2562048K, used 577536K [0x0000000704c00000, 0x0000000800000000)
  region size 2048K, 22 young (45056K), 22 survivors (45056K)
 Metaspace       used 94480K, committed 95360K, reserved 1179648K
  class space    used 13949K, committed 14336K, reserved 1048576K
}
Event: 1633.380 GC heap before
{Heap before GC invocations=73 (full 0):
 garbage-first heap   total 1544192K, used 540672K [0x0000000704c00000, 0x0000000800000000)
  region size 2048K, 97 young (198656K), 22 survivors (45056K)
 Metaspace       used 94480K, committed 95360K, reserved 1179648K
  class space    used 13949K, committed 14336K, reserved 1048576K
}
Event: 1633.410 GC heap after
{Heap after GC invocations=74 (full 0):
 garbage-first heap   total 1544192K, used 440320K [0x0000000704c00000, 0x0000000800000000)
  region size 2048K, 13 young (26624K), 13 survivors (26624K)
 Metaspace       used 94480K, committed 95360K, reserved 1179648K
  class space    used 13949K, committed 14336K, reserved 1048576K
}
Event: 1633.448 GC heap before
{Heap before GC invocations=74 (full 0):
 garbage-first heap   total 1544192K, used 487424K [0x0000000704c00000, 0x0000000800000000)
  region size 2048K, 37 young (75776K), 13 survivors (26624K)
 Metaspace       used 94480K, committed 95360K, reserved 1179648K
  class space    used 13949K, committed 14336K, reserved 1048576K
}
Event: 1633.457 GC heap after
{Heap after GC invocations=75 (full 0):
 garbage-first heap   total 1544192K, used 397312K [0x0000000704c00000, 0x0000000800000000)
  region size 2048K, 5 young (10240K), 5 survivors (10240K)
 Metaspace       used 94480K, committed 95360K, reserved 1179648K
  class space    used 13949K, committed 14336K, reserved 1048576K
}
Event: 1635.991 GC heap before
{Heap before GC invocations=75 (full 0):
 garbage-first heap   total 1544192K, used 899072K [0x0000000704c00000, 0x0000000800000000)
  region size 2048K, 250 young (512000K), 5 survivors (10240K)
 Metaspace       used 94481K, committed 95360K, reserved 1179648K
  class space    used 13949K, committed 14336K, reserved 1048576K
}
Event: 1636.042 GC heap after
{Heap after GC invocations=76 (full 0):
 garbage-first heap   total 1544192K, used 427059K [0x0000000704c00000, 0x0000000800000000)
  region size 2048K, 20 young (40960K), 20 survivors (40960K)
 Metaspace       used 94481K, committed 95360K, reserved 1179648K
  class space    used 13949K, committed 14336K, reserved 1048576K
}
Event: 5782.728 GC heap before
{Heap before GC invocations=77 (full 0):
 garbage-first heap   total 909312K, used 625715K [0x0000000704c00000, 0x0000000800000000)
  region size 2048K, 195 young (399360K), 20 survivors (40960K)
 Metaspace       used 94526K, committed 95360K, reserved 1179648K
  class space    used 13961K, committed 14336K, reserved 1048576K
}
Event: 5782.889 GC heap after
{Heap after GC invocations=78 (full 0):
 garbage-first heap   total 909312K, used 273530K [0x0000000704c00000, 0x0000000800000000)
  region size 2048K, 3 young (6144K), 3 survivors (6144K)
 Metaspace       used 94526K, committed 95360K, reserved 1179648K
  class space    used 13961K, committed 14336K, reserved 1048576K
}
Event: 5874.052 GC heap before
{Heap before GC invocations=78 (full 0):
 garbage-first heap   total 909312K, used 310394K [0x0000000704c00000, 0x0000000800000000)
  region size 2048K, 22 young (45056K), 3 survivors (6144K)
 Metaspace       used 94531K, committed 95360K, reserved 1179648K
  class space    used 13962K, committed 14336K, reserved 1048576K
}
Event: 5874.118 GC heap after
{Heap after GC invocations=79 (full 0):
 garbage-first heap   total 909312K, used 218041K [0x0000000704c00000, 0x0000000800000000)
  region size 2048K, 2 young (4096K), 2 survivors (4096K)
 Metaspace       used 94531K, committed 95360K, reserved 1179648K
  class space    used 13962K, committed 14336K, reserved 1048576K
}
Event: 6672.421 GC heap before
{Heap before GC invocations=79 (full 0):
 garbage-first heap   total 909312K, used 506809K [0x0000000704c00000, 0x0000000800000000)
  region size 2048K, 144 young (294912K), 2 survivors (4096K)
 Metaspace       used 94879K, committed 95744K, reserved 1179648K
  class space    used 14022K, committed 14400K, reserved 1048576K
}
Event: 6713.962 GC heap after
{Heap after GC invocations=80 (full 0):
 garbage-first heap   total 909312K, used 217367K [0x0000000704c00000, 0x0000000800000000)
  region size 2048K, 1 young (2048K), 1 survivors (2048K)
 Metaspace       used 94879K, committed 95744K, reserved 1179648K
  class space    used 14022K, committed 14400K, reserved 1048576K
}
Event: 6830.333 GC heap before
{Heap before GC invocations=81 (full 0):
 garbage-first heap   total 430080K, used 166167K [0x0000000704c00000, 0x0000000800000000)
  region size 2048K, 22 young (45056K), 1 survivors (2048K)
 Metaspace       used 94765K, committed 95744K, reserved 1179648K
  class space    used 13996K, committed 14400K, reserved 1048576K
}
Event: 6830.348 GC heap after
{Heap after GC invocations=82 (full 0):
 garbage-first heap   total 430080K, used 127324K [0x0000000704c00000, 0x0000000800000000)
  region size 2048K, 2 young (4096K), 2 survivors (4096K)
 Metaspace       used 94765K, committed 95744K, reserved 1179648K
  class space    used 13996K, committed 14400K, reserved 1048576K
}
Event: 6830.684 GC heap before
{Heap before GC invocations=82 (full 0):
 garbage-first heap   total 430080K, used 141660K [0x0000000704c00000, 0x0000000800000000)
  region size 2048K, 10 young (20480K), 2 survivors (4096K)
 Metaspace       used 94765K, committed 95744K, reserved 1179648K
  class space    used 13996K, committed 14400K, reserved 1048576K
}
Event: 6830.736 GC heap after
{Heap after GC invocations=83 (full 0):
 garbage-first heap   total 430080K, used 135089K [0x0000000704c00000, 0x0000000800000000)
  region size 2048K, 2 young (4096K), 2 survivors (4096K)
 Metaspace       used 94765K, committed 95744K, reserved 1179648K
  class space    used 13996K, committed 14400K, reserved 1048576K
}
Event: 6830.765 GC heap before
{Heap before GC invocations=83 (full 0):
 garbage-first heap   total 430080K, used 149425K [0x0000000704c00000, 0x0000000800000000)
  region size 2048K, 10 young (20480K), 2 survivors (4096K)
 Metaspace       used 94765K, committed 95744K, reserved 1179648K
  class space    used 13996K, committed 14400K, reserved 1048576K
}
Event: 6830.788 GC heap after
{Heap after GC invocations=84 (full 0):
 garbage-first heap   total 430080K, used 134282K [0x0000000704c00000, 0x0000000800000000)
  region size 2048K, 2 young (4096K), 2 survivors (4096K)
 Metaspace       used 94765K, committed 95744K, reserved 1179648K
  class space    used 13996K, committed 14400K, reserved 1048576K
}
Event: 6830.862 GC heap before
{Heap before GC invocations=84 (full 0):
 garbage-first heap   total 430080K, used 150666K [0x0000000704c00000, 0x0000000800000000)
  region size 2048K, 10 young (20480K), 2 survivors (4096K)
 Metaspace       used 94765K, committed 95744K, reserved 1179648K
  class space    used 13996K, committed 14400K, reserved 1048576K
}

Dll operation events (11 events):
Event: 0.030 Loaded shared library C:\Program Files\Eclipse Adoptium\jdk-17.0.14.7-hotspot\bin\java.dll
Event: 0.129 Loaded shared library C:\Program Files\Eclipse Adoptium\jdk-17.0.14.7-hotspot\bin\jsvml.dll
Event: 0.531 Loaded shared library C:\Program Files\Eclipse Adoptium\jdk-17.0.14.7-hotspot\bin\net.dll
Event: 0.540 Loaded shared library C:\Program Files\Eclipse Adoptium\jdk-17.0.14.7-hotspot\bin\nio.dll
Event: 0.545 Loaded shared library C:\Program Files\Eclipse Adoptium\jdk-17.0.14.7-hotspot\bin\zip.dll
Event: 0.926 Loaded shared library C:\Program Files\Eclipse Adoptium\jdk-17.0.14.7-hotspot\bin\jimage.dll
Event: 1.650 Loaded shared library C:\Program Files\Eclipse Adoptium\jdk-17.0.14.7-hotspot\bin\management.dll
Event: 1.671 Loaded shared library C:\Program Files\Eclipse Adoptium\jdk-17.0.14.7-hotspot\bin\management_ext.dll
Event: 3.340 Loaded shared library C:\Program Files\Eclipse Adoptium\jdk-17.0.14.7-hotspot\bin\sunmscapi.dll
Event: 6.520 Loaded shared library C:\Program Files\Eclipse Adoptium\jdk-17.0.14.7-hotspot\bin\verify.dll
Event: 6.866 Loaded shared library C:\Program Files\Eclipse Adoptium\jdk-17.0.14.7-hotspot\bin\extnet.dll

Deoptimization events (8 events):
Event: 5.472 Thread 0x000001d8fe5687c0 DEOPT PACKING pc=0x000001d8ad653fd4 sp=0x000000ace19fb510
Event: 5.472 Thread 0x000001d8fe5687c0 DEOPT UNPACKING pc=0x000001d8ace3ace3 sp=0x000000ace19faa98 mode 0
Event: 5.472 Thread 0x000001d8fe5687c0 DEOPT PACKING pc=0x000001d8ad5a286c sp=0x000000ace19fb6f0
Event: 5.472 Thread 0x000001d8fe5687c0 DEOPT UNPACKING pc=0x000001d8ace3ace3 sp=0x000000ace19fabb0 mode 0
Event: 6.978 Thread 0x000001d8fe5687c0 DEOPT PACKING pc=0x000001d8ad167989 sp=0x000000ace19f9300
Event: 6.978 Thread 0x000001d8fe5687c0 DEOPT UNPACKING pc=0x000001d8ace3ace3 sp=0x000000ace19f8790 mode 3
Event: 6.978 Thread 0x000001d8ff57b790 DEOPT PACKING pc=0x000001d8ad16399f sp=0x000000ace22ff150
Event: 6.979 Thread 0x000001d8ff57b790 DEOPT UNPACKING pc=0x000001d8ace3ace3 sp=0x000000ace22fe5a8 mode 3

Classes loaded (20 events):
Event: 1588.844 Loading class java/time/format/Parsed
Event: 1588.845 Loading class java/time/format/Parsed done
Event: 1588.846 Loading class java/time/DayOfWeek
Event: 1588.847 Loading class java/time/DayOfWeek done
Event: 1588.851 Loading class java/util/zip/CheckedInputStream
Event: 1588.851 Loading class java/util/zip/CheckedInputStream done
Event: 1588.873 Loading class java/io/SequenceInputStream
Event: 1588.874 Loading class java/io/SequenceInputStream done
Event: 1588.879 Loading class java/util/zip/GZIPInputStream$1
Event: 1588.880 Loading class java/util/zip/GZIPInputStream$1 done
Event: 1588.928 Loading class jdk/internal/reflect/UnsafeQualifiedObjectFieldAccessorImpl
Event: 1588.928 Loading class jdk/internal/reflect/UnsafeQualifiedFieldAccessorImpl
Event: 1588.929 Loading class jdk/internal/reflect/UnsafeQualifiedFieldAccessorImpl done
Event: 1588.929 Loading class jdk/internal/reflect/UnsafeQualifiedObjectFieldAccessorImpl done
Event: 1588.930 Loading class jdk/internal/reflect/UnsafeIntegerFieldAccessorImpl
Event: 1588.930 Loading class jdk/internal/reflect/UnsafeIntegerFieldAccessorImpl done
Event: 5880.194 Loading class java/util/stream/ReduceOps$7
Event: 5880.202 Loading class java/util/stream/ReduceOps$7 done
Event: 5880.202 Loading class java/util/stream/ReduceOps$6ReducingSink
Event: 5880.205 Loading class java/util/stream/ReduceOps$6ReducingSink done

Classes unloaded (20 events):
Event: 6719.701 Thread 0x000001d8bc72dc00 Unloading class 0x000001d8bea31000 'jdk/internal/reflect/GeneratedConstructorAccessor51'
Event: 6719.701 Thread 0x000001d8bc72dc00 Unloading class 0x000001d8be9ec800 'jdk/internal/reflect/GeneratedMethodAccessor31'
Event: 6719.702 Thread 0x000001d8bc72dc00 Unloading class 0x000001d8be119c00 'java/lang/invoke/LambdaForm$MH+0x000001d8be119c00'
Event: 6719.702 Thread 0x000001d8bc72dc00 Unloading class 0x000001d8be119800 'java/lang/invoke/LambdaForm$MH+0x000001d8be119800'
Event: 6719.702 Thread 0x000001d8bc72dc00 Unloading class 0x000001d8be119400 'java/lang/invoke/LambdaForm$MH+0x000001d8be119400'
Event: 6719.702 Thread 0x000001d8bc72dc00 Unloading class 0x000001d8be119000 'java/lang/invoke/LambdaForm$MH+0x000001d8be119000'
Event: 6719.702 Thread 0x000001d8bc72dc00 Unloading class 0x000001d8be118c00 'java/lang/invoke/LambdaForm$MH+0x000001d8be118c00'
Event: 6719.702 Thread 0x000001d8bc72dc00 Unloading class 0x000001d8be118800 'java/lang/invoke/LambdaForm$MH+0x000001d8be118800'
Event: 6719.702 Thread 0x000001d8bc72dc00 Unloading class 0x000001d8be118400 'java/lang/invoke/LambdaForm$MH+0x000001d8be118400'
Event: 6719.702 Thread 0x000001d8bc72dc00 Unloading class 0x000001d8be118000 'java/lang/invoke/LambdaForm$MH+0x000001d8be118000'
Event: 6719.702 Thread 0x000001d8bc72dc00 Unloading class 0x000001d8be089c00 'java/lang/invoke/LambdaForm$MH+0x000001d8be089c00'
Event: 6719.702 Thread 0x000001d8bc72dc00 Unloading class 0x000001d8be089800 'java/lang/invoke/LambdaForm$MH+0x000001d8be089800'
Event: 6719.702 Thread 0x000001d8bc72dc00 Unloading class 0x000001d8be089400 'java/lang/invoke/LambdaForm$MH+0x000001d8be089400'
Event: 6719.702 Thread 0x000001d8bc72dc00 Unloading class 0x000001d8be089000 'java/lang/invoke/LambdaForm$MH+0x000001d8be089000'
Event: 6719.702 Thread 0x000001d8bc72dc00 Unloading class 0x000001d8be088c00 'java/lang/invoke/LambdaForm$MH+0x000001d8be088c00'
Event: 6719.702 Thread 0x000001d8bc72dc00 Unloading class 0x000001d8be088800 'java/lang/invoke/LambdaForm$MH+0x000001d8be088800'
Event: 6719.702 Thread 0x000001d8bc72dc00 Unloading class 0x000001d8be018c00 'java/lang/invoke/LambdaForm$MH+0x000001d8be018c00'
Event: 6719.702 Thread 0x000001d8bc72dc00 Unloading class 0x000001d8be018800 'java/lang/invoke/LambdaForm$MH+0x000001d8be018800'
Event: 6719.702 Thread 0x000001d8bc72dc00 Unloading class 0x000001d8be018000 'java/lang/invoke/LambdaForm$MH+0x000001d8be018000'
Event: 6719.702 Thread 0x000001d8bc72dc00 Unloading class 0x000001d8be017c00 'java/lang/invoke/LambdaForm$MH+0x000001d8be017c00'

Classes redefined (0 events):
No events

Internal exceptions (20 events):
Event: 776.748 Thread 0x000001d8855e28e0 Exception <a 'sun/net/ConnectionResetException'{0x0000000781bcd340}: Connection reset> (0x0000000781bcd340) 
thrown [s\src\hotspot\share\prims\jni.cpp, line 535]
Event: 776.748 Thread 0x000001d8855e0570 Exception <a 'sun/net/ConnectionResetException'{0x0000000779e10380}: Connection reset> (0x0000000779e10380) 
thrown [s\src\hotspot\share\prims\jni.cpp, line 535]
Event: 776.748 Thread 0x000001d8855e0a80 Exception <a 'sun/net/ConnectionResetException'{0x0000000781abe7e0}: Connection reset> (0x0000000781abe7e0) 
thrown [s\src\hotspot\share\prims\jni.cpp, line 535]
Event: 1347.043 Thread 0x000001d8855e2df0 Exception <a 'java/io/IOException'{0x0000000777ffede0}> (0x0000000777ffede0) 
thrown [s\src\hotspot\share\prims\jni.cpp, line 516]
Event: 1347.082 Thread 0x000001d8855e2df0 Exception <a 'java/io/IOException'{0x0000000777cab8b8}> (0x0000000777cab8b8) 
thrown [s\src\hotspot\share\prims\jni.cpp, line 516]
Event: 1347.085 Thread 0x000001d8855e2df0 Exception <a 'java/io/IOException'{0x0000000777cadc18}> (0x0000000777cadc18) 
thrown [s\src\hotspot\share\prims\jni.cpp, line 516]
Event: 1587.796 Thread 0x000001d8855e28e0 Exception <a 'java/lang/NoSuchMethodError'{0x000000075a0f98f8}: 'java.lang.Object java.lang.invoke.DirectMethodHandle$Holder.invokeStaticInit(java.lang.Object, java.lang.Object, int)'> (0x000000075a0f98f8) 
thrown [s\src\hotspot\share\interpreter\linkResolver.cpp, line 759]
Event: 1588.070 Thread 0x000001d8855e28e0 Exception <a 'java/lang/NoSuchMethodError'{0x00000007598f89b0}: 'void java.lang.invoke.DirectMethodHandle$Holder.invokeStatic(java.lang.Object, java.lang.Object, java.lang.Object, java.lang.Object, java.lang.Object, java.lang.Object, java.lang.Object)'> (0x00000007598f89b0) 
thrown [s\src\hotspot\share\interpreter\linkResolver.cpp, line 759]
Event: 1685.103 Thread 0x000001d8855e0570 Exception <a 'sun/net/ConnectionResetException'{0x00000007398e8350}: Connection reset> (0x00000007398e8350) 
thrown [s\src\hotspot\share\prims\jni.cpp, line 535]
Event: 1685.103 Thread 0x000001d8855e0570 Exception <a 'java/io/IOException'{0x00000007398e8f50}: Connection reset by peer> (0x00000007398e8f50) 
thrown [s\src\hotspot\share\prims\jni.cpp, line 535]
Event: 6068.996 Thread 0x000001d8855e2df0 Exception <a 'sun/net/ConnectionResetException'{0x00000007371ffa58}: Connection reset> (0x00000007371ffa58) 
thrown [s\src\hotspot\share\prims\jni.cpp, line 535]
Event: 6068.998 Thread 0x000001d8855e2df0 Exception <a 'java/io/IOException'{0x000000073655f490}: Connection reset by peer> (0x000000073655f490) 
thrown [s\src\hotspot\share\prims\jni.cpp, line 535]
Event: 6344.681 Thread 0x000001d884723d80 Exception <a 'sun/net/ConnectionResetException'{0x00000007317e4388}: Connection reset> (0x00000007317e4388) 
thrown [s\src\hotspot\share\prims\jni.cpp, line 535]
Event: 6344.681 Thread 0x000001d8855e1ec0 Exception <a 'sun/net/ConnectionResetException'{0x0000000730e49308}: Connection reset> (0x0000000730e49308) 
thrown [s\src\hotspot\share\prims\jni.cpp, line 535]
Event: 6344.681 Thread 0x000001d8855e28e0 Exception <a 'sun/net/ConnectionResetException'{0x0000000730ebe6e8}: Connection reset> (0x0000000730ebe6e8) 
thrown [s\src\hotspot\share\prims\jni.cpp, line 535]
Event: 6344.681 Thread 0x000001d8855e2df0 Exception <a 'sun/net/ConnectionResetException'{0x0000000731133e88}: Connection reset> (0x0000000731133e88) 
thrown [s\src\hotspot\share\prims\jni.cpp, line 535]
Event: 6344.681 Thread 0x000001d8855e0570 Exception <a 'sun/net/ConnectionResetException'{0x0000000730ef02e8}: Connection reset> (0x0000000730ef02e8) 
thrown [s\src\hotspot\share\prims\jni.cpp, line 535]
Event: 6344.681 Thread 0x000001d8855e0f90 Exception <a 'sun/net/ConnectionResetException'{0x0000000730e82310}: Connection reset> (0x0000000730e82310) 
thrown [s\src\hotspot\share\prims\jni.cpp, line 535]
Event: 6344.681 Thread 0x000001d8847256d0 Exception <a 'sun/net/ConnectionResetException'{0x0000000730fde760}: Connection reset> (0x0000000730fde760) 
thrown [s\src\hotspot\share\prims\jni.cpp, line 535]
Event: 6344.682 Thread 0x000001d8855e28e0 Exception <a 'java/io/IOException'{0x0000000730ebf260}: Connection reset by peer> (0x0000000730ebf260) 
thrown [s\src\hotspot\share\prims\jni.cpp, line 535]

VM Operations (20 events):
Event: 6714.928 Executing VM operation: HandshakeAllThreads done
Event: 6719.694 Executing VM operation: G1PauseRemark
Event: 6720.187 Executing VM operation: G1PauseRemark done
Event: 6720.245 Executing VM operation: G1PauseCleanup
Event: 6720.849 Executing VM operation: G1PauseCleanup done
Event: 6739.950 Executing VM operation: Cleanup
Event: 6739.950 Executing VM operation: Cleanup done
Event: 6774.650 Executing VM operation: HandshakeAllThreads
Event: 6774.650 Executing VM operation: HandshakeAllThreads done
Event: 6818.936 Executing VM operation: Cleanup
Event: 6818.936 Executing VM operation: Cleanup done
Event: 6819.950 Executing VM operation: Cleanup
Event: 6819.950 Executing VM operation: Cleanup done
Event: 6830.333 Executing VM operation: G1CollectForAllocation
Event: 6830.348 Executing VM operation: G1CollectForAllocation done
Event: 6830.684 Executing VM operation: G1CollectForAllocation
Event: 6830.736 Executing VM operation: G1CollectForAllocation done
Event: 6830.765 Executing VM operation: G1CollectForAllocation
Event: 6830.788 Executing VM operation: G1CollectForAllocation done
Event: 6830.862 Executing VM operation: G1CollectForAllocation

Memory protections (0 events):
No events

Nmethod flushes (20 events):
Event: 543.883 Thread 0x000001d8bc75a610 flushing  nmethod 0x000001d8adafdb10
Event: 543.883 Thread 0x000001d8bc75a610 flushing  nmethod 0x000001d8adb03b90
Event: 543.883 Thread 0x000001d8bc75a610 flushing  nmethod 0x000001d8adb04010
Event: 543.883 Thread 0x000001d8bc75a610 flushing  nmethod 0x000001d8adb31510
Event: 543.883 Thread 0x000001d8bc75a610 flushing  nmethod 0x000001d8adb3a290
Event: 543.883 Thread 0x000001d8bc75a610 flushing  nmethod 0x000001d8adb69310
Event: 543.883 Thread 0x000001d8bc75a610 flushing  nmethod 0x000001d8adb75410
Event: 543.883 Thread 0x000001d8bc75a610 flushing  nmethod 0x000001d8adb86090
Event: 543.883 Thread 0x000001d8bc75a610 flushing  nmethod 0x000001d8adb88a90
Event: 543.883 Thread 0x000001d8bc75a610 flushing  nmethod 0x000001d8adb93910
Event: 543.883 Thread 0x000001d8bc75a610 flushing  nmethod 0x000001d8adb99190
Event: 543.884 Thread 0x000001d8bc75a610 flushing  nmethod 0x000001d8adc3e710
Event: 543.884 Thread 0x000001d8bc75a610 flushing  nmethod 0x000001d8adc4c110
Event: 543.884 Thread 0x000001d8bc75a610 flushing  nmethod 0x000001d8adc7fe10
Event: 543.884 Thread 0x000001d8bc75a610 flushing  nmethod 0x000001d8adc8ce10
Event: 543.884 Thread 0x000001d8bc75a610 flushing  nmethod 0x000001d8adcbdf10
Event: 543.884 Thread 0x000001d8bc75a610 flushing  nmethod 0x000001d8adcf4390
Event: 543.884 Thread 0x000001d8bc75a610 flushing  nmethod 0x000001d8adcf9c90
Event: 543.885 Thread 0x000001d8bc75a610 flushing  nmethod 0x000001d8addaf510
Event: 543.885 Thread 0x000001d8bc75a610 flushing  nmethod 0x000001d8addbe510

Events (20 events):
Event: 6744.104 Thread 0x000001d8857a5f80 Thread added: 0x000001d8855e4c50
Event: 6799.027 Thread 0x000001d88579ff50 Thread exited: 0x000001d88579ff50
Event: 6799.079 Thread 0x000001d8857a6eb0 Thread exited: 0x000001d8857a6eb0
Event: 6799.080 Thread 0x000001d8857a69a0 Thread exited: 0x000001d8857a69a0
Event: 6799.080 Thread 0x000001d8857a4120 Thread exited: 0x000001d8857a4120
Event: 6799.080 Thread 0x000001d8857a3c10 Thread exited: 0x000001d8857a3c10
Event: 6799.305 Thread 0x000001d8857a0460 Thread exited: 0x000001d8857a0460
Event: 6799.315 Thread 0x000001d8855e5b80 Thread exited: 0x000001d8855e5b80
Event: 6799.315 Thread 0x000001d8857a1db0 Thread exited: 0x000001d8857a1db0
Event: 6799.315 Thread 0x000001d8855e6fc0 Thread exited: 0x000001d8855e6fc0
Event: 6804.113 Thread 0x000001d8857a22c0 Thread exited: 0x000001d8857a22c0
Event: 6804.113 Thread 0x000001d8857a5f80 Thread exited: 0x000001d8857a5f80
Event: 6804.114 Thread 0x000001d8855e4c50 Thread exited: 0x000001d8855e4c50
Event: 6804.247 Thread 0x000001d8857a4630 Thread exited: 0x000001d8857a4630
Event: 6804.247 Thread 0x000001d8857a5a70 Thread exited: 0x000001d8857a5a70
Event: 6804.247 Thread 0x000001d8857a5560 Thread exited: 0x000001d8857a5560
Event: 6804.247 Thread 0x000001d8857a4b40 Thread exited: 0x000001d8857a4b40
Event: 6804.247 Thread 0x000001d8857a5050 Thread exited: 0x000001d8857a5050
Event: 6804.248 Thread 0x000001d8857a3700 Thread exited: 0x000001d8857a3700
Event: 6804.248 Thread 0x000001d8857a6490 Thread exited: 0x000001d8857a6490


Dynamic libraries:
0x00007ff79a430000 - 0x00007ff79a43e000 	C:\Program Files\Eclipse Adoptium\jdk-17.0.14.7-hotspot\bin\java.exe
0x00007ff8efa60000 - 0x00007ff8efcc5000 	C:\WINDOWS\SYSTEM32\ntdll.dll
0x00007ff8ee620000 - 0x00007ff8ee6e9000 	C:\WINDOWS\System32\KERNEL32.DLL
0x00007ff8ecc60000 - 0x00007ff8ed048000 	C:\WINDOWS\System32\KERNELBASE.dll
0x00007ff8e6b50000 - 0x00007ff8e6bee000 	C:\WINDOWS\SYSTEM32\apphelp.dll
0x00007ff8ed350000 - 0x00007ff8ed49b000 	C:\WINDOWS\System32\ucrtbase.dll
0x00007ff8c0da0000 - 0x00007ff8c0dbe000 	C:\Program Files\Eclipse Adoptium\jdk-17.0.14.7-hotspot\bin\VCRUNTIME140.dll
0x00007ff8c1800000 - 0x00007ff8c1817000 	C:\Program Files\Eclipse Adoptium\jdk-17.0.14.7-hotspot\bin\jli.dll
0x00007ff8cfa50000 - 0x00007ff8cfcea000 	C:\WINDOWS\WinSxS\amd64_microsoft.windows.common-controls_6595b64144ccf1df_6.0.26100.4202_none_3e0698d4e335f517\COMCTL32.dll
0x00007ff8edfa0000 - 0x00007ff8ee049000 	C:\WINDOWS\System32\msvcrt.dll
0x00007ff8eebf0000 - 0x00007ff8eec1b000 	C:\WINDOWS\System32\GDI32.dll
0x00007ff8ed1a0000 - 0x00007ff8ed1c7000 	C:\WINDOWS\System32\win32u.dll
0x00007ff8ed540000 - 0x00007ff8ed677000 	C:\WINDOWS\System32\gdi32full.dll
0x00007ff8ecbb0000 - 0x00007ff8ecc53000 	C:\WINDOWS\System32\msvcp_win.dll
0x00007ff8ef750000 - 0x00007ff8ef91a000 	C:\WINDOWS\System32\USER32.dll
0x00007ff8ef660000 - 0x00007ff8ef690000 	C:\WINDOWS\System32\IMM32.DLL
0x00007ff8c20c0000 - 0x00007ff8c20cc000 	C:\Program Files\Eclipse Adoptium\jdk-17.0.14.7-hotspot\bin\vcruntime140_1.dll
0x00007ff897970000 - 0x00007ff8979fd000 	C:\Program Files\Eclipse Adoptium\jdk-17.0.14.7-hotspot\bin\msvcp140.dll
0x00007ffff2bf0000 - 0x00007ffff385b000 	C:\Program Files\Eclipse Adoptium\jdk-17.0.14.7-hotspot\bin\server\jvm.dll
0x00007ff8ef4f0000 - 0x00007ff8ef5a3000 	C:\WINDOWS\System32\ADVAPI32.dll
0x00007ff8ef440000 - 0x00007ff8ef4e6000 	C:\WINDOWS\System32\sechost.dll
0x00007ff8ee050000 - 0x00007ff8ee165000 	C:\WINDOWS\System32\RPCRT4.dll
0x00007ff8edd70000 - 0x00007ff8edde4000 	C:\WINDOWS\System32\WS2_32.dll
0x00007ff8eb7a0000 - 0x00007ff8eb7fe000 	C:\WINDOWS\SYSTEM32\POWRPROF.dll
0x00007ff8df4f0000 - 0x00007ff8df525000 	C:\WINDOWS\SYSTEM32\WINMM.dll
0x00007ff8db270000 - 0x00007ff8db27b000 	C:\WINDOWS\SYSTEM32\VERSION.dll
0x00007ff8eb780000 - 0x00007ff8eb794000 	C:\WINDOWS\SYSTEM32\UMPDC.dll
0x00007ff8eba90000 - 0x00007ff8ebaab000 	C:\WINDOWS\SYSTEM32\kernel.appcore.dll
0x00007ff8c1880000 - 0x00007ff8c188a000 	C:\Program Files\Eclipse Adoptium\jdk-17.0.14.7-hotspot\bin\jimage.dll
0x00007ff8ea4c0000 - 0x00007ff8ea701000 	C:\WINDOWS\SYSTEM32\DBGHELP.DLL
0x00007ff8ee770000 - 0x00007ff8eeaf5000 	C:\WINDOWS\System32\combase.dll
0x00007ff8eeb00000 - 0x00007ff8eebe1000 	C:\WINDOWS\System32\OLEAUT32.dll
0x00007ff8d78c0000 - 0x00007ff8d78f9000 	C:\WINDOWS\SYSTEM32\dbgcore.DLL
0x00007ff8ed4a0000 - 0x00007ff8ed539000 	C:\WINDOWS\System32\bcryptPrimitives.dll
0x00007ff8b5870000 - 0x00007ff8b5895000 	C:\Program Files\Eclipse Adoptium\jdk-17.0.14.7-hotspot\bin\java.dll
0x00007ff855560000 - 0x00007ff855637000 	C:\Program Files\Eclipse Adoptium\jdk-17.0.14.7-hotspot\bin\jsvml.dll
0x00007ff8eecb0000 - 0x00007ff8ef3f2000 	C:\WINDOWS\System32\SHELL32.dll
0x00007ff8ed1d0000 - 0x00007ff8ed344000 	C:\WINDOWS\System32\wintypes.dll
0x00007ff8ea710000 - 0x00007ff8eaf68000 	C:\WINDOWS\SYSTEM32\windows.storage.dll
0x00007ff8ee3b0000 - 0x00007ff8ee4a1000 	C:\WINDOWS\System32\SHCORE.dll
0x00007ff8ef5f0000 - 0x00007ff8ef65a000 	C:\WINDOWS\System32\shlwapi.dll
0x00007ff8ecac0000 - 0x00007ff8ecaef000 	C:\WINDOWS\SYSTEM32\profapi.dll
0x00007ff8bfb50000 - 0x00007ff8bfb69000 	C:\Program Files\Eclipse Adoptium\jdk-17.0.14.7-hotspot\bin\net.dll
0x00007ff8e28d0000 - 0x00007ff8e29ee000 	C:\WINDOWS\SYSTEM32\WINHTTP.dll
0x00007ff8ec000000 - 0x00007ff8ec06a000 	C:\WINDOWS\system32\mswsock.dll
0x00007ff8bb5b0000 - 0x00007ff8bb5c6000 	C:\Program Files\Eclipse Adoptium\jdk-17.0.14.7-hotspot\bin\nio.dll
0x00007ff8bb310000 - 0x00007ff8bb328000 	C:\Program Files\Eclipse Adoptium\jdk-17.0.14.7-hotspot\bin\zip.dll
0x00007ff8c5090000 - 0x00007ff8c509a000 	C:\Program Files\Eclipse Adoptium\jdk-17.0.14.7-hotspot\bin\management.dll
0x00007ff8c5080000 - 0x00007ff8c508b000 	C:\Program Files\Eclipse Adoptium\jdk-17.0.14.7-hotspot\bin\management_ext.dll
0x00007ff8ef5e0000 - 0x00007ff8ef5e8000 	C:\WINDOWS\System32\PSAPI.DLL
0x00007ff8c0d90000 - 0x00007ff8c0d9e000 	C:\Program Files\Eclipse Adoptium\jdk-17.0.14.7-hotspot\bin\sunmscapi.dll
0x00007ff8ed680000 - 0x00007ff8ed7f7000 	C:\WINDOWS\System32\CRYPT32.dll
0x00007ff8ec4d0000 - 0x00007ff8ec500000 	C:\WINDOWS\SYSTEM32\ncrypt.dll
0x00007ff8ec480000 - 0x00007ff8ec4bf000 	C:\WINDOWS\SYSTEM32\NTASN1.dll
0x00007ff8ec2b0000 - 0x00007ff8ec2cb000 	C:\WINDOWS\SYSTEM32\CRYPTSP.dll
0x00007ff8eb9f0000 - 0x00007ff8eba2a000 	C:\WINDOWS\system32\rsaenh.dll
0x00007ff8ec0a0000 - 0x00007ff8ec0cb000 	C:\WINDOWS\SYSTEM32\USERENV.dll
0x00007ff8eca90000 - 0x00007ff8ecab6000 	C:\WINDOWS\SYSTEM32\bcrypt.dll
0x00007ff8ec2d0000 - 0x00007ff8ec2dc000 	C:\WINDOWS\SYSTEM32\CRYPTBASE.dll
0x00007ff8eb3e0000 - 0x00007ff8eb413000 	C:\WINDOWS\SYSTEM32\IPHLPAPI.DLL
0x00007ff8ef430000 - 0x00007ff8ef43a000 	C:\WINDOWS\System32\NSI.dll
0x00007ff8e3700000 - 0x00007ff8e371f000 	C:\WINDOWS\SYSTEM32\dhcpcsvc6.DLL
0x00007ff8e3680000 - 0x00007ff8e36a5000 	C:\WINDOWS\SYSTEM32\dhcpcsvc.DLL
0x00007ff8eb420000 - 0x00007ff8eb547000 	C:\WINDOWS\SYSTEM32\DNSAPI.dll
0x00007ff8c0dd0000 - 0x00007ff8c0de0000 	C:\Program Files\Eclipse Adoptium\jdk-17.0.14.7-hotspot\bin\verify.dll
0x00007ff8df3d0000 - 0x00007ff8df3db000 	C:\Windows\System32\rasadhlp.dll
0x00007ff8e3850000 - 0x00007ff8e38d6000 	C:\WINDOWS\System32\fwpuclnt.dll
0x00007ff8e3840000 - 0x00007ff8e3849000 	C:\Program Files\Eclipse Adoptium\jdk-17.0.14.7-hotspot\bin\extnet.dll
0x00007ff85a2f0000 - 0x00007ff85a2f8000 	C:\WINDOWS\system32\wshunix.dll

dbghelp: loaded successfully - version: 4.0.5 - missing functions: none
symbol engine: initialized successfully - sym options: 0x614 - pdb path: .;C:\Program Files\Eclipse Adoptium\jdk-17.0.14.7-hotspot\bin;C:\WINDOWS\SYSTEM32;C:\WINDOWS\WinSxS\amd64_microsoft.windows.common-controls_6595b64144ccf1df_6.0.26100.4202_none_3e0698d4e335f517;C:\Program Files\Eclipse Adoptium\jdk-17.0.14.7-hotspot\bin\server

VM Arguments:
jvm_args: -XX:TieredStopAtLevel=1 
java_command: com.truyenchu.demo.TruyenchuApplication
java_class_path (initial): C:\Users\Asus\Downloads\demo (2)\demo\target\classes;C:\Users\Asus\.m2\repository\ch\qos\logback\logback-classic\1.5.18\logback-classic-1.5.18.jar;C:\Users\Asus\.m2\repository\ch\qos\logback\logback-core\1.5.18\logback-core-1.5.18.jar;C:\Users\Asus\.m2\repository\org\apache\logging\log4j\log4j-to-slf4j\2.24.3\log4j-to-slf4j-2.24.3.jar;C:\Users\Asus\.m2\repository\org\apache\logging\log4j\log4j-api\2.24.3\log4j-api-2.24.3.jar;C:\Users\Asus\.m2\repository\org\slf4j\jul-to-slf4j\2.0.17\jul-to-slf4j-2.0.17.jar;C:\Users\Asus\.m2\repository\jakarta\annotation\jakarta.annotation-api\2.1.1\jakarta.annotation-api-2.1.1.jar;C:\Users\Asus\.m2\repository\org\yaml\snakeyaml\2.4\snakeyaml-2.4.jar;C:\Users\Asus\.m2\repository\com\zaxxer\HikariCP\6.3.0\HikariCP-6.3.0.jar;C:\Users\Asus\.m2\repository\org\springframework\spring-jdbc\6.2.7\spring-jdbc-6.2.7.jar;C:\Users\Asus\.m2\repository\org\hibernate\orm\hibernate-core\6.6.15.Final\hibernate-core-6.6.15.Final.jar;C:\Users\Asus\.m2\repository\jakarta\persistence\jakarta.persistence-api\3.1.0\jakarta.persistence-api-3.1.0.jar;C:\Users\Asus\.m2\repository\org\jboss\logging\jboss-logging\3.6.1.Final\jboss-logging-3.6.1.Final.jar;C:\Users\Asus\.m2\repository\org\hibernate\common\hibernate-commons-annotations\7.0.3.Final\hibernate-commons-annotations-7.0.3.Final.jar;C:\Users\Asus\.m2\repository\io\smallrye\jandex\3.2.0\jandex-3.2.0.jar;C:\Users\Asus\.m2\repository\com\fasterxml\classmate\1.7.0\classmate-1.7.0.jar;C:\Users\Asus\.m2\repository\net\bytebuddy\byte-buddy\1.17.5\byte-buddy-1.17.5.jar;C:\Users\Asus\.m2\repository\org\glassfish\jaxb\jaxb-runtime\4.0.5\jaxb-runtime-4.0.5.jar;C:\Users\Asus\.m2\repository\org\glassfish\jaxb\jaxb-core\4.0.5\jaxb-core-4.0.5.jar;C:\Users\Asus\.m2\repository\org\eclipse\angus\angus-activation\2.0.2\angus-activation-2.0.2.jar;C:\Users\Asus\.m2\repository\org\glassfish\jaxb\txw2\4.0.5\txw2-4.0.5.jar;C:\Users\Asus\.m2\repository\com\sun\istack\istack-commons-runtime\4.1.2\ista
Launcher Type: SUN_STANDARD

[Global flags]
     intx CICompilerCount                          = 4                                         {product} {ergonomic}
     uint ConcGCThreads                            = 2                                         {product} {ergonomic}
     uint G1ConcRefinementThreads                  = 8                                         {product} {ergonomic}
   size_t G1HeapRegionSize                         = 2097152                                   {product} {ergonomic}
    uintx GCDrainStackTargetSize                   = 64                                        {product} {ergonomic}
   size_t InitialHeapSize                          = 264241152                                 {product} {ergonomic}
   size_t MarkStackSize                            = 4194304                                   {product} {ergonomic}
   size_t MaxHeapSize                              = 4215275520                                {product} {ergonomic}
   size_t MaxNewSize                               = 2529165312                                {product} {ergonomic}
   size_t MinHeapDeltaBytes                        = 2097152                                   {product} {ergonomic}
   size_t MinHeapSize                              = 8388608                                   {product} {ergonomic}
    uintx NonProfiledCodeHeapSize                  = 0                                      {pd product} {ergonomic}
     bool ProfileInterpreter                       = false                                  {pd product} {command line}
    uintx ProfiledCodeHeapSize                     = 0                                      {pd product} {ergonomic}
   size_t SoftMaxHeapSize                          = 4215275520                             {manageable} {ergonomic}
     intx TieredStopAtLevel                        = 1                                         {product} {command line}
     bool UseCompressedClassPointers               = true                           {product lp64_product} {ergonomic}
     bool UseCompressedOops                        = true                           {product lp64_product} {ergonomic}
     bool UseG1GC                                  = true                                      {product} {ergonomic}
     bool UseLargePagesIndividualAllocation        = false                                  {pd product} {ergonomic}

Logging:
Log output configuration:
 #0: stdout all=warning uptime,level,tags
 #1: stderr all=off uptime,level,tags

Environment Variables:
PATH=C:\Program Files\PowerShell\7;C:\Program Files\Eclipse Adoptium\jdk-17.0.14.7-hotspot\bin;C:\Program Files\Common Files\Oracle\Java\javapath;C:\Program Files (x86)\Common Files\Intel\Shared Libraries\redist\intel64\compiler;C:\Windows\system32;C:\Windows;C:\Windows\System32\Wbem;C:\Windows\System32\WindowsPowerShell\v1.0\;C:\Windows\System32\OpenSSH\;C:\Program Files (x86)\NVIDIA Corporation\PhysX\Common;C:\Program Files\NVIDIA Corporation\NVIDIA NvDLISR;C:\TDM-GCC-64\bin;C:\WINDOWS\system32;C:\WINDOWS;C:\WINDOWS\System32\Wbem;C:\WINDOWS\System32\WindowsPowerShell\v1.0\;C:\WINDOWS\System32\OpenSSH\;C:\Program Files\Microsoft SQL Server\Client SDK\ODBC\170\Tools\Binn\;C:\Program Files (x86)\Microsoft SQL Server\150\Tools\Binn\;C:\Program Files\Microsoft SQL Server\150\Tools\Binn\;C:\Program Files\Microsoft SQL Server\150\DTS\Binn\;C:\Program Files (x86)\Microsoft SQL Server\150\DTS\Binn\;C:\Program Files\Azure Data Studio\bin;C:\Program Files\dotnet\;C:\Program Files\Git\cmd;C:\Program Files (x86)\Microsoft SQL Server\160\DTS\Binn\;C:\Program Files\PowerShell\7\;C:\Users\Asus\AppData\Local\nvm;C:\nvm4w\nodejs;C:\Program Files\Docker\Docker\resources\bin;C:\xampp\php;C:\ProgramData\ComposerSetup\bin;;c:\Users\Asus\AppData\Local\Programs\cursor\resources\app\bin;C:\Program Files\Calibre2\;C:\Program Files\MySQL\MySQL Shell 8.0\bin\;C:\Users\Asus\AppData\Local\Microsoft\WindowsApps;C:\Users\Asus\AppData\Roaming\npm;C:\Users\Asus\AppData\Local\GitHubDesktop\bin;C:\Users\Asus\AppData\Local\Programs\mongosh\;C:\Users\Asus\AppData\Local\Programs\Microsoft VS Code\bin;C:\Program Files\Apache\Maven\apache-maven-3.9.9\bin;C:\Users\Asus\AppData\Roaming\Composer\vendor\bin;C:\Users\Asus\AppData\Local\Programs\cursor\resources\app\bin;C:\Users\Asus\.dotnet\tools;C:\Users\Asus\.bun\bin
USERNAME=Asus
LANG=en_US.UTF-8
OS=Windows_NT
PROCESSOR_IDENTIFIER=Intel64 Family 6 Model 140 Stepping 1, GenuineIntel
TMP=C:\Users\Asus\AppData\Local\Temp
TEMP=C:\Users\Asus\AppData\Local\Temp



Periodic native trim disabled


---------------  S Y S T E M  ---------------

OS:
 Windows 11 , 64 bit Build 26100 (10.0.26100.4202)
OS uptime: 2 days 3:03 hours
Hyper-V role detected

CPU: total 8 (initial active 8) (4 cores per cpu, 2 threads per core) family 6 model 140 stepping 1 microcode 0xa4, cx8, cmov, fxsr, ht, mmx, 3dnowpref, sse, sse2, sse3, ssse3, sse4.1, sse4.2, popcnt, lzcnt, tsc, tscinvbit, avx, avx2, aes, erms, clmul, bmi1, bmi2, adx, avx512f, avx512dq, avx512cd, avx512bw, avx512vl, sha, fma, vzeroupper, avx512_vpopcntdq, avx512_vpclmulqdq, avx512_vaes, avx512_vnni, clflush, clflushopt, clwb, avx512_vbmi2, avx512_vbmi, hv
Processor Information for all 8 processors :
  Max Mhz: 3302, Current Mhz: 3302, Mhz Limit: 3302

Memory: 4k page, system-wide physical 16075M (765M free)
TotalPageFile size 65227M (AvailPageFile size 904M)
current process WorkingSet (physical memory assigned to process): 329M, peak: 1709M
current process commit charge ("private bytes"): 888M, peak: 2853M

vm_info: OpenJDK 64-Bit Server VM (17.0.14+7) for windows-amd64 JRE (17.0.14+7), built on Jan 21 2025 23:40:15 by "admin" with MS VC++ 17.7 (VS2022)

END.
