#
# There is insufficient memory for the Java Runtime Environment to continue.
# Native memory allocation (mmap) failed to map 553648128 bytes. Error detail: G1 virtual space
# Possible reasons:
#   The system is out of physical RAM or swap space
#   This process is running with CompressedOops enabled, and the Java Heap may be blocking the growth of the native heap
# Possible solutions:
#   Reduce memory load on the system
#   Increase physical memory or swap space
#   Check if swap backing store is full
#   Decrease Java heap size (-Xmx/-Xms)
#   Decrease number of Java threads
#   Decrease Java thread stack sizes (-Xss)
#   Set larger code cache with -XX:ReservedCodeCacheSize=
#   JVM is running with Zero Based Compressed Oops mode in which the Java heap is
#     placed in the first 32GB address space. The Java Heap base address is the
#     maximum limit for the native heap growth. Please use -XX:HeapBaseMinAddress
#     to set the Java Heap base and to place the Java Heap above 32GB virtual address.
# This output file may be truncated or incomplete.
#
#  Out of Memory Error (os_windows.cpp:3618), pid=3752, tid=19724
#
# JRE version: OpenJDK Runtime Environment Temurin-17.0.14+7 (17.0.14+7) (build 17.0.14+7)
# Java VM: OpenJDK 64-Bit Server VM Temurin-17.0.14+7 (17.0.14+7, mixed mode, emulated-client, sharing, tiered, compressed oops, compressed class ptrs, g1 gc, windows-amd64)
# No core dump will be written. Minidumps are not enabled by default on client versions of Windows
#

---------------  S U M M A R Y ------------

Command Line: -XX:TieredStopAtLevel=1 com.truyenchu.demo.TruyenchuApplication

Host: 11th Gen Intel(R) Core(TM) i7-11370H @ 3.30GHz, 8 cores, 15G,  Windows 11 , 64 bit Build 26100 (10.0.26100.4202)
Time: Sun Jun 29 08:56:43 2025 SE Asia Standard Time elapsed time: 12.774751 seconds (0d 0h 0m 12s)

---------------  T H R E A D  ---------------

Current thread (0x000001d45c950400):  VMThread "VM Thread" [stack: 0x000000a52cd00000,0x000000a52ce00000] [id=19724]

Stack: [0x000000a52cd00000,0x000000a52ce00000]
Native frames: (J=compiled Java code, j=interpreted, Vv=VM code, C=native code)
V  [jvm.dll+0x682eb9]
V  [jvm.dll+0x8399c8]
V  [jvm.dll+0x83b473]
V  [jvm.dll+0x83bae3]
V  [jvm.dll+0x24715f]
V  [jvm.dll+0x67fc99]
V  [jvm.dll+0x674b8a]
V  [jvm.dll+0x304c06]
V  [jvm.dll+0x30c0c6]
V  [jvm.dll+0x35dc3e]
V  [jvm.dll+0x35de7d]
V  [jvm.dll+0x2dbfcc]
V  [jvm.dll+0x2da36f]
V  [jvm.dll+0x2d9adc]
V  [jvm.dll+0x31d2bb]
V  [jvm.dll+0x84031d]
V  [jvm.dll+0x841053]
V  [jvm.dll+0x84157f]
V  [jvm.dll+0x841964]
V  [jvm.dll+0x841a2e]
V  [jvm.dll+0x7e948c]
V  [jvm.dll+0x681d97]
C  [ucrtbase.dll+0x37b0]
C  [KERNEL32.DLL+0x2e8d7]
C  [ntdll.dll+0x3c34c]

VM_Operation (0x000000a52e0f6710): G1CollectForAllocation, mode: safepoint, requested by thread 0x000001d45cac49b0


---------------  P R O C E S S  ---------------

Threads class SMR info:
_java_thread_list=0x000001d46371f9d0, length=22, elements={
0x000001d4454c0740, 0x000001d45c9548a0, 0x000001d45c955fd0, 0x000001d45c972630,
0x000001d45c972ff0, 0x000001d45c974520, 0x000001d45c9785d0, 0x000001d45c979bb0,
0x000001d45c981a40, 0x000001d45ca887e0, 0x000001d45cac2640, 0x000001d45cac1c20,
0x000001d45cac2b50, 0x000001d45cac49b0, 0x000001d4616dcfd0, 0x000001d46171d100,
0x000001d45cac44a0, 0x000001d45cac3570, 0x000001d45cac2130, 0x000001d45cac3f90,
0x000001d4638573d0, 0x000001d463858810
}

Java Threads: ( => current thread )
  0x000001d4454c0740 JavaThread "main" [_thread_blocked, id=21112, stack(0x000000a52c700000,0x000000a52c800000)]
  0x000001d45c9548a0 JavaThread "Reference Handler" daemon [_thread_blocked, id=15804, stack(0x000000a52ce00000,0x000000a52cf00000)]
  0x000001d45c955fd0 JavaThread "Finalizer" daemon [_thread_blocked, id=23684, stack(0x000000a52cf00000,0x000000a52d000000)]
  0x000001d45c972630 JavaThread "Signal Dispatcher" daemon [_thread_blocked, id=10356, stack(0x000000a52d000000,0x000000a52d100000)]
  0x000001d45c972ff0 JavaThread "Attach Listener" daemon [_thread_blocked, id=10260, stack(0x000000a52d100000,0x000000a52d200000)]
  0x000001d45c974520 JavaThread "Service Thread" daemon [_thread_blocked, id=13396, stack(0x000000a52d200000,0x000000a52d300000)]
  0x000001d45c9785d0 JavaThread "Monitor Deflation Thread" daemon [_thread_blocked, id=19068, stack(0x000000a52d300000,0x000000a52d400000)]
  0x000001d45c979bb0 JavaThread "C1 CompilerThread0" daemon [_thread_blocked, id=15612, stack(0x000000a52d400000,0x000000a52d500000)]
  0x000001d45c981a40 JavaThread "Sweeper thread" daemon [_thread_blocked, id=14224, stack(0x000000a52d500000,0x000000a52d600000)]
  0x000001d45ca887e0 JavaThread "C1 CompilerThread1" daemon [_thread_blocked, id=13740, stack(0x000000a52d600000,0x000000a52d700000)]
  0x000001d45cac2640 JavaThread "Notification Thread" daemon [_thread_blocked, id=20192, stack(0x000000a52d700000,0x000000a52d800000)]
  0x000001d45cac1c20 JavaThread "Common-Cleaner" daemon [_thread_blocked, id=13924, stack(0x000000a52d900000,0x000000a52da00000)]
  0x000001d45cac2b50 JavaThread "Thread-0" [_thread_blocked, id=20752, stack(0x000000a52df00000,0x000000a52e000000)]
  0x000001d45cac49b0 JavaThread "restartedMain" [_thread_blocked, id=36404, stack(0x000000a52e000000,0x000000a52e100000)]
  0x000001d4616dcfd0 JavaThread "C1 CompilerThread2" daemon [_thread_blocked, id=20620, stack(0x000000a52e100000,0x000000a52e200000)]
  0x000001d46171d100 JavaThread "C1 CompilerThread3" daemon [_thread_blocked, id=20684, stack(0x000000a52e200000,0x000000a52e300000)]
  0x000001d45cac44a0 JavaThread "mysql-cj-abandoned-connection-cleanup" daemon [_thread_blocked, id=35972, stack(0x000000a52e600000,0x000000a52e700000)]
  0x000001d45cac3570 JavaThread "HikariPool-1:housekeeper" daemon [_thread_blocked, id=9624, stack(0x000000a52e800000,0x000000a52e900000)]
  0x000001d45cac2130 JavaThread "HikariPool-1:connection-adder" daemon [_thread_blocked, id=15460, stack(0x000000a52e900000,0x000000a52ea00000)]
  0x000001d45cac3f90 JavaThread "Catalina-utility-1" [_thread_blocked, id=20200, stack(0x000000a52ea00000,0x000000a52eb00000)]
  0x000001d4638573d0 JavaThread "Catalina-utility-2" [_thread_blocked, id=29040, stack(0x000000a52eb00000,0x000000a52ec00000)]
  0x000001d463858810 JavaThread "container-0" [_thread_blocked, id=31072, stack(0x000000a52ec00000,0x000000a52ed00000)]

Other Threads:
=>0x000001d45c950400 VMThread "VM Thread" [stack: 0x000000a52cd00000,0x000000a52ce00000] [id=19724]
  0x000001d45cacdbf0 WatcherThread [stack: 0x000000a52d800000,0x000000a52d900000] [id=6592]
  0x000001d445533ea0 GCTaskThread "GC Thread#0" [stack: 0x000000a52c800000,0x000000a52c900000] [id=15608]
  0x000001d4615a7770 GCTaskThread "GC Thread#1" [stack: 0x000000a52da00000,0x000000a52db00000] [id=15592]
  0x000001d4615a7a30 GCTaskThread "GC Thread#2" [stack: 0x000000a52db00000,0x000000a52dc00000] [id=14088]
  0x000001d4615a7cf0 GCTaskThread "GC Thread#3" [stack: 0x000000a52dc00000,0x000000a52dd00000] [id=22232]
  0x000001d4615a7fb0 GCTaskThread "GC Thread#4" [stack: 0x000000a52dd00000,0x000000a52de00000] [id=20740]
  0x000001d4615a8270 GCTaskThread "GC Thread#5" [stack: 0x000000a52de00000,0x000000a52df00000] [id=12400]
  0x000001d46173a580 GCTaskThread "GC Thread#6" [stack: 0x000000a52e400000,0x000000a52e500000] [id=1460]
  0x000001d46173a840 GCTaskThread "GC Thread#7" [stack: 0x000000a52e500000,0x000000a52e600000] [id=10572]
  0x000001d445544930 ConcurrentGCThread "G1 Main Marker" [stack: 0x000000a52c900000,0x000000a52ca00000] [id=21012]
  0x000001d445545350 ConcurrentGCThread "G1 Conc#0" [stack: 0x000000a52ca00000,0x000000a52cb00000] [id=18540]
  0x000001d461f5bb00 ConcurrentGCThread "G1 Conc#1" [stack: 0x000000a52e300000,0x000000a52e400000] [id=36788]
  0x000001d45c5e09b0 ConcurrentGCThread "G1 Refine#0" [stack: 0x000000a52cb00000,0x000000a52cc00000] [id=20452]
  0x000001d463a0ea80 ConcurrentGCThread "G1 Refine#1" [stack: 0x000000a52ed00000,0x000000a52ee00000] [id=8352]
  0x000001d463a0f1b0 ConcurrentGCThread "G1 Refine#2" [stack: 0x000000a52ee00000,0x000000a52ef00000] [id=38588]
  0x000001d463a2abe0 ConcurrentGCThread "G1 Refine#3" [stack: 0x000000a52ef00000,0x000000a52f000000] [id=9944]
  0x000001d4638dd5b0 ConcurrentGCThread "G1 Refine#4" [stack: 0x000000a52f000000,0x000000a52f100000] [id=964]
  0x000001d4639a78a0 ConcurrentGCThread "G1 Refine#5" [stack: 0x000000a52f100000,0x000000a52f200000] [id=38104]
  0x000001d463a74f20 ConcurrentGCThread "G1 Refine#6" [stack: 0x000000a52f200000,0x000000a52f300000] [id=20224]
  0x000001d45c5e1190 ConcurrentGCThread "G1 Service" [stack: 0x000000a52cc00000,0x000000a52cd00000] [id=15384]

Threads with active compile tasks:

VM state: at safepoint (normal execution)

VM Mutex/Monitor currently owned by a thread:  ([mutex/lock_event])
[0x000001d443c21840] Threads_lock - owner thread: 0x000001d45c950400
[0x000001d4454bf350] Heap_lock - owner thread: 0x000001d45cac49b0

Heap address: 0x0000000704c00000, size: 4020 MB, Compressed Oops mode: Zero based, Oop shift amount: 3

CDS archive(s) mapped at: [0x000001d400000000-0x000001d400bb0000-0x000001d400bb0000), size 12255232, SharedBaseAddress: 0x000001d400000000, ArchiveRelocationMode: 1.
Compressed class space mapped at: 0x000001d401000000-0x000001d441000000, reserved size: 1073741824
Narrow klass base: 0x000001d400000000, Narrow klass shift: 0, Narrow klass range: 0x100000000

GC Precious Log:
 CPUs: 8 total, 8 available
 Memory: 16075M
 Large Page Support: Disabled
 NUMA Support: Disabled
 Compressed Oops: Enabled (Zero based)
 Heap Region Size: 2M
 Heap Min Capacity: 8M
 Heap Initial Capacity: 252M
 Heap Max Capacity: 4020M
 Pre-touch: Disabled
 Parallel Workers: 8
 Concurrent Workers: 2
 Concurrent Refinement Workers: 8
 Periodic GC: Disabled

Heap:
 garbage-first heap   total 270336K, used 113848K [0x0000000704c00000, 0x0000000800000000)
  region size 2048K, 1 young (2048K), 1 survivors (2048K)
 Metaspace       used 66904K, committed 67456K, reserved 1114112K
  class space    used 10071K, committed 10304K, reserved 1048576K

Heap Regions: E=young(eden), S=young(survivor), O=old, HS=humongous(starts), HC=humongous(continues), CS=collection set, F=free, OA=open archive, CA=closed archive, TAMS=top-at-mark-start (previous, next)
|   0|0x0000000704c00000, 0x0000000704e00000, 0x0000000704e00000|100%| O|  |TAMS 0x0000000704e00000, 0x0000000704c00000| Untracked 
|   1|0x0000000704e00000, 0x0000000705000000, 0x0000000705000000|100%| O|  |TAMS 0x0000000705000000, 0x0000000704e00000| Untracked 
|   2|0x0000000705000000, 0x0000000705200000, 0x0000000705200000|100%| O|  |TAMS 0x0000000705200000, 0x0000000705000000| Untracked 
|   3|0x0000000705200000, 0x0000000705400000, 0x0000000705400000|100%| O|  |TAMS 0x0000000705400000, 0x0000000705200000| Untracked 
|   4|0x0000000705400000, 0x0000000705600000, 0x0000000705600000|100%| O|  |TAMS 0x0000000705600000, 0x0000000705400000| Untracked 
|   5|0x0000000705600000, 0x0000000705800000, 0x0000000705800000|100%| O|  |TAMS 0x0000000705800000, 0x0000000705600000| Untracked 
|   6|0x0000000705800000, 0x0000000705a00000, 0x0000000705a00000|100%| O|  |TAMS 0x0000000705a00000, 0x0000000705800000| Untracked 
|   7|0x0000000705a00000, 0x0000000705c00000, 0x0000000705c00000|100%| O|  |TAMS 0x0000000705c00000, 0x0000000705a00000| Untracked 
|   8|0x0000000705c00000, 0x0000000705e00000, 0x0000000705e00000|100%| O|  |TAMS 0x0000000705e00000, 0x0000000705c00000| Untracked 
|   9|0x0000000705e00000, 0x0000000706000000, 0x0000000706000000|100%| O|  |TAMS 0x0000000706000000, 0x0000000705e00000| Untracked 
|  10|0x0000000706000000, 0x0000000706200000, 0x0000000706200000|100%| O|  |TAMS 0x0000000706200000, 0x0000000706000000| Untracked 
|  11|0x0000000706200000, 0x0000000706400000, 0x0000000706400000|100%| O|  |TAMS 0x0000000706400000, 0x0000000706200000| Untracked 
|  12|0x0000000706400000, 0x0000000706600000, 0x0000000706600000|100%| O|  |TAMS 0x0000000706600000, 0x0000000706400000| Untracked 
|  13|0x0000000706600000, 0x0000000706800000, 0x0000000706800000|100%| O|  |TAMS 0x0000000706800000, 0x0000000706600000| Untracked 
|  14|0x0000000706800000, 0x0000000706a00000, 0x0000000706a00000|100%| O|  |TAMS 0x0000000706a00000, 0x0000000706800000| Untracked 
|  15|0x0000000706a00000, 0x0000000706c00000, 0x0000000706c00000|100%| O|  |TAMS 0x0000000706c00000, 0x0000000706a00000| Untracked 
|  16|0x0000000706c00000, 0x0000000706e00000, 0x0000000706e00000|100%| O|  |TAMS 0x0000000706e00000, 0x0000000706c00000| Untracked 
|  17|0x0000000706e00000, 0x0000000707000000, 0x0000000707000000|100%| O|  |TAMS 0x0000000707000000, 0x0000000706e00000| Untracked 
|  18|0x0000000707000000, 0x0000000707200000, 0x0000000707200000|100%| O|  |TAMS 0x0000000707200000, 0x0000000707000000| Untracked 
|  19|0x0000000707200000, 0x0000000707400000, 0x0000000707400000|100%| O|  |TAMS 0x0000000707400000, 0x0000000707200000| Untracked 
|  20|0x0000000707400000, 0x0000000707600000, 0x0000000707600000|100%| O|  |TAMS 0x0000000707400000, 0x0000000707400000| Untracked 
|  21|0x0000000707600000, 0x0000000707800000, 0x0000000707800000|100%| O|  |TAMS 0x0000000707600000, 0x0000000707600000| Untracked 
|  22|0x0000000707800000, 0x0000000707a00000, 0x0000000707a00000|100%| O|  |TAMS 0x0000000707800000, 0x0000000707800000| Untracked 
|  23|0x0000000707a00000, 0x0000000707c00000, 0x0000000707c00000|100%| O|  |TAMS 0x0000000707a00000, 0x0000000707a00000| Untracked 
|  24|0x0000000707c00000, 0x0000000707e00000, 0x0000000707e00000|100%| O|  |TAMS 0x0000000707c00000, 0x0000000707c00000| Untracked 
|  25|0x0000000707e00000, 0x0000000708000000, 0x0000000708000000|100%| O|  |TAMS 0x0000000707e00000, 0x0000000707e00000| Untracked 
|  26|0x0000000708000000, 0x0000000708200000, 0x0000000708200000|100%| O|  |TAMS 0x0000000708000000, 0x0000000708000000| Untracked 
|  27|0x0000000708200000, 0x0000000708400000, 0x0000000708400000|100%| O|  |TAMS 0x0000000708200000, 0x0000000708200000| Untracked 
|  28|0x0000000708400000, 0x000000070852e200, 0x0000000708600000| 59%| O|  |TAMS 0x0000000708400000, 0x0000000708400000| Untracked 
|  29|0x0000000708600000, 0x0000000708800000, 0x0000000708800000|100%| O|  |TAMS 0x0000000708800000, 0x0000000708600000| Untracked 
|  30|0x0000000708800000, 0x0000000708800000, 0x0000000708a00000|  0%| F|  |TAMS 0x0000000708800000, 0x0000000708800000| Untracked 
|  31|0x0000000708a00000, 0x0000000708a00000, 0x0000000708c00000|  0%| F|  |TAMS 0x0000000708a00000, 0x0000000708a00000| Untracked 
|  32|0x0000000708c00000, 0x0000000708c00000, 0x0000000708e00000|  0%| F|  |TAMS 0x0000000708c00000, 0x0000000708c00000| Untracked 
|  33|0x0000000708e00000, 0x0000000708e00000, 0x0000000709000000|  0%| F|  |TAMS 0x0000000708e00000, 0x0000000708e00000| Untracked 
|  34|0x0000000709000000, 0x0000000709000000, 0x0000000709200000|  0%| F|  |TAMS 0x0000000709000000, 0x0000000709000000| Untracked 
|  35|0x0000000709200000, 0x0000000709200000, 0x0000000709400000|  0%| F|  |TAMS 0x0000000709200000, 0x0000000709200000| Untracked 
|  36|0x0000000709400000, 0x0000000709400000, 0x0000000709600000|  0%| F|  |TAMS 0x0000000709400000, 0x0000000709400000| Untracked 
|  37|0x0000000709600000, 0x0000000709600000, 0x0000000709800000|  0%| F|  |TAMS 0x0000000709600000, 0x0000000709600000| Untracked 
|  38|0x0000000709800000, 0x0000000709800000, 0x0000000709a00000|  0%| F|  |TAMS 0x0000000709800000, 0x0000000709800000| Untracked 
|  39|0x0000000709a00000, 0x0000000709a00000, 0x0000000709c00000|  0%| F|  |TAMS 0x0000000709a00000, 0x0000000709a00000| Untracked 
|  40|0x0000000709c00000, 0x0000000709e00000, 0x0000000709e00000|100%| O|  |TAMS 0x0000000709e00000, 0x0000000709c00000| Untracked 
|  41|0x0000000709e00000, 0x0000000709e00000, 0x000000070a000000|  0%| F|  |TAMS 0x0000000709e00000, 0x0000000709e00000| Untracked 
|  42|0x000000070a000000, 0x000000070a000000, 0x000000070a200000|  0%| F|  |TAMS 0x000000070a000000, 0x000000070a000000| Untracked 
|  43|0x000000070a200000, 0x000000070a200000, 0x000000070a400000|  0%| F|  |TAMS 0x000000070a200000, 0x000000070a200000| Untracked 
|  44|0x000000070a400000, 0x000000070a400000, 0x000000070a600000|  0%| F|  |TAMS 0x000000070a400000, 0x000000070a400000| Untracked 
|  45|0x000000070a600000, 0x000000070a600000, 0x000000070a800000|  0%| F|  |TAMS 0x000000070a600000, 0x000000070a600000| Untracked 
|  46|0x000000070a800000, 0x000000070a800000, 0x000000070aa00000|  0%| F|  |TAMS 0x000000070a800000, 0x000000070a800000| Untracked 
|  47|0x000000070aa00000, 0x000000070aa00000, 0x000000070ac00000|  0%| F|  |TAMS 0x000000070aa00000, 0x000000070aa00000| Untracked 
|  48|0x000000070ac00000, 0x000000070ae00000, 0x000000070ae00000|100%| O|  |TAMS 0x000000070ae00000, 0x000000070ac00000| Untracked 
|  49|0x000000070ae00000, 0x000000070b000000, 0x000000070b000000|100%| O|  |TAMS 0x000000070b000000, 0x000000070ae00000| Untracked 
|  50|0x000000070b000000, 0x000000070b200000, 0x000000070b200000|100%| O|  |TAMS 0x000000070b200000, 0x000000070b000000| Untracked 
|  51|0x000000070b200000, 0x000000070b400000, 0x000000070b400000|100%| O|  |TAMS 0x000000070b400000, 0x000000070b200000| Untracked 
|  52|0x000000070b400000, 0x000000070b400000, 0x000000070b600000|  0%| F|  |TAMS 0x000000070b400000, 0x000000070b400000| Untracked 
|  53|0x000000070b600000, 0x000000070b600000, 0x000000070b800000|  0%| F|  |TAMS 0x000000070b600000, 0x000000070b600000| Untracked 
|  54|0x000000070b800000, 0x000000070b800000, 0x000000070ba00000|  0%| F|  |TAMS 0x000000070b800000, 0x000000070b800000| Untracked 
|  55|0x000000070ba00000, 0x000000070ba00000, 0x000000070bc00000|  0%| F|  |TAMS 0x000000070ba00000, 0x000000070ba00000| Untracked 
|  56|0x000000070bc00000, 0x000000070be00000, 0x000000070be00000|100%| O|  |TAMS 0x000000070be00000, 0x000000070bc00000| Untracked 
|  57|0x000000070be00000, 0x000000070c000000, 0x000000070c000000|100%| O|  |TAMS 0x000000070c000000, 0x000000070be00000| Untracked 
|  58|0x000000070c000000, 0x000000070c200000, 0x000000070c200000|100%| O|  |TAMS 0x000000070c200000, 0x000000070c000000| Untracked 
|  59|0x000000070c200000, 0x000000070c400000, 0x000000070c400000|100%| O|  |TAMS 0x000000070c400000, 0x000000070c200000| Untracked 
|  60|0x000000070c400000, 0x000000070c600000, 0x000000070c600000|100%| O|  |TAMS 0x000000070c600000, 0x000000070c400000| Untracked 
|  61|0x000000070c600000, 0x000000070c800000, 0x000000070c800000|100%| O|  |TAMS 0x000000070c800000, 0x000000070c600000| Untracked 
|  62|0x000000070c800000, 0x000000070ca00000, 0x000000070ca00000|100%| O|  |TAMS 0x000000070ca00000, 0x000000070c800000| Untracked 
|  63|0x000000070ca00000, 0x000000070cc00000, 0x000000070cc00000|100%| O|  |TAMS 0x000000070cad5600, 0x000000070ca00000| Untracked 
|  64|0x000000070cc00000, 0x000000070ce00000, 0x000000070ce00000|100%| O|  |TAMS 0x000000070cc00000, 0x000000070cc00000| Untracked 
|  65|0x000000070ce00000, 0x000000070d000000, 0x000000070d000000|100%| O|  |TAMS 0x000000070ce00000, 0x000000070ce00000| Untracked 
|  66|0x000000070d000000, 0x000000070d200000, 0x000000070d200000|100%| O|  |TAMS 0x000000070d000000, 0x000000070d000000| Untracked 
|  67|0x000000070d200000, 0x000000070d400000, 0x000000070d400000|100%| O|  |TAMS 0x000000070d200000, 0x000000070d200000| Untracked 
|  68|0x000000070d400000, 0x000000070d600000, 0x000000070d600000|100%| O|  |TAMS 0x000000070d400000, 0x000000070d400000| Untracked 
|  69|0x000000070d600000, 0x000000070d800000, 0x000000070d800000|100%| O|  |TAMS 0x000000070d600000, 0x000000070d600000| Untracked 
|  70|0x000000070d800000, 0x000000070da00000, 0x000000070da00000|100%|HS|  |TAMS 0x000000070d800000, 0x000000070d800000| Complete 
|  71|0x000000070da00000, 0x000000070dc00000, 0x000000070dc00000|100%| O|  |TAMS 0x000000070da00000, 0x000000070da00000| Untracked 
|  72|0x000000070dc00000, 0x000000070de00000, 0x000000070de00000|100%| O|  |TAMS 0x000000070dc00000, 0x000000070dc00000| Untracked 
|  73|0x000000070de00000, 0x000000070e000000, 0x000000070e000000|100%| O|  |TAMS 0x000000070de00000, 0x000000070de00000| Untracked 
|  74|0x000000070e000000, 0x000000070e200000, 0x000000070e200000|100%| O|  |TAMS 0x000000070e000000, 0x000000070e000000| Untracked 
|  75|0x000000070e200000, 0x000000070e400000, 0x000000070e400000|100%| O|  |TAMS 0x000000070e200000, 0x000000070e200000| Untracked 
|  76|0x000000070e400000, 0x000000070e400000, 0x000000070e600000|  0%| F|  |TAMS 0x000000070e400000, 0x000000070e400000| Untracked 
|  77|0x000000070e600000, 0x000000070e600000, 0x000000070e800000|  0%| F|  |TAMS 0x000000070e600000, 0x000000070e600000| Untracked 
|  78|0x000000070e800000, 0x000000070e800000, 0x000000070ea00000|  0%| F|  |TAMS 0x000000070e800000, 0x000000070e800000| Untracked 
|  79|0x000000070ea00000, 0x000000070ea00000, 0x000000070ec00000|  0%| F|  |TAMS 0x000000070ea00000, 0x000000070ea00000| Untracked 
|  80|0x000000070ec00000, 0x000000070ec00000, 0x000000070ee00000|  0%| F|  |TAMS 0x000000070ec00000, 0x000000070ec00000| Untracked 
|  81|0x000000070ee00000, 0x000000070ee00000, 0x000000070f000000|  0%| F|  |TAMS 0x000000070ee00000, 0x000000070ee00000| Untracked 
|  82|0x000000070f000000, 0x000000070f000000, 0x000000070f200000|  0%| F|  |TAMS 0x000000070f000000, 0x000000070f000000| Untracked 
|  83|0x000000070f200000, 0x000000070f200000, 0x000000070f400000|  0%| F|  |TAMS 0x000000070f200000, 0x000000070f200000| Untracked 
|  84|0x000000070f400000, 0x000000070f400000, 0x000000070f600000|  0%| F|  |TAMS 0x000000070f400000, 0x000000070f400000| Untracked 
|  85|0x000000070f600000, 0x000000070f600000, 0x000000070f800000|  0%| F|  |TAMS 0x000000070f600000, 0x000000070f600000| Untracked 
|  86|0x000000070f800000, 0x000000070f800000, 0x000000070fa00000|  0%| F|  |TAMS 0x000000070f800000, 0x000000070f800000| Untracked 
|  87|0x000000070fa00000, 0x000000070fa00000, 0x000000070fc00000|  0%| F|  |TAMS 0x000000070fa00000, 0x000000070fa00000| Untracked 
|  88|0x000000070fc00000, 0x000000070fc00000, 0x000000070fe00000|  0%| F|  |TAMS 0x000000070fc00000, 0x000000070fc00000| Untracked 
|  89|0x000000070fe00000, 0x000000070fe00000, 0x0000000710000000|  0%| F|  |TAMS 0x000000070fe00000, 0x000000070fe00000| Untracked 
|  90|0x0000000710000000, 0x0000000710000000, 0x0000000710200000|  0%| F|  |TAMS 0x0000000710000000, 0x0000000710000000| Untracked 
|  91|0x0000000710200000, 0x0000000710200000, 0x0000000710400000|  0%| F|  |TAMS 0x0000000710200000, 0x0000000710200000| Untracked 
|  92|0x0000000710400000, 0x0000000710400000, 0x0000000710600000|  0%| F|  |TAMS 0x0000000710400000, 0x0000000710400000| Untracked 
|  93|0x0000000710600000, 0x0000000710600000, 0x0000000710800000|  0%| F|  |TAMS 0x0000000710600000, 0x0000000710600000| Untracked 
|  94|0x0000000710800000, 0x0000000710800000, 0x0000000710a00000|  0%| F|  |TAMS 0x0000000710800000, 0x0000000710800000| Untracked 
|  95|0x0000000710a00000, 0x0000000710a00000, 0x0000000710c00000|  0%| F|  |TAMS 0x0000000710a00000, 0x0000000710a00000| Untracked 
|  96|0x0000000710c00000, 0x0000000710c00000, 0x0000000710e00000|  0%| F|  |TAMS 0x0000000710c00000, 0x0000000710c00000| Untracked 
|  97|0x0000000710e00000, 0x0000000710e00000, 0x0000000711000000|  0%| F|  |TAMS 0x0000000710e00000, 0x0000000710e00000| Untracked 
|  98|0x0000000711000000, 0x0000000711000000, 0x0000000711200000|  0%| F|  |TAMS 0x0000000711000000, 0x0000000711000000| Untracked 
|  99|0x0000000711200000, 0x0000000711200000, 0x0000000711400000|  0%| F|  |TAMS 0x0000000711200000, 0x0000000711200000| Untracked 
| 100|0x0000000711400000, 0x0000000711400000, 0x0000000711600000|  0%| F|  |TAMS 0x0000000711400000, 0x0000000711400000| Untracked 
| 101|0x0000000711600000, 0x0000000711600000, 0x0000000711800000|  0%| F|  |TAMS 0x0000000711600000, 0x0000000711600000| Untracked 
| 102|0x0000000711800000, 0x0000000711800000, 0x0000000711a00000|  0%| F|  |TAMS 0x0000000711800000, 0x0000000711800000| Untracked 
| 103|0x0000000711a00000, 0x0000000711a00000, 0x0000000711c00000|  0%| F|  |TAMS 0x0000000711a00000, 0x0000000711a00000| Untracked 
| 104|0x0000000711c00000, 0x0000000711c00000, 0x0000000711e00000|  0%| F|  |TAMS 0x0000000711c00000, 0x0000000711c00000| Untracked 
| 105|0x0000000711e00000, 0x0000000711e00000, 0x0000000712000000|  0%| F|  |TAMS 0x0000000711e00000, 0x0000000711e00000| Untracked 
| 106|0x0000000712000000, 0x0000000712000000, 0x0000000712200000|  0%| F|  |TAMS 0x0000000712000000, 0x0000000712000000| Untracked 
| 107|0x0000000712200000, 0x0000000712200000, 0x0000000712400000|  0%| F|  |TAMS 0x0000000712200000, 0x0000000712200000| Untracked 
| 108|0x0000000712400000, 0x0000000712400000, 0x0000000712600000|  0%| F|  |TAMS 0x0000000712400000, 0x0000000712400000| Untracked 
| 109|0x0000000712600000, 0x0000000712600000, 0x0000000712800000|  0%| F|  |TAMS 0x0000000712600000, 0x0000000712600000| Untracked 
| 110|0x0000000712800000, 0x0000000712800000, 0x0000000712a00000|  0%| F|  |TAMS 0x0000000712800000, 0x0000000712800000| Untracked 
| 111|0x0000000712a00000, 0x0000000712a00000, 0x0000000712c00000|  0%| F|  |TAMS 0x0000000712a00000, 0x0000000712a00000| Untracked 
| 112|0x0000000712c00000, 0x0000000712c00000, 0x0000000712e00000|  0%| F|  |TAMS 0x0000000712c00000, 0x0000000712c00000| Untracked 
| 113|0x0000000712e00000, 0x0000000712e00000, 0x0000000713000000|  0%| F|  |TAMS 0x0000000712e00000, 0x0000000712e00000| Untracked 
| 114|0x0000000713000000, 0x0000000713000000, 0x0000000713200000|  0%| F|  |TAMS 0x0000000713000000, 0x0000000713000000| Untracked 
| 115|0x0000000713200000, 0x0000000713200000, 0x0000000713400000|  0%| F|  |TAMS 0x0000000713200000, 0x0000000713200000| Untracked 
| 116|0x0000000713400000, 0x0000000713400000, 0x0000000713600000|  0%| F|  |TAMS 0x0000000713400000, 0x0000000713400000| Untracked 
| 117|0x0000000713600000, 0x0000000713600000, 0x0000000713800000|  0%| F|  |TAMS 0x0000000713600000, 0x0000000713600000| Untracked 
| 118|0x0000000713800000, 0x0000000713800000, 0x0000000713a00000|  0%| F|  |TAMS 0x0000000713800000, 0x0000000713800000| Untracked 
| 119|0x0000000713a00000, 0x0000000713a00000, 0x0000000713c00000|  0%| F|  |TAMS 0x0000000713a00000, 0x0000000713a00000| Untracked 
| 120|0x0000000713c00000, 0x0000000713c00000, 0x0000000713e00000|  0%| F|  |TAMS 0x0000000713c00000, 0x0000000713c00000| Untracked 
| 121|0x0000000713e00000, 0x0000000713e00000, 0x0000000714000000|  0%| F|  |TAMS 0x0000000713e00000, 0x0000000713e00000| Untracked 
| 122|0x0000000714000000, 0x0000000714000000, 0x0000000714200000|  0%| F|  |TAMS 0x0000000714000000, 0x0000000714000000| Untracked 
| 123|0x0000000714200000, 0x0000000714200000, 0x0000000714400000|  0%| F|  |TAMS 0x0000000714200000, 0x0000000714200000| Untracked 
| 124|0x0000000714400000, 0x0000000714400000, 0x0000000714600000|  0%| F|  |TAMS 0x0000000714400000, 0x0000000714400000| Untracked 
| 125|0x0000000714600000, 0x0000000714800000, 0x0000000714800000|100%| S|CS|TAMS 0x0000000714600000, 0x0000000714600000| Complete 
| 126|0x0000000714800000, 0x0000000714800000, 0x0000000714a00000|  0%| F|  |TAMS 0x0000000714800000, 0x0000000714800000| Untracked 
| 127|0x0000000714a00000, 0x0000000714a00000, 0x0000000714c00000|  0%| F|  |TAMS 0x0000000714a00000, 0x0000000714a00000| Untracked 
| 128|0x0000000714c00000, 0x0000000714c00000, 0x0000000714e00000|  0%| F|  |TAMS 0x0000000714c00000, 0x0000000714c00000| Untracked 
| 129|0x0000000714e00000, 0x0000000714e00000, 0x0000000715000000|  0%| F|  |TAMS 0x0000000714e00000, 0x0000000714e00000| Untracked 
|2008|0x00000007ffc00000, 0x00000007ffc00000, 0x00000007ffe00000|  0%| F|  |TAMS 0x00000007ffc00000, 0x00000007ffc00000| Untracked 
|2009|0x00000007ffe00000, 0x00000007ffe00000, 0x0000000800000000|  0%| F|  |TAMS 0x00000007ffe00000, 0x00000007ffe00000| Untracked 

Card table byte_map: [0x000001d4510d0000,0x000001d4518b0000] _byte_map_base: 0x000001d44d8aa000

Marking Bits (Prev, Next): (CMBitMap*) 0x000001d445534500, (CMBitMap*) 0x000001d4455344c0
 Prev Bits: [0x000001d455f60000, 0x000001d459e30000)
 Next Bits: [0x000001d452090000, 0x000001d455f60000)

Polling page: 0x000001d443b70000

Metaspace:

Usage:
  Non-class:     55.50 MB used.
      Class:      9.83 MB used.
       Both:     65.34 MB used.

Virtual space:
  Non-class space:       64.00 MB reserved,      55.81 MB ( 87%) committed,  1 nodes.
      Class space:        1.00 GB reserved,      10.06 MB ( <1%) committed,  1 nodes.
             Both:        1.06 GB reserved,      65.88 MB (  6%) committed. 

Chunk freelists:
   Non-Class:  8.08 MB
       Class:  5.94 MB
        Both:  14.02 MB

MaxMetaspaceSize: unlimited
CompressedClassSpaceSize: 1.00 GB
Initial GC threshold: 21.00 MB
Current GC threshold: 109.81 MB
CDS: on
MetaspaceReclaimPolicy: balanced
 - commit_granule_bytes: 65536.
 - commit_granule_words: 8192.
 - virtual_space_node_default_size: 8388608.
 - enlarge_chunks_in_place: 1.
 - new_chunks_are_fully_committed: 0.
 - uncommit_free_chunks: 1.
 - use_allocation_guard: 0.
 - handle_deallocations: 1.


Internal statistics:

num_allocs_failed_limit: 9.
num_arena_births: 842.
num_arena_deaths: 2.
num_vsnodes_births: 2.
num_vsnodes_deaths: 0.
num_space_committed: 1054.
num_space_uncommitted: 0.
num_chunks_returned_to_freelist: 12.
num_chunks_taken_from_freelist: 3402.
num_chunk_merges: 9.
num_chunk_splits: 2486.
num_chunks_enlarged: 1947.
num_inconsistent_stats: 0.

CodeCache: size=49152Kb used=14921Kb max_used=14921Kb free=34230Kb
 bounds [0x000001d44d070000, 0x000001d44df10000, 0x000001d450070000]
 total_blobs=8450 nmethods=7789 adapters=583
 compilation: enabled
              stopped_count=0, restarted_count=0
 full_count=0

Compilation events (20 events):
Event: 9.683 Thread 0x000001d45c979bb0 7781       1       org.springframework.data.domain.Range::contains (11 bytes)
Event: 9.683 Thread 0x000001d45ca887e0 7782       1       org.springframework.data.domain.Range::contains (86 bytes)
Event: 9.683 Thread 0x000001d45c979bb0 nmethod 7781 0x000001d44defeb90 code [0x000001d44defed20, 0x000001d44defee08]
Event: 9.683 Thread 0x000001d46171d100 nmethod 7779 0x000001d44defee90 code [0x000001d44deff040, 0x000001d44deff1b8]
Event: 9.683 Thread 0x000001d45c979bb0 7783       1       org.springframework.data.domain.Range$$Lambda$1595/0x000001d4019efd98::<init> (20 bytes)
Event: 9.683 Thread 0x000001d46171d100 7784       1       org.springframework.data.domain.Range$$Lambda$1595/0x000001d4019efd98::apply (17 bytes)
Event: 9.683 Thread 0x000001d4616dcfd0 nmethod 7780 0x000001d44deff290 code [0x000001d44deff440, 0x000001d44deff5a8]
Event: 9.683 Thread 0x000001d45c979bb0 nmethod 7783 0x000001d44deff690 code [0x000001d44deff820, 0x000001d44deffa18]
Event: 9.683 Thread 0x000001d4616dcfd0 7785       1       org.springframework.data.domain.Range::lambda$contains$1 (49 bytes)
Event: 9.683 Thread 0x000001d45c979bb0 7786       1       org.springframework.data.domain.Range$$Lambda$1596/0x000001d401a0db40::<init> (20 bytes)
Event: 9.683 Thread 0x000001d46171d100 nmethod 7784 0x000001d44deffa90 code [0x000001d44deffc20, 0x000001d44deffd28]
Event: 9.683 Thread 0x000001d46171d100 7787       1       org.springframework.data.domain.Range$$Lambda$1596/0x000001d401a0db40::apply (17 bytes)
Event: 9.683 Thread 0x000001d46171d100 nmethod 7787 0x000001d44deffe10 code [0x000001d44defffa0, 0x000001d44df000a8]
Event: 9.683 Thread 0x000001d46171d100 7788       1       org.springframework.data.domain.Range::lambda$contains$2 (49 bytes)
Event: 9.683 Thread 0x000001d45c979bb0 nmethod 7786 0x000001d44df00190 code [0x000001d44df00320, 0x000001d44df00518]
Event: 9.683 Thread 0x000001d4616dcfd0 nmethod 7785 0x000001d44df00590 code [0x000001d44df00740, 0x000001d44df008b8]
Event: 9.683 Thread 0x000001d46171d100 nmethod 7788 0x000001d44df00990 code [0x000001d44df00b40, 0x000001d44df00cb8]
Event: 9.684 Thread 0x000001d45ca887e0 nmethod 7782 0x000001d44df00d90 code [0x000001d44df00fe0, 0x000001d44df019a8]
Event: 9.760 Thread 0x000001d45ca887e0 7789       1       org.antlr.v4.runtime.atn.PredictionMode::hasStateAssociatedWithOneAlt (51 bytes)
Event: 9.761 Thread 0x000001d45ca887e0 nmethod 7789 0x000001d44df01e10 code [0x000001d44df02000, 0x000001d44df02298]

GC Heap History (20 events):
Event: 9.595 GC heap after
{Heap after GC invocations=25 (full 0):
 garbage-first heap   total 139264K, used 40252K [0x0000000704c00000, 0x0000000800000000)
  region size 2048K, 1 young (2048K), 1 survivors (2048K)
 Metaspace       used 66900K, committed 67456K, reserved 1114112K
  class space    used 10069K, committed 10304K, reserved 1048576K
}
Event: 9.776 GC heap before
{Heap before GC invocations=25 (full 0):
 garbage-first heap   total 139264K, used 116028K [0x0000000704c00000, 0x0000000800000000)
  region size 2048K, 38 young (77824K), 1 survivors (2048K)
 Metaspace       used 66907K, committed 67456K, reserved 1114112K
  class space    used 10071K, committed 10304K, reserved 1048576K
}
Event: 9.779 GC heap after
{Heap after GC invocations=26 (full 0):
 garbage-first heap   total 139264K, used 44206K [0x0000000704c00000, 0x0000000800000000)
  region size 2048K, 3 young (6144K), 3 survivors (6144K)
 Metaspace       used 66907K, committed 67456K, reserved 1114112K
  class space    used 10071K, committed 10304K, reserved 1048576K
}
Event: 9.911 GC heap before
{Heap before GC invocations=26 (full 0):
 garbage-first heap   total 139264K, used 113838K [0x0000000704c00000, 0x0000000800000000)
  region size 2048K, 37 young (75776K), 3 survivors (6144K)
 Metaspace       used 66907K, committed 67456K, reserved 1114112K
  class space    used 10071K, committed 10304K, reserved 1048576K
}
Event: 9.927 GC heap after
{Heap after GC invocations=27 (full 0):
 garbage-first heap   total 143360K, used 67376K [0x0000000704c00000, 0x0000000800000000)
  region size 2048K, 5 young (10240K), 5 survivors (10240K)
 Metaspace       used 66907K, committed 67456K, reserved 1114112K
  class space    used 10071K, committed 10304K, reserved 1048576K
}
Event: 10.008 GC heap before
{Heap before GC invocations=27 (full 0):
 garbage-first heap   total 143360K, used 108336K [0x0000000704c00000, 0x0000000800000000)
  region size 2048K, 24 young (49152K), 5 survivors (10240K)
 Metaspace       used 66907K, committed 67456K, reserved 1114112K
  class space    used 10071K, committed 10304K, reserved 1048576K
}
Event: 10.021 GC heap after
{Heap after GC invocations=28 (full 0):
 garbage-first heap   total 143360K, used 84650K [0x0000000704c00000, 0x0000000800000000)
  region size 2048K, 3 young (6144K), 3 survivors (6144K)
 Metaspace       used 66907K, committed 67456K, reserved 1114112K
  class space    used 10071K, committed 10304K, reserved 1048576K
}
Event: 10.083 GC heap before
{Heap before GC invocations=28 (full 0):
 garbage-first heap   total 143360K, used 109226K [0x0000000704c00000, 0x0000000800000000)
  region size 2048K, 15 young (30720K), 3 survivors (6144K)
 Metaspace       used 66907K, committed 67456K, reserved 1114112K
  class space    used 10071K, committed 10304K, reserved 1048576K
}
Event: 10.093 GC heap after
{Heap after GC invocations=29 (full 0):
 garbage-first heap   total 249856K, used 94624K [0x0000000704c00000, 0x0000000800000000)
  region size 2048K, 2 young (4096K), 2 survivors (4096K)
 Metaspace       used 66907K, committed 67456K, reserved 1114112K
  class space    used 10071K, committed 10304K, reserved 1048576K
}
Event: 10.327 GC heap before
{Heap before GC invocations=30 (full 0):
 garbage-first heap   total 249856K, used 166304K [0x0000000704c00000, 0x0000000800000000)
  region size 2048K, 37 young (75776K), 2 survivors (4096K)
 Metaspace       used 66904K, committed 67456K, reserved 1114112K
  class space    used 10071K, committed 10304K, reserved 1048576K
}
Event: 10.345 GC heap after
{Heap after GC invocations=31 (full 0):
 garbage-first heap   total 249856K, used 120832K [0x0000000704c00000, 0x0000000800000000)
  region size 2048K, 5 young (10240K), 5 survivors (10240K)
 Metaspace       used 66904K, committed 67456K, reserved 1114112K
  class space    used 10071K, committed 10304K, reserved 1048576K
}
Event: 10.463 GC heap before
{Heap before GC invocations=31 (full 0):
 garbage-first heap   total 249856K, used 176128K [0x0000000704c00000, 0x0000000800000000)
  region size 2048K, 32 young (65536K), 5 survivors (10240K)
 Metaspace       used 66904K, committed 67456K, reserved 1114112K
  class space    used 10071K, committed 10304K, reserved 1048576K
}
Event: 10.482 GC heap after
{Heap after GC invocations=32 (full 0):
 garbage-first heap   total 249856K, used 142165K [0x0000000704c00000, 0x0000000800000000)
  region size 2048K, 4 young (8192K), 4 survivors (8192K)
 Metaspace       used 66904K, committed 67456K, reserved 1114112K
  class space    used 10071K, committed 10304K, reserved 1048576K
}
Event: 10.533 GC heap before
{Heap before GC invocations=32 (full 0):
 garbage-first heap   total 249856K, used 166741K [0x0000000704c00000, 0x0000000800000000)
  region size 2048K, 17 young (34816K), 4 survivors (8192K)
 Metaspace       used 66904K, committed 67456K, reserved 1114112K
  class space    used 10071K, committed 10304K, reserved 1048576K
}
Event: 10.544 GC heap after
{Heap after GC invocations=33 (full 0):
 garbage-first heap   total 249856K, used 153510K [0x0000000704c00000, 0x0000000800000000)
  region size 2048K, 3 young (6144K), 3 survivors (6144K)
 Metaspace       used 66904K, committed 67456K, reserved 1114112K
  class space    used 10071K, committed 10304K, reserved 1048576K
}
Event: 10.628 GC heap before
{Heap before GC invocations=34 (full 0):
 garbage-first heap   total 270336K, used 176038K [0x0000000704c00000, 0x0000000800000000)
  region size 2048K, 20 young (40960K), 3 survivors (6144K)
 Metaspace       used 66904K, committed 67456K, reserved 1114112K
  class space    used 10071K, committed 10304K, reserved 1048576K
}
Event: 10.638 GC heap after
{Heap after GC invocations=35 (full 0):
 garbage-first heap   total 270336K, used 154956K [0x0000000704c00000, 0x0000000800000000)
  region size 2048K, 3 young (6144K), 3 survivors (6144K)
 Metaspace       used 66904K, committed 67456K, reserved 1114112K
  class space    used 10071K, committed 10304K, reserved 1048576K
}
Event: 10.649 GC heap before
{Heap before GC invocations=35 (full 0):
 garbage-first heap   total 270336K, used 161100K [0x0000000704c00000, 0x0000000800000000)
  region size 2048K, 6 young (12288K), 3 survivors (6144K)
 Metaspace       used 66904K, committed 67456K, reserved 1114112K
  class space    used 10071K, committed 10304K, reserved 1048576K
}
Event: 10.656 GC heap after
{Heap after GC invocations=36 (full 0):
 garbage-first heap   total 270336K, used 129944K [0x0000000704c00000, 0x0000000800000000)
  region size 2048K, 1 young (2048K), 1 survivors (2048K)
 Metaspace       used 66904K, committed 67456K, reserved 1114112K
  class space    used 10071K, committed 10304K, reserved 1048576K
}
Event: 10.677 GC heap before
{Heap before GC invocations=36 (full 0):
 garbage-first heap   total 270336K, used 140184K [0x0000000704c00000, 0x0000000800000000)
  region size 2048K, 6 young (12288K), 1 survivors (2048K)
 Metaspace       used 66904K, committed 67456K, reserved 1114112K
  class space    used 10071K, committed 10304K, reserved 1048576K
}

Dll operation events (11 events):
Event: 0.011 Loaded shared library C:\Program Files\Eclipse Adoptium\jdk-17.0.14.7-hotspot\bin\java.dll
Event: 0.061 Loaded shared library C:\Program Files\Eclipse Adoptium\jdk-17.0.14.7-hotspot\bin\jsvml.dll
Event: 0.165 Loaded shared library C:\Program Files\Eclipse Adoptium\jdk-17.0.14.7-hotspot\bin\net.dll
Event: 0.168 Loaded shared library C:\Program Files\Eclipse Adoptium\jdk-17.0.14.7-hotspot\bin\nio.dll
Event: 0.173 Loaded shared library C:\Program Files\Eclipse Adoptium\jdk-17.0.14.7-hotspot\bin\zip.dll
Event: 0.285 Loaded shared library C:\Program Files\Eclipse Adoptium\jdk-17.0.14.7-hotspot\bin\jimage.dll
Event: 0.554 Loaded shared library C:\Program Files\Eclipse Adoptium\jdk-17.0.14.7-hotspot\bin\management.dll
Event: 0.563 Loaded shared library C:\Program Files\Eclipse Adoptium\jdk-17.0.14.7-hotspot\bin\management_ext.dll
Event: 1.650 Loaded shared library C:\Program Files\Eclipse Adoptium\jdk-17.0.14.7-hotspot\bin\sunmscapi.dll
Event: 4.902 Loaded shared library C:\Program Files\Eclipse Adoptium\jdk-17.0.14.7-hotspot\bin\verify.dll
Event: 5.480 Loaded shared library C:\Program Files\Eclipse Adoptium\jdk-17.0.14.7-hotspot\bin\extnet.dll

Deoptimization events (8 events):
Event: 3.614 Thread 0x000001d45cac49b0 DEOPT PACKING pc=0x000001d44d8e1dd4 sp=0x000000a52e0fb5c0
Event: 3.614 Thread 0x000001d45cac49b0 DEOPT UNPACKING pc=0x000001d44d0cace3 sp=0x000000a52e0fab48 mode 0
Event: 3.614 Thread 0x000001d45cac49b0 DEOPT PACKING pc=0x000001d44d82ea6c sp=0x000000a52e0fb7a0
Event: 3.614 Thread 0x000001d45cac49b0 DEOPT UNPACKING pc=0x000001d44d0cace3 sp=0x000000a52e0fac60 mode 0
Event: 5.727 Thread 0x000001d45cac49b0 DEOPT PACKING pc=0x000001d44d3f4609 sp=0x000000a52e0f93b0
Event: 5.727 Thread 0x000001d45cac49b0 DEOPT UNPACKING pc=0x000001d44d0cace3 sp=0x000000a52e0f8840 mode 3
Event: 5.728 Thread 0x000001d45cac3570 DEOPT PACKING pc=0x000001d44d5e159f sp=0x000000a52e8fedc0
Event: 5.729 Thread 0x000001d45cac3570 DEOPT UNPACKING pc=0x000001d44d0cace3 sp=0x000000a52e8fe218 mode 3

Classes loaded (20 events):
Event: 8.239 Loading class sun/reflect/annotation/AnnotationInvocationHandler$1
Event: 8.239 Loading class sun/reflect/annotation/AnnotationInvocationHandler$1 done
Event: 8.342 Loading class java/lang/invoke/MethodHandleImpl$CountingWrapper$1
Event: 8.342 Loading class java/lang/invoke/MethodHandleImpl$CountingWrapper$1 done
Event: 8.360 Loading class sun/reflect/ReflectionFactory
Event: 8.360 Loading class sun/reflect/ReflectionFactory done
Event: 8.360 Loading class sun/reflect/ReflectionFactory$1
Event: 8.361 Loading class sun/reflect/ReflectionFactory$1 done
Event: 8.361 Loading class java/io/OptionalDataException
Event: 8.361 Loading class java/io/OptionalDataException done
Event: 8.361 Loading class jdk/internal/reflect/SerializationConstructorAccessorImpl
Event: 8.362 Loading class jdk/internal/reflect/SerializationConstructorAccessorImpl done
Event: 8.398 Loading class sun/reflect/generics/tree/IntSignature
Event: 8.399 Loading class sun/reflect/generics/tree/IntSignature done
Event: 8.431 Loading class java/util/EmptyStackException
Event: 8.433 Loading class java/util/EmptyStackException done
Event: 8.573 Loading class java/io/InvalidClassException
Event: 8.573 Loading class java/io/InvalidClassException done
Event: 8.586 Loading class java/util/ArrayList$ListItr
Event: 8.586 Loading class java/util/ArrayList$ListItr done

Classes unloaded (1 events):
Event: 10.171 Thread 0x000001d45c950400 Unloading class 0x000001d4018ec800 'jdk/internal/reflect/GeneratedSerializationConstructorAccessor1'

Classes redefined (0 events):
No events

Internal exceptions (20 events):
Event: 8.090 Thread 0x000001d45cac49b0 Exception <a 'java/lang/IncompatibleClassChangeError'{0x00000007146be9e8}: Found class java.lang.Object, but interface was expected> (0x00000007146be9e8) 
thrown [s\src\hotspot\share\interpreter\linkResolver.cpp, line 826]
Event: 8.140 Thread 0x000001d45cac49b0 Exception <a 'java/lang/NoSuchMethodError'{0x0000000711a82e28}: 'java.lang.Object java.lang.invoke.DirectMethodHandle$Holder.invokeStatic(java.lang.Object, int, java.lang.Object)'> (0x0000000711a82e28) 
thrown [s\src\hotspot\share\interpreter\linkResolver.cpp, line 759]
Event: 8.147 Thread 0x000001d45cac49b0 Exception <a 'java/lang/reflect/InvocationTargetException'{0x0000000711abe4c0}> (0x0000000711abe4c0) 
thrown [s\src\hotspot\share\runtime\reflection.cpp, line 1128]
Event: 8.153 Thread 0x000001d45cac49b0 Exception <a 'java/lang/reflect/InvocationTargetException'{0x0000000711ade858}> (0x0000000711ade858) 
thrown [s\src\hotspot\share\runtime\reflection.cpp, line 1128]
Event: 8.155 Thread 0x000001d45cac49b0 Exception <a 'java/lang/reflect/InvocationTargetException'{0x0000000711ae9a50}> (0x0000000711ae9a50) 
thrown [s\src\hotspot\share\runtime\reflection.cpp, line 1128]
Event: 8.207 Thread 0x000001d45cac49b0 Exception <a 'java/lang/NoSuchMethodError'{0x0000000711953bc0}: 'long java.lang.invoke.DirectMethodHandle$Holder.invokeVirtual(java.lang.Object, java.lang.Object)'> (0x0000000711953bc0) 
thrown [s\src\hotspot\share\interpreter\linkResolver.cpp, line 759]
Event: 8.213 Thread 0x000001d45cac49b0 Exception <a 'java/io/FileNotFoundException'{0x0000000711987798}> (0x0000000711987798) 
thrown [s\src\hotspot\share\prims\jni.cpp, line 516]
Event: 8.336 Thread 0x000001d45cac49b0 Exception <a 'java/lang/NoSuchMethodError'{0x0000000710a194c8}: 'int java.lang.invoke.DirectMethodHandle$Holder.invokeStaticInit(java.lang.Object, int, java.lang.Object, java.lang.Object, java.lang.Object, java.lang.Object)'> (0x0000000710a194c8) 
thrown [s\src\hotspot\share\interpreter\linkResolver.cpp, line 759]
Event: 8.385 Thread 0x000001d45cac49b0 Exception <a 'java/lang/reflect/InvocationTargetException'{0x00000007098839a8}> (0x00000007098839a8) 
thrown [s\src\hotspot\share\runtime\reflection.cpp, line 1128]
Event: 8.392 Thread 0x000001d45cac49b0 Exception <a 'java/lang/reflect/InvocationTargetException'{0x00000007098c11a8}> (0x00000007098c11a8) 
thrown [s\src\hotspot\share\runtime\reflection.cpp, line 1128]
Event: 8.394 Thread 0x000001d45cac49b0 Exception <a 'java/lang/reflect/InvocationTargetException'{0x00000007098d8bf0}> (0x00000007098d8bf0) 
thrown [s\src\hotspot\share\runtime\reflection.cpp, line 1128]
Event: 8.395 Thread 0x000001d45cac49b0 Exception <a 'java/lang/reflect/InvocationTargetException'{0x00000007098e5758}> (0x00000007098e5758) 
thrown [s\src\hotspot\share\runtime\reflection.cpp, line 1128]
Event: 8.396 Thread 0x000001d45cac49b0 Exception <a 'java/lang/reflect/InvocationTargetException'{0x00000007098f45b8}> (0x00000007098f45b8) 
thrown [s\src\hotspot\share\runtime\reflection.cpp, line 1128]
Event: 8.397 Thread 0x000001d45cac49b0 Exception <a 'java/lang/reflect/InvocationTargetException'{0x0000000709903ff8}> (0x0000000709903ff8) 
thrown [s\src\hotspot\share\runtime\reflection.cpp, line 1128]
Event: 8.405 Thread 0x000001d45cac49b0 Exception <a 'java/lang/reflect/InvocationTargetException'{0x00000007099403b0}> (0x00000007099403b0) 
thrown [s\src\hotspot\share\runtime\reflection.cpp, line 1128]
Event: 8.876 Thread 0x000001d45cac49b0 Exception <a 'java/lang/reflect/InvocationTargetException'{0x0000000711afd3b0}> (0x0000000711afd3b0) 
thrown [s\src\hotspot\share\runtime\reflection.cpp, line 1128]
Event: 8.877 Thread 0x000001d45cac49b0 Exception <a 'java/lang/reflect/InvocationTargetException'{0x0000000711b09e20}> (0x0000000711b09e20) 
thrown [s\src\hotspot\share\runtime\reflection.cpp, line 1128]
Event: 8.892 Thread 0x000001d45cac49b0 Exception <a 'java/lang/reflect/InvocationTargetException'{0x00000007119815c0}> (0x00000007119815c0) 
thrown [s\src\hotspot\share\runtime\reflection.cpp, line 1128]
Event: 8.893 Thread 0x000001d45cac49b0 Exception <a 'java/lang/reflect/InvocationTargetException'{0x000000071198ddd0}> (0x000000071198ddd0) 
thrown [s\src\hotspot\share\runtime\reflection.cpp, line 1128]
Event: 8.895 Thread 0x000001d45cac49b0 Exception <a 'java/lang/reflect/InvocationTargetException'{0x00000007119a48d0}> (0x00000007119a48d0) 
thrown [s\src\hotspot\share\runtime\reflection.cpp, line 1128]

VM Operations (20 events):
Event: 10.093 Executing VM operation: G1CollectForAllocation done
Event: 10.170 Executing VM operation: G1PauseRemark
Event: 10.178 Executing VM operation: G1PauseRemark done
Event: 10.213 Executing VM operation: G1PauseCleanup
Event: 10.213 Executing VM operation: G1PauseCleanup done
Event: 10.327 Executing VM operation: G1CollectForAllocation
Event: 10.345 Executing VM operation: G1CollectForAllocation done
Event: 10.463 Executing VM operation: G1CollectForAllocation
Event: 10.482 Executing VM operation: G1CollectForAllocation done
Event: 10.533 Executing VM operation: G1TryInitiateConcMark
Event: 10.544 Executing VM operation: G1TryInitiateConcMark done
Event: 10.596 Executing VM operation: G1PauseRemark
Event: 10.599 Executing VM operation: G1PauseRemark done
Event: 10.624 Executing VM operation: G1PauseCleanup
Event: 10.625 Executing VM operation: G1PauseCleanup done
Event: 10.628 Executing VM operation: G1CollectForAllocation
Event: 10.638 Executing VM operation: G1CollectForAllocation done
Event: 10.649 Executing VM operation: G1CollectForAllocation
Event: 10.656 Executing VM operation: G1CollectForAllocation done
Event: 10.677 Executing VM operation: G1CollectForAllocation

Memory protections (0 events):
No events

Nmethod flushes (0 events):
No events

Events (20 events):
Event: 0.081 Thread 0x000001d4454c0740 Thread added: 0x000001d45c9785d0
Event: 0.081 Thread 0x000001d4454c0740 Thread added: 0x000001d45c979bb0
Event: 0.082 Thread 0x000001d4454c0740 Thread added: 0x000001d45c981a40
Event: 0.156 Thread 0x000001d45c979bb0 Thread added: 0x000001d45ca887e0
Event: 0.157 Thread 0x000001d4454c0740 Thread added: 0x000001d45cac2640
Event: 0.160 Thread 0x000001d4454c0740 Thread added: 0x000001d45cac1c20
Event: 0.619 Thread 0x000001d4454c0740 Thread added: 0x000001d45cac2b50
Event: 0.635 Thread 0x000001d45cac2b50 Thread added: 0x000001d45cac49b0
Event: 1.055 Thread 0x000001d45ca887e0 Thread added: 0x000001d4616dcfd0
Event: 1.059 Thread 0x000001d45ca887e0 Thread added: 0x000001d46171d100
Event: 1.220 Thread 0x000001d45cac49b0 Thread added: 0x000001d45cac3060
Event: 1.690 Thread 0x000001d45cac3060 Thread exited: 0x000001d45cac3060
Event: 1.764 Thread 0x000001d45cac49b0 Thread added: 0x000001d45cac3060
Event: 1.868 Thread 0x000001d45cac3060 Thread exited: 0x000001d45cac3060
Event: 4.204 Thread 0x000001d45cac49b0 Thread added: 0x000001d45cac44a0
Event: 5.719 Thread 0x000001d45cac49b0 Thread added: 0x000001d45cac3570
Event: 5.842 Thread 0x000001d45cac3570 Thread added: 0x000001d45cac2130
Event: 8.226 Thread 0x000001d45cac49b0 Thread added: 0x000001d45cac3f90
Event: 8.227 Thread 0x000001d45cac3f90 Thread added: 0x000001d4638573d0
Event: 8.233 Thread 0x000001d45cac49b0 Thread added: 0x000001d463858810


Dynamic libraries:
0x00007ff736370000 - 0x00007ff73637e000 	C:\Program Files\Eclipse Adoptium\jdk-17.0.14.7-hotspot\bin\java.exe
0x00007ff8efa60000 - 0x00007ff8efcc5000 	C:\WINDOWS\SYSTEM32\ntdll.dll
0x00007ff8ee620000 - 0x00007ff8ee6e9000 	C:\WINDOWS\System32\KERNEL32.DLL
0x00007ff8ecc60000 - 0x00007ff8ed048000 	C:\WINDOWS\System32\KERNELBASE.dll
0x00007ff8e6b50000 - 0x00007ff8e6bee000 	C:\WINDOWS\SYSTEM32\apphelp.dll
0x00007ff8ed350000 - 0x00007ff8ed49b000 	C:\WINDOWS\System32\ucrtbase.dll
0x00007ff8cbf90000 - 0x00007ff8cbfa7000 	C:\Program Files\Eclipse Adoptium\jdk-17.0.14.7-hotspot\bin\jli.dll
0x00007ff8c3800000 - 0x00007ff8c381e000 	C:\Program Files\Eclipse Adoptium\jdk-17.0.14.7-hotspot\bin\VCRUNTIME140.dll
0x00007ff8ef750000 - 0x00007ff8ef91a000 	C:\WINDOWS\System32\USER32.dll
0x00007ff8ed1a0000 - 0x00007ff8ed1c7000 	C:\WINDOWS\System32\win32u.dll
0x00007ff8cfa50000 - 0x00007ff8cfcea000 	C:\WINDOWS\WinSxS\amd64_microsoft.windows.common-controls_6595b64144ccf1df_6.0.26100.4202_none_3e0698d4e335f517\COMCTL32.dll
0x00007ff8eebf0000 - 0x00007ff8eec1b000 	C:\WINDOWS\System32\GDI32.dll
0x00007ff8edfa0000 - 0x00007ff8ee049000 	C:\WINDOWS\System32\msvcrt.dll
0x00007ff8ed540000 - 0x00007ff8ed677000 	C:\WINDOWS\System32\gdi32full.dll
0x00007ff8ecbb0000 - 0x00007ff8ecc53000 	C:\WINDOWS\System32\msvcp_win.dll
0x00007ff8ef660000 - 0x00007ff8ef690000 	C:\WINDOWS\System32\IMM32.DLL
0x00007ff8dadf0000 - 0x00007ff8dadfc000 	C:\Program Files\Eclipse Adoptium\jdk-17.0.14.7-hotspot\bin\vcruntime140_1.dll
0x00007ff8b8150000 - 0x00007ff8b81dd000 	C:\Program Files\Eclipse Adoptium\jdk-17.0.14.7-hotspot\bin\msvcp140.dll
0x00007ff804f40000 - 0x00007ff805bab000 	C:\Program Files\Eclipse Adoptium\jdk-17.0.14.7-hotspot\bin\server\jvm.dll
0x00007ff8ef4f0000 - 0x00007ff8ef5a3000 	C:\WINDOWS\System32\ADVAPI32.dll
0x00007ff8ef440000 - 0x00007ff8ef4e6000 	C:\WINDOWS\System32\sechost.dll
0x00007ff8ee050000 - 0x00007ff8ee165000 	C:\WINDOWS\System32\RPCRT4.dll
0x00007ff8edd70000 - 0x00007ff8edde4000 	C:\WINDOWS\System32\WS2_32.dll
0x00007ff8df4f0000 - 0x00007ff8df525000 	C:\WINDOWS\SYSTEM32\WINMM.dll
0x00007ff8db270000 - 0x00007ff8db27b000 	C:\WINDOWS\SYSTEM32\VERSION.dll
0x00007ff8eb7a0000 - 0x00007ff8eb7fe000 	C:\WINDOWS\SYSTEM32\POWRPROF.dll
0x00007ff8eb780000 - 0x00007ff8eb794000 	C:\WINDOWS\SYSTEM32\UMPDC.dll
0x00007ff8eba90000 - 0x00007ff8ebaab000 	C:\WINDOWS\SYSTEM32\kernel.appcore.dll
0x00007ff8dad90000 - 0x00007ff8dad9a000 	C:\Program Files\Eclipse Adoptium\jdk-17.0.14.7-hotspot\bin\jimage.dll
0x00007ff8ea4c0000 - 0x00007ff8ea701000 	C:\WINDOWS\SYSTEM32\DBGHELP.DLL
0x00007ff8ee770000 - 0x00007ff8eeaf5000 	C:\WINDOWS\System32\combase.dll
0x00007ff8eeb00000 - 0x00007ff8eebe1000 	C:\WINDOWS\System32\OLEAUT32.dll
0x00007ff8d78c0000 - 0x00007ff8d78f9000 	C:\WINDOWS\SYSTEM32\dbgcore.DLL
0x00007ff8ed4a0000 - 0x00007ff8ed539000 	C:\WINDOWS\System32\bcryptPrimitives.dll
0x00007ff8c37c0000 - 0x00007ff8c37e5000 	C:\Program Files\Eclipse Adoptium\jdk-17.0.14.7-hotspot\bin\java.dll
0x00007ff88d9b0000 - 0x00007ff88da87000 	C:\Program Files\Eclipse Adoptium\jdk-17.0.14.7-hotspot\bin\jsvml.dll
0x00007ff8eecb0000 - 0x00007ff8ef3f2000 	C:\WINDOWS\System32\SHELL32.dll
0x00007ff8ed1d0000 - 0x00007ff8ed344000 	C:\WINDOWS\System32\wintypes.dll
0x00007ff8ea710000 - 0x00007ff8eaf68000 	C:\WINDOWS\SYSTEM32\windows.storage.dll
0x00007ff8ee3b0000 - 0x00007ff8ee4a1000 	C:\WINDOWS\System32\SHCORE.dll
0x00007ff8ef5f0000 - 0x00007ff8ef65a000 	C:\WINDOWS\System32\shlwapi.dll
0x00007ff8ecac0000 - 0x00007ff8ecaef000 	C:\WINDOWS\SYSTEM32\profapi.dll
0x00007ff8c2a10000 - 0x00007ff8c2a29000 	C:\Program Files\Eclipse Adoptium\jdk-17.0.14.7-hotspot\bin\net.dll
0x00007ff8e28d0000 - 0x00007ff8e29ee000 	C:\WINDOWS\SYSTEM32\WINHTTP.dll
0x00007ff8ec000000 - 0x00007ff8ec06a000 	C:\WINDOWS\system32\mswsock.dll
0x00007ff8c28f0000 - 0x00007ff8c2906000 	C:\Program Files\Eclipse Adoptium\jdk-17.0.14.7-hotspot\bin\nio.dll
0x00007ff8c2240000 - 0x00007ff8c2258000 	C:\Program Files\Eclipse Adoptium\jdk-17.0.14.7-hotspot\bin\zip.dll
0x00007ff8cc630000 - 0x00007ff8cc63a000 	C:\Program Files\Eclipse Adoptium\jdk-17.0.14.7-hotspot\bin\management.dll
0x00007ff8cbf80000 - 0x00007ff8cbf8b000 	C:\Program Files\Eclipse Adoptium\jdk-17.0.14.7-hotspot\bin\management_ext.dll
0x00007ff8ef5e0000 - 0x00007ff8ef5e8000 	C:\WINDOWS\System32\PSAPI.DLL
0x00007ff8c51b0000 - 0x00007ff8c51be000 	C:\Program Files\Eclipse Adoptium\jdk-17.0.14.7-hotspot\bin\sunmscapi.dll
0x00007ff8ed680000 - 0x00007ff8ed7f7000 	C:\WINDOWS\System32\CRYPT32.dll
0x00007ff8ec4d0000 - 0x00007ff8ec500000 	C:\WINDOWS\SYSTEM32\ncrypt.dll
0x00007ff8ec480000 - 0x00007ff8ec4bf000 	C:\WINDOWS\SYSTEM32\NTASN1.dll
0x00007ff8ec2b0000 - 0x00007ff8ec2cb000 	C:\WINDOWS\SYSTEM32\CRYPTSP.dll
0x00007ff8eb9f0000 - 0x00007ff8eba2a000 	C:\WINDOWS\system32\rsaenh.dll
0x00007ff8ec0a0000 - 0x00007ff8ec0cb000 	C:\WINDOWS\SYSTEM32\USERENV.dll
0x00007ff8eca90000 - 0x00007ff8ecab6000 	C:\WINDOWS\SYSTEM32\bcrypt.dll
0x00007ff8ec2d0000 - 0x00007ff8ec2dc000 	C:\WINDOWS\SYSTEM32\CRYPTBASE.dll
0x00007ff8eb3e0000 - 0x00007ff8eb413000 	C:\WINDOWS\SYSTEM32\IPHLPAPI.DLL
0x00007ff8ef430000 - 0x00007ff8ef43a000 	C:\WINDOWS\System32\NSI.dll
0x00007ff8e3700000 - 0x00007ff8e371f000 	C:\WINDOWS\SYSTEM32\dhcpcsvc6.DLL
0x00007ff8e3680000 - 0x00007ff8e36a5000 	C:\WINDOWS\SYSTEM32\dhcpcsvc.DLL
0x00007ff8eb420000 - 0x00007ff8eb547000 	C:\WINDOWS\SYSTEM32\DNSAPI.dll
0x00007ff8cc6c0000 - 0x00007ff8cc6d0000 	C:\Program Files\Eclipse Adoptium\jdk-17.0.14.7-hotspot\bin\verify.dll
0x00007ff8df3d0000 - 0x00007ff8df3db000 	C:\Windows\System32\rasadhlp.dll
0x00007ff8e3850000 - 0x00007ff8e38d6000 	C:\WINDOWS\System32\fwpuclnt.dll
0x00007ff8c20d0000 - 0x00007ff8c20d9000 	C:\Program Files\Eclipse Adoptium\jdk-17.0.14.7-hotspot\bin\extnet.dll

dbghelp: loaded successfully - version: 4.0.5 - missing functions: none
symbol engine: initialized successfully - sym options: 0x614 - pdb path: .;C:\Program Files\Eclipse Adoptium\jdk-17.0.14.7-hotspot\bin;C:\WINDOWS\SYSTEM32;C:\WINDOWS\WinSxS\amd64_microsoft.windows.common-controls_6595b64144ccf1df_6.0.26100.4202_none_3e0698d4e335f517;C:\Program Files\Eclipse Adoptium\jdk-17.0.14.7-hotspot\bin\server

VM Arguments:
jvm_args: -XX:TieredStopAtLevel=1 
java_command: com.truyenchu.demo.TruyenchuApplication
java_class_path (initial): C:\Users\Asus\Downloads\demo (2)\demo\target\classes;C:\Users\Asus\.m2\repository\ch\qos\logback\logback-classic\1.5.18\logback-classic-1.5.18.jar;C:\Users\Asus\.m2\repository\ch\qos\logback\logback-core\1.5.18\logback-core-1.5.18.jar;C:\Users\Asus\.m2\repository\org\apache\logging\log4j\log4j-to-slf4j\2.24.3\log4j-to-slf4j-2.24.3.jar;C:\Users\Asus\.m2\repository\org\apache\logging\log4j\log4j-api\2.24.3\log4j-api-2.24.3.jar;C:\Users\Asus\.m2\repository\org\slf4j\jul-to-slf4j\2.0.17\jul-to-slf4j-2.0.17.jar;C:\Users\Asus\.m2\repository\jakarta\annotation\jakarta.annotation-api\2.1.1\jakarta.annotation-api-2.1.1.jar;C:\Users\Asus\.m2\repository\org\yaml\snakeyaml\2.4\snakeyaml-2.4.jar;C:\Users\Asus\.m2\repository\com\zaxxer\HikariCP\6.3.0\HikariCP-6.3.0.jar;C:\Users\Asus\.m2\repository\org\springframework\spring-jdbc\6.2.7\spring-jdbc-6.2.7.jar;C:\Users\Asus\.m2\repository\org\hibernate\orm\hibernate-core\6.6.15.Final\hibernate-core-6.6.15.Final.jar;C:\Users\Asus\.m2\repository\jakarta\persistence\jakarta.persistence-api\3.1.0\jakarta.persistence-api-3.1.0.jar;C:\Users\Asus\.m2\repository\org\jboss\logging\jboss-logging\3.6.1.Final\jboss-logging-3.6.1.Final.jar;C:\Users\Asus\.m2\repository\org\hibernate\common\hibernate-commons-annotations\7.0.3.Final\hibernate-commons-annotations-7.0.3.Final.jar;C:\Users\Asus\.m2\repository\io\smallrye\jandex\3.2.0\jandex-3.2.0.jar;C:\Users\Asus\.m2\repository\com\fasterxml\classmate\1.7.0\classmate-1.7.0.jar;C:\Users\Asus\.m2\repository\net\bytebuddy\byte-buddy\1.17.5\byte-buddy-1.17.5.jar;C:\Users\Asus\.m2\repository\org\glassfish\jaxb\jaxb-runtime\4.0.5\jaxb-runtime-4.0.5.jar;C:\Users\Asus\.m2\repository\org\glassfish\jaxb\jaxb-core\4.0.5\jaxb-core-4.0.5.jar;C:\Users\Asus\.m2\repository\org\eclipse\angus\angus-activation\2.0.2\angus-activation-2.0.2.jar;C:\Users\Asus\.m2\repository\org\glassfish\jaxb\txw2\4.0.5\txw2-4.0.5.jar;C:\Users\Asus\.m2\repository\com\sun\istack\istack-commons-runtime\4.1.2\ista
Launcher Type: SUN_STANDARD

[Global flags]
     intx CICompilerCount                          = 4                                         {product} {ergonomic}
     uint ConcGCThreads                            = 2                                         {product} {ergonomic}
     uint G1ConcRefinementThreads                  = 8                                         {product} {ergonomic}
   size_t G1HeapRegionSize                         = 2097152                                   {product} {ergonomic}
    uintx GCDrainStackTargetSize                   = 64                                        {product} {ergonomic}
   size_t InitialHeapSize                          = 264241152                                 {product} {ergonomic}
   size_t MarkStackSize                            = 4194304                                   {product} {ergonomic}
   size_t MaxHeapSize                              = 4215275520                                {product} {ergonomic}
   size_t MaxNewSize                               = 2529165312                                {product} {ergonomic}
   size_t MinHeapDeltaBytes                        = 2097152                                   {product} {ergonomic}
   size_t MinHeapSize                              = 8388608                                   {product} {ergonomic}
    uintx NonProfiledCodeHeapSize                  = 0                                      {pd product} {ergonomic}
     bool ProfileInterpreter                       = false                                  {pd product} {command line}
    uintx ProfiledCodeHeapSize                     = 0                                      {pd product} {ergonomic}
   size_t SoftMaxHeapSize                          = 4215275520                             {manageable} {ergonomic}
     intx TieredStopAtLevel                        = 1                                         {product} {command line}
     bool UseCompressedClassPointers               = true                           {product lp64_product} {ergonomic}
     bool UseCompressedOops                        = true                           {product lp64_product} {ergonomic}
     bool UseG1GC                                  = true                                      {product} {ergonomic}
     bool UseLargePagesIndividualAllocation        = false                                  {pd product} {ergonomic}

Logging:
Log output configuration:
 #0: stdout all=warning uptime,level,tags
 #1: stderr all=off uptime,level,tags

Environment Variables:
PATH=C:\Program Files\PowerShell\7;C:\Program Files\Eclipse Adoptium\jdk-17.0.14.7-hotspot\bin;C:\Program Files\Common Files\Oracle\Java\javapath;C:\Program Files (x86)\Common Files\Intel\Shared Libraries\redist\intel64\compiler;C:\Windows\system32;C:\Windows;C:\Windows\System32\Wbem;C:\Windows\System32\WindowsPowerShell\v1.0\;C:\Windows\System32\OpenSSH\;C:\Program Files (x86)\NVIDIA Corporation\PhysX\Common;C:\Program Files\NVIDIA Corporation\NVIDIA NvDLISR;C:\TDM-GCC-64\bin;C:\WINDOWS\system32;C:\WINDOWS;C:\WINDOWS\System32\Wbem;C:\WINDOWS\System32\WindowsPowerShell\v1.0\;C:\WINDOWS\System32\OpenSSH\;C:\Program Files\Microsoft SQL Server\Client SDK\ODBC\170\Tools\Binn\;C:\Program Files (x86)\Microsoft SQL Server\150\Tools\Binn\;C:\Program Files\Microsoft SQL Server\150\Tools\Binn\;C:\Program Files\Microsoft SQL Server\150\DTS\Binn\;C:\Program Files (x86)\Microsoft SQL Server\150\DTS\Binn\;C:\Program Files\Azure Data Studio\bin;C:\Program Files\dotnet\;C:\Program Files\Git\cmd;C:\Program Files (x86)\Microsoft SQL Server\160\DTS\Binn\;C:\Program Files\PowerShell\7\;C:\Users\Asus\AppData\Local\nvm;C:\nvm4w\nodejs;C:\Program Files\Docker\Docker\resources\bin;C:\xampp\php;C:\ProgramData\ComposerSetup\bin;;c:\Users\Asus\AppData\Local\Programs\cursor\resources\app\bin;C:\Program Files\Calibre2\;C:\Program Files\MySQL\MySQL Shell 8.0\bin\;C:\Users\Asus\AppData\Local\Microsoft\WindowsApps;C:\Users\Asus\AppData\Roaming\npm;C:\Users\Asus\AppData\Local\GitHubDesktop\bin;C:\Users\Asus\AppData\Local\Programs\mongosh\;C:\Users\Asus\AppData\Local\Programs\Microsoft VS Code\bin;C:\Program Files\Apache\Maven\apache-maven-3.9.9\bin;C:\Users\Asus\AppData\Roaming\Composer\vendor\bin;C:\Users\Asus\AppData\Local\Programs\cursor\resources\app\bin;C:\Users\Asus\.dotnet\tools;C:\Users\Asus\.bun\bin
USERNAME=Asus
LANG=en_US.UTF-8
OS=Windows_NT
PROCESSOR_IDENTIFIER=Intel64 Family 6 Model 140 Stepping 1, GenuineIntel
TMP=C:\Users\Asus\AppData\Local\Temp
TEMP=C:\Users\Asus\AppData\Local\Temp



Periodic native trim disabled


---------------  S Y S T E M  ---------------

OS:
 Windows 11 , 64 bit Build 26100 (10.0.26100.4202)
OS uptime: 1 days 15:01 hours
Hyper-V role detected

CPU: total 8 (initial active 8) (4 cores per cpu, 2 threads per core) family 6 model 140 stepping 1 microcode 0xa4, cx8, cmov, fxsr, ht, mmx, 3dnowpref, sse, sse2, sse3, ssse3, sse4.1, sse4.2, popcnt, lzcnt, tsc, tscinvbit, avx, avx2, aes, erms, clmul, bmi1, bmi2, adx, avx512f, avx512dq, avx512cd, avx512bw, avx512vl, sha, fma, vzeroupper, avx512_vpopcntdq, avx512_vpclmulqdq, avx512_vaes, avx512_vnni, clflush, clflushopt, clwb, avx512_vbmi2, avx512_vbmi, hv
Processor Information for all 8 processors :
  Max Mhz: 3302, Current Mhz: 3302, Mhz Limit: 3302

Memory: 4k page, system-wide physical 16075M (2018M free)
TotalPageFile size 65227M (AvailPageFile size 9M)
current process WorkingSet (physical memory assigned to process): 409M, peak: 409M
current process commit charge ("private bytes"): 466M, peak: 994M

vm_info: OpenJDK 64-Bit Server VM (17.0.14+7) for windows-amd64 JRE (17.0.14+7), built on Jan 21 2025 23:40:15 by "admin" with MS VC++ 17.7 (VS2022)

END.
