#
# There is insufficient memory for the Java Runtime Environment to continue.
# Native memory allocation (mmap) failed to map 11403264 bytes. Error detail: G1 virtual space
# Possible reasons:
#   The system is out of physical RAM or swap space
#   This process is running with CompressedOops enabled, and the Java Heap may be blocking the growth of the native heap
# Possible solutions:
#   Reduce memory load on the system
#   Increase physical memory or swap space
#   Check if swap backing store is full
#   Decrease Java heap size (-Xmx/-Xms)
#   Decrease number of Java threads
#   Decrease Java thread stack sizes (-Xss)
#   Set larger code cache with -XX:ReservedCodeCacheSize=
#   JVM is running with Zero Based Compressed Oops mode in which the Java heap is
#     placed in the first 32GB address space. The Java Heap base address is the
#     maximum limit for the native heap growth. Please use -XX:HeapBaseMinAddress
#     to set the Java Heap base and to place the Java Heap above 32GB virtual address.
# This output file may be truncated or incomplete.
#
#  Out of Memory Error (os_windows.cpp:3618), pid=3872, tid=34784
#
# JRE version: OpenJDK Runtime Environment Temurin-17.0.14+7 (17.0.14+7) (build 17.0.14+7)
# Java VM: OpenJDK 64-Bit Server VM Temurin-17.0.14+7 (17.0.14+7, mixed mode, emulated-client, sharing, tiered, compressed oops, compressed class ptrs, g1 gc, windows-amd64)
# No core dump will be written. Minidumps are not enabled by default on client versions of Windows
#

---------------  S U M M A R Y ------------

Command Line: -XX:TieredStopAtLevel=1 com.truyenchu.demo.TruyenchuApplication

Host: 11th Gen Intel(R) Core(TM) i7-11370H @ 3.30GHz, 8 cores, 15G,  Windows 11 , 64 bit Build 26100 (10.0.26100.4202)
Time: Sun Jun 29 19:00:06 2025 SE Asia Standard Time elapsed time: 36023.260131 seconds (0d 10h 0m 23s)

---------------  T H R E A D  ---------------

Current thread (0x0000018d6589c7e0):  VMThread "VM Thread" [stack: 0x0000003a42300000,0x0000003a42400000] [id=34784]

Stack: [0x0000003a42300000,0x0000003a42400000]
Native frames: (J=compiled Java code, j=interpreted, Vv=VM code, C=native code)
V  [jvm.dll+0x682eb9]
V  [jvm.dll+0x8399c8]
V  [jvm.dll+0x83b473]
V  [jvm.dll+0x83bae3]
V  [jvm.dll+0x24715f]
V  [jvm.dll+0x67fc99]
V  [jvm.dll+0x674b8a]
V  [jvm.dll+0x304c06]
V  [jvm.dll+0x30c0c6]
V  [jvm.dll+0x35dc53]
V  [jvm.dll+0x35de7d]
V  [jvm.dll+0x2dbfcc]
V  [jvm.dll+0x2da36f]
V  [jvm.dll+0x2d9adc]
V  [jvm.dll+0x31d2bb]
V  [jvm.dll+0x84031d]
V  [jvm.dll+0x841053]
V  [jvm.dll+0x84157f]
V  [jvm.dll+0x841964]
V  [jvm.dll+0x841a2e]
V  [jvm.dll+0x7e948c]
V  [jvm.dll+0x681d97]
C  [ucrtbase.dll+0x37b0]
C  [KERNEL32.DLL+0x2e8d7]
C  [ntdll.dll+0x3c34c]

VM_Operation (0x0000003a453f6b90): G1CollectForAllocation, mode: safepoint, requested by thread 0x0000018d6d5409f0


---------------  P R O C E S S  ---------------

Threads class SMR info:
_java_thread_list=0x0000018d6d9d53b0, length=57, elements={
0x0000018d6589fd10, 0x0000018d658a08d0, 0x0000018d658c0650, 0x0000018d658c1010,
0x0000018d658c19d0, 0x0000018d658c2390, 0x0000018d658c2d50, 0x0000018d658c5970,
0x0000018d65db1ac0, 0x0000018d65dc4410, 0x0000018d6b4c9910, 0x0000018d6ac74ec0,
0x0000018d6d53d240, 0x0000018d6d53be00, 0x0000018d6d539fa0, 0x0000018d6d53a9c0,
0x0000018d6d53a4b0, 0x0000018d6d539070, 0x0000018d6d53fac0, 0x0000018d6d53d750,
0x0000018d6d53dc60, 0x0000018d6d53e170, 0x0000018d6d53e680, 0x0000018d6d53eb90,
0x0000018d6d5409f0, 0x0000018d6d53f5b0, 0x0000018d6d53ffd0, 0x0000018d6d5404e0,
0x0000018d6ac75df0, 0x0000018d6ac76300, 0x0000018d6ac744a0, 0x0000018d6ac73060,
0x0000018d6ac758e0, 0x0000018d6d53c310, 0x0000018d72161c50, 0x0000018d72164ef0,
0x0000018d72166330, 0x0000018d725d90f0, 0x0000018d6d833ae0, 0x0000018d6d834f20,
0x0000018d7264f7d0, 0x0000018d6db41850, 0x0000018d6db40410, 0x0000018d6db3ff00,
0x0000018d6d834500, 0x0000018d6ddf9890, 0x0000018d6ddfa7c0, 0x0000018d6ddf9da0,
0x0000018d6ddfacd0, 0x0000018d6ddfa2b0, 0x0000018d6dc35f60, 0x0000018d6dc36e90,
0x0000018d6dc373a0, 0x0000018d6dc36470, 0x0000018d6dc36980, 0x0000018d6dc378b0,
0x0000018d6dc387e0
}

Java Threads: ( => current thread )
  0x0000018d6589fd10 JavaThread "Reference Handler" daemon [_thread_blocked, id=36976, stack(0x0000003a42400000,0x0000003a42500000)]
  0x0000018d658a08d0 JavaThread "Finalizer" daemon [_thread_blocked, id=15368, stack(0x0000003a42500000,0x0000003a42600000)]
  0x0000018d658c0650 JavaThread "Signal Dispatcher" daemon [_thread_blocked, id=20776, stack(0x0000003a42600000,0x0000003a42700000)]
  0x0000018d658c1010 JavaThread "Attach Listener" daemon [_thread_blocked, id=8436, stack(0x0000003a42700000,0x0000003a42800000)]
  0x0000018d658c19d0 JavaThread "Service Thread" daemon [_thread_blocked, id=33504, stack(0x0000003a42800000,0x0000003a42900000)]
  0x0000018d658c2390 JavaThread "Monitor Deflation Thread" daemon [_thread_blocked, id=39880, stack(0x0000003a42900000,0x0000003a42a00000)]
  0x0000018d658c2d50 JavaThread "C1 CompilerThread0" daemon [_thread_blocked, id=9372, stack(0x0000003a42a00000,0x0000003a42b00000)]
  0x0000018d658c5970 JavaThread "Sweeper thread" daemon [_thread_blocked, id=29196, stack(0x0000003a42b00000,0x0000003a42c00000)]
  0x0000018d65db1ac0 JavaThread "Notification Thread" daemon [_thread_blocked, id=17432, stack(0x0000003a42f00000,0x0000003a43000000)]
  0x0000018d65dc4410 JavaThread "Common-Cleaner" daemon [_thread_blocked, id=28344, stack(0x0000003a43100000,0x0000003a43200000)]
  0x0000018d6b4c9910 JavaThread "mysql-cj-abandoned-connection-cleanup" daemon [_thread_blocked, id=15168, stack(0x0000003a43c00000,0x0000003a43d00000)]
  0x0000018d6ac74ec0 JavaThread "Live Reload Server" daemon [_thread_in_native, id=20232, stack(0x0000003a44a00000,0x0000003a44b00000)]
  0x0000018d6d53d240 JavaThread "DestroyJavaVM" [_thread_blocked, id=32420, stack(0x0000003a41d00000,0x0000003a41e00000)]
  0x0000018d6d53be00 JavaThread "HikariPool-4:housekeeper" daemon [_thread_blocked, id=1828, stack(0x0000003a43800000,0x0000003a43900000)]
  0x0000018d6d539fa0 JavaThread "Catalina-utility-1" [_thread_blocked, id=6172, stack(0x0000003a44000000,0x0000003a44100000)]
  0x0000018d6d53a9c0 JavaThread "Catalina-utility-2" [_thread_blocked, id=32324, stack(0x0000003a44100000,0x0000003a44200000)]
  0x0000018d6d53a4b0 JavaThread "container-0" [_thread_blocked, id=3744, stack(0x0000003a44200000,0x0000003a44300000)]
  0x0000018d6d539070 JavaThread "lettuce-timer-9-1" daemon [_thread_blocked, id=39284, stack(0x0000003a44900000,0x0000003a44a00000)]
  0x0000018d6d53fac0 JavaThread "File Watcher" daemon [_thread_blocked, id=28712, stack(0x0000003a44b00000,0x0000003a44c00000)]
  0x0000018d6d53d750 JavaThread "MessageBroker-1" [_thread_blocked, id=5908, stack(0x0000003a44c00000,0x0000003a44d00000)]
  0x0000018d6d53dc60 JavaThread "http-nio-0.0.0.0-8080-exec-1" daemon [_thread_blocked, id=38036, stack(0x0000003a44d00000,0x0000003a44e00000)]
  0x0000018d6d53e170 JavaThread "http-nio-0.0.0.0-8080-exec-2" daemon [_thread_blocked, id=35552, stack(0x0000003a44e00000,0x0000003a44f00000)]
  0x0000018d6d53e680 JavaThread "http-nio-0.0.0.0-8080-exec-4" daemon [_thread_blocked, id=30980, stack(0x0000003a45000000,0x0000003a45100000)]
  0x0000018d6d53eb90 JavaThread "http-nio-0.0.0.0-8080-exec-5" daemon [_thread_blocked, id=24712, stack(0x0000003a45100000,0x0000003a45200000)]
  0x0000018d6d5409f0 JavaThread "http-nio-0.0.0.0-8080-exec-7" daemon [_thread_blocked, id=38056, stack(0x0000003a45300000,0x0000003a45400000)]
  0x0000018d6d53f5b0 JavaThread "http-nio-0.0.0.0-8080-exec-8" daemon [_thread_blocked, id=32128, stack(0x0000003a45400000,0x0000003a45500000)]
  0x0000018d6d53ffd0 JavaThread "http-nio-0.0.0.0-8080-exec-9" daemon [_thread_blocked, id=16088, stack(0x0000003a45500000,0x0000003a45600000)]
  0x0000018d6d5404e0 JavaThread "http-nio-0.0.0.0-8080-exec-10" daemon [_thread_blocked, id=19588, stack(0x0000003a45600000,0x0000003a45700000)]
  0x0000018d6ac75df0 JavaThread "http-nio-0.0.0.0-8080-Poller" daemon [_thread_blocked, id=4256, stack(0x0000003a45700000,0x0000003a45800000)]
  0x0000018d6ac76300 JavaThread "http-nio-0.0.0.0-8080-Acceptor" daemon [_thread_in_native, id=15280, stack(0x0000003a45800000,0x0000003a45900000)]
  0x0000018d6ac744a0 JavaThread "MessageBroker-2" [_thread_blocked, id=35096, stack(0x0000003a41b00000,0x0000003a41c00000)]
  0x0000018d6ac73060 JavaThread "MessageBroker-4" [_thread_blocked, id=30284, stack(0x0000003a43700000,0x0000003a43800000)]
  0x0000018d6ac758e0 JavaThread "MessageBroker-3" [_thread_blocked, id=14548, stack(0x0000003a43e00000,0x0000003a43f00000)]
  0x0000018d6d53c310 JavaThread "MessageBroker-5" [_thread_blocked, id=12356, stack(0x0000003a43f00000,0x0000003a44000000)]
  0x0000018d72161c50 JavaThread "MessageBroker-6" [_thread_blocked, id=26328, stack(0x0000003a45e00000,0x0000003a45f00000)]
  0x0000018d72164ef0 JavaThread "MessageBroker-7" [_thread_blocked, id=38864, stack(0x0000003a41c00000,0x0000003a41d00000)]
  0x0000018d72166330 JavaThread "MessageBroker-8" [_thread_blocked, id=37752, stack(0x0000003a42e00000,0x0000003a42f00000)]
  0x0000018d725d90f0 JavaThread "HttpClient-1-SelectorManager" daemon [_thread_blocked, id=36644, stack(0x0000003a43d00000,0x0000003a43e00000)]
  0x0000018d6d833ae0 JavaThread "http-nio-0.0.0.0-8080-exec-11" daemon [_thread_blocked, id=14876, stack(0x0000003a46e00000,0x0000003a46f00000)]
  0x0000018d6d834f20 JavaThread "http-nio-0.0.0.0-8080-exec-13" daemon [_thread_blocked, id=32688, stack(0x0000003a47000000,0x0000003a47100000)]
  0x0000018d7264f7d0 JavaThread "WebSocket background processing" daemon [_thread_blocked, id=15568, stack(0x0000003a45a00000,0x0000003a45b00000)]
  0x0000018d6db41850 JavaThread "clientInboundChannel-430" [_thread_blocked, id=30324, stack(0x0000003a41a00000,0x0000003a41b00000)]
  0x0000018d6db40410 JavaThread "clientInboundChannel-431" [_thread_blocked, id=10968, stack(0x0000003a42d00000,0x0000003a42e00000)]
  0x0000018d6db3ff00 JavaThread "clientInboundChannel-432" [_thread_blocked, id=34424, stack(0x0000003a44f00000,0x0000003a45000000)]
  0x0000018d6d834500 JavaThread "clientOutboundChannel-202" [_thread_blocked, id=25688, stack(0x0000003a45200000,0x0000003a45300000)]
  0x0000018d6ddf9890 JavaThread "clientInboundChannel-433" [_thread_blocked, id=38740, stack(0x0000003a45900000,0x0000003a45a00000)]
  0x0000018d6ddfa7c0 JavaThread "clientInboundChannel-434" [_thread_blocked, id=13816, stack(0x0000003a45b00000,0x0000003a45c00000)]
  0x0000018d6ddf9da0 JavaThread "clientInboundChannel-435" [_thread_blocked, id=10516, stack(0x0000003a45c00000,0x0000003a45d00000)]
  0x0000018d6ddfacd0 JavaThread "clientInboundChannel-436" [_thread_blocked, id=32656, stack(0x0000003a45d00000,0x0000003a45e00000)]
  0x0000018d6ddfa2b0 JavaThread "clientInboundChannel-437" [_thread_blocked, id=3120, stack(0x0000003a45f00000,0x0000003a46000000)]
  0x0000018d6dc35f60 JavaThread "clientInboundChannel-438" [_thread_blocked, id=14756, stack(0x0000003a46000000,0x0000003a46100000)]
  0x0000018d6dc36e90 JavaThread "clientInboundChannel-439" [_thread_blocked, id=17760, stack(0x0000003a46100000,0x0000003a46200000)]
  0x0000018d6dc373a0 JavaThread "clientInboundChannel-440" [_thread_blocked, id=16376, stack(0x0000003a46200000,0x0000003a46300000)]
  0x0000018d6dc36470 JavaThread "clientInboundChannel-441" [_thread_blocked, id=27800, stack(0x0000003a46300000,0x0000003a46400000)]
  0x0000018d6dc36980 JavaThread "clientInboundChannel-442" [_thread_blocked, id=10332, stack(0x0000003a46400000,0x0000003a46500000)]
  0x0000018d6dc378b0 JavaThread "clientInboundChannel-443" [_thread_blocked, id=27760, stack(0x0000003a46500000,0x0000003a46600000)]
  0x0000018d6dc387e0 JavaThread "clientInboundChannel-444" [_thread_blocked, id=10880, stack(0x0000003a46600000,0x0000003a46700000)]

Other Threads:
=>0x0000018d6589c7e0 VMThread "VM Thread" [stack: 0x0000003a42300000,0x0000003a42400000] [id=34784]
  0x0000018d65db9f90 WatcherThread [stack: 0x0000003a43000000,0x0000003a43100000] [id=37612]
  0x0000018d4e7b3950 GCTaskThread "GC Thread#0" [stack: 0x0000003a41e00000,0x0000003a41f00000] [id=24488]
  0x0000018d6a63bad0 GCTaskThread "GC Thread#1" [stack: 0x0000003a43200000,0x0000003a43300000] [id=32560]
  0x0000018d6a63bd90 GCTaskThread "GC Thread#2" [stack: 0x0000003a43300000,0x0000003a43400000] [id=38228]
  0x0000018d6a63c050 GCTaskThread "GC Thread#3" [stack: 0x0000003a43400000,0x0000003a43500000] [id=25168]
  0x0000018d6a63c720 GCTaskThread "GC Thread#4" [stack: 0x0000003a43500000,0x0000003a43600000] [id=34124]
  0x0000018d6a68f020 GCTaskThread "GC Thread#5" [stack: 0x0000003a43600000,0x0000003a43700000] [id=38012]
  0x0000018d6a87ddb0 GCTaskThread "GC Thread#6" [stack: 0x0000003a43900000,0x0000003a43a00000] [id=16136]
  0x0000018d6adf7b10 GCTaskThread "GC Thread#7" [stack: 0x0000003a43b00000,0x0000003a43c00000] [id=38592]
  0x0000018d4e7c43e0 ConcurrentGCThread "G1 Main Marker" [stack: 0x0000003a41f00000,0x0000003a42000000] [id=1064]
  0x0000018d4e7c4e00 ConcurrentGCThread "G1 Conc#0" [stack: 0x0000003a42000000,0x0000003a42100000] [id=35692]
  0x0000018d6b12bb40 ConcurrentGCThread "G1 Conc#1" [stack: 0x0000003a43a00000,0x0000003a43b00000] [id=29664]
  0x0000018d657d08a0 ConcurrentGCThread "G1 Refine#0" [stack: 0x0000003a42100000,0x0000003a42200000] [id=38940]
  0x0000018d6c6d2080 ConcurrentGCThread "G1 Refine#1" [stack: 0x0000003a44300000,0x0000003a44400000] [id=27528]
  0x0000018d6c971ff0 ConcurrentGCThread "G1 Refine#2" [stack: 0x0000003a44400000,0x0000003a44500000] [id=3212]
  0x0000018d6c8f9c70 ConcurrentGCThread "G1 Refine#3" [stack: 0x0000003a44500000,0x0000003a44600000] [id=21436]
  0x0000018d6cb78540 ConcurrentGCThread "G1 Refine#4" [stack: 0x0000003a44600000,0x0000003a44700000] [id=12280]
  0x0000018d6cb770b0 ConcurrentGCThread "G1 Refine#5" [stack: 0x0000003a44700000,0x0000003a44800000] [id=21024]
  0x0000018d6cb78b20 ConcurrentGCThread "G1 Refine#6" [stack: 0x0000003a44800000,0x0000003a44900000] [id=20212]
  0x0000018d6cb77690 ConcurrentGCThread "G1 Refine#7" [stack: 0x0000003a42c00000,0x0000003a42d00000] [id=37672]
  0x0000018d657d1170 ConcurrentGCThread "G1 Service" [stack: 0x0000003a42200000,0x0000003a42300000] [id=36980]

Threads with active compile tasks:

VM state: at safepoint (normal execution)

VM Mutex/Monitor currently owned by a thread:  ([mutex/lock_event])
[0x0000018d4ccc32f0] Threads_lock - owner thread: 0x0000018d6589c7e0
[0x0000018d4e740b20] Heap_lock - owner thread: 0x0000018d6d5409f0

Heap address: 0x0000000704c00000, size: 4020 MB, Compressed Oops mode: Zero based, Oop shift amount: 3

CDS archive(s) mapped at: [0x0000018d00000000-0x0000018d00bb0000-0x0000018d00bb0000), size 12255232, SharedBaseAddress: 0x0000018d00000000, ArchiveRelocationMode: 1.
Compressed class space mapped at: 0x0000018d01000000-0x0000018d41000000, reserved size: 1073741824
Narrow klass base: 0x0000018d00000000, Narrow klass shift: 0, Narrow klass range: 0x100000000

GC Precious Log:
 CPUs: 8 total, 8 available
 Memory: 16075M
 Large Page Support: Disabled
 NUMA Support: Disabled
 Compressed Oops: Enabled (Zero based)
 Heap Region Size: 2M
 Heap Min Capacity: 8M
 Heap Initial Capacity: 252M
 Heap Max Capacity: 4020M
 Pre-touch: Disabled
 Parallel Workers: 8
 Concurrent Workers: 2
 Concurrent Refinement Workers: 8
 Periodic GC: Disabled

Heap:
 garbage-first heap   total 434176K, used 251377K [0x0000000704c00000, 0x0000000800000000)
  region size 2048K, 2 young (4096K), 2 survivors (4096K)
 Metaspace       used 102065K, committed 103424K, reserved 1179648K
  class space    used 14649K, committed 15232K, reserved 1048576K

Heap Regions: E=young(eden), S=young(survivor), O=old, HS=humongous(starts), HC=humongous(continues), CS=collection set, F=free, OA=open archive, CA=closed archive, TAMS=top-at-mark-start (previous, next)
|   0|0x0000000704c00000, 0x0000000704e00000, 0x0000000704e00000|100%| O|  |TAMS 0x0000000704e00000, 0x0000000704c00000| Untracked 
|   1|0x0000000704e00000, 0x0000000705000000, 0x0000000705000000|100%| O|  |TAMS 0x0000000705000000, 0x0000000704e00000| Untracked 
|   2|0x0000000705000000, 0x0000000705200000, 0x0000000705200000|100%| O|  |TAMS 0x0000000705200000, 0x0000000705000000| Untracked 
|   3|0x0000000705200000, 0x0000000705400000, 0x0000000705400000|100%| O|  |TAMS 0x0000000705400000, 0x0000000705200000| Untracked 
|   4|0x0000000705400000, 0x00000007055fffc8, 0x0000000705600000| 99%| O|  |TAMS 0x00000007055fffc8, 0x0000000705400000| Untracked 
|   5|0x0000000705600000, 0x0000000705800000, 0x0000000705800000|100%| O|  |TAMS 0x0000000705800000, 0x0000000705600000| Updating 
|   6|0x0000000705800000, 0x00000007059ffff8, 0x0000000705a00000| 99%| O|  |TAMS 0x00000007059ffff8, 0x0000000705800000| Updating 
|   7|0x0000000705a00000, 0x0000000705bfea38, 0x0000000705c00000| 99%| O|  |TAMS 0x0000000705bfea38, 0x0000000705a00000| Untracked 
|   8|0x0000000705c00000, 0x0000000705e00000, 0x0000000705e00000|100%| O|  |TAMS 0x0000000705e00000, 0x0000000705c00000| Updating 
|   9|0x0000000705e00000, 0x0000000705fffff0, 0x0000000706000000| 99%| O|  |TAMS 0x0000000705fffff0, 0x0000000705e00000| Updating 
|  10|0x0000000706000000, 0x0000000706200000, 0x0000000706200000|100%| O|  |TAMS 0x0000000706200000, 0x0000000706000000| Updating 
|  11|0x0000000706200000, 0x00000007063ffff0, 0x0000000706400000| 99%| O|  |TAMS 0x00000007063ffff0, 0x0000000706200000| Untracked 
|  12|0x0000000706400000, 0x0000000706600000, 0x0000000706600000|100%| O|  |TAMS 0x0000000706600000, 0x0000000706400000| Untracked 
|  13|0x0000000706600000, 0x00000007067fffe8, 0x0000000706800000| 99%| O|  |TAMS 0x00000007067fffe8, 0x0000000706600000| Untracked 
|  14|0x0000000706800000, 0x00000007069fffe8, 0x0000000706a00000| 99%| O|  |TAMS 0x00000007069fffe8, 0x0000000706800000| Updating 
|  15|0x0000000706a00000, 0x0000000706c00000, 0x0000000706c00000|100%| O|  |TAMS 0x0000000706c00000, 0x0000000706a00000| Untracked 
|  16|0x0000000706c00000, 0x0000000706e00000, 0x0000000706e00000|100%| O|  |TAMS 0x0000000706e00000, 0x0000000706c00000| Updating 
|  17|0x0000000706e00000, 0x0000000706fffff8, 0x0000000707000000| 99%| O|  |TAMS 0x0000000706fffff8, 0x0000000706e00000| Updating 
|  18|0x0000000707000000, 0x00000007071ffff0, 0x0000000707200000| 99%| O|  |TAMS 0x00000007071ffff0, 0x0000000707000000| Updating 
|  19|0x0000000707200000, 0x00000007073fffd0, 0x0000000707400000| 99%| O|  |TAMS 0x00000007073fffd0, 0x0000000707200000| Untracked 
|  20|0x0000000707400000, 0x00000007075fffb8, 0x0000000707600000| 99%| O|  |TAMS 0x00000007075fffb8, 0x0000000707400000| Updating 
|  21|0x0000000707600000, 0x00000007077ffff0, 0x0000000707800000| 99%| O|  |TAMS 0x00000007077ffff0, 0x0000000707600000| Updating 
|  22|0x0000000707800000, 0x00000007079fffc0, 0x0000000707a00000| 99%| O|  |TAMS 0x00000007079fffc0, 0x0000000707800000| Updating 
|  23|0x0000000707a00000, 0x0000000707c00000, 0x0000000707c00000|100%| O|  |TAMS 0x0000000707c00000, 0x0000000707a00000| Updating 
|  24|0x0000000707c00000, 0x0000000707e00000, 0x0000000707e00000|100%| O|  |TAMS 0x0000000707e00000, 0x0000000707c00000| Untracked 
|  25|0x0000000707e00000, 0x0000000708000000, 0x0000000708000000|100%| O|  |TAMS 0x0000000708000000, 0x0000000707e00000| Updating 
|  26|0x0000000708000000, 0x0000000708200000, 0x0000000708200000|100%| O|  |TAMS 0x0000000708200000, 0x0000000708000000| Updating 
|  27|0x0000000708200000, 0x0000000708400000, 0x0000000708400000|100%| O|  |TAMS 0x0000000708400000, 0x0000000708200000| Untracked 
|  28|0x0000000708400000, 0x00000007085fffc8, 0x0000000708600000| 99%| O|  |TAMS 0x00000007085fffc8, 0x0000000708400000| Untracked 
|  29|0x0000000708600000, 0x0000000708800000, 0x0000000708800000|100%| O|  |TAMS 0x0000000708600000, 0x0000000708600000| Untracked 
|  30|0x0000000708800000, 0x0000000708a00000, 0x0000000708a00000|100%| O|  |TAMS 0x0000000708a00000, 0x0000000708800000| Updating 
|  31|0x0000000708a00000, 0x0000000708c00000, 0x0000000708c00000|100%| O|  |TAMS 0x0000000708c00000, 0x0000000708a00000| Updating 
|  32|0x0000000708c00000, 0x0000000708e00000, 0x0000000708e00000|100%| O|  |TAMS 0x0000000708e00000, 0x0000000708c00000| Updating 
|  33|0x0000000708e00000, 0x0000000709000000, 0x0000000709000000|100%| O|  |TAMS 0x0000000709000000, 0x0000000708e00000| Updating 
|  34|0x0000000709000000, 0x0000000709200000, 0x0000000709200000|100%| O|  |TAMS 0x0000000709200000, 0x0000000709000000| Untracked 
|  35|0x0000000709200000, 0x0000000709400000, 0x0000000709400000|100%| O|  |TAMS 0x0000000709400000, 0x0000000709200000| Updating 
|  36|0x0000000709400000, 0x0000000709600000, 0x0000000709600000|100%| O|  |TAMS 0x0000000709600000, 0x0000000709400000| Updating 
|  37|0x0000000709600000, 0x0000000709800000, 0x0000000709800000|100%| O|  |TAMS 0x0000000709800000, 0x0000000709600000| Untracked 
|  38|0x0000000709800000, 0x0000000709a00000, 0x0000000709a00000|100%| O|  |TAMS 0x0000000709a00000, 0x0000000709800000| Updating 
|  39|0x0000000709a00000, 0x0000000709c00000, 0x0000000709c00000|100%| O|  |TAMS 0x0000000709a00000, 0x0000000709a00000| Untracked 
|  40|0x0000000709c00000, 0x0000000709e00000, 0x0000000709e00000|100%| O|  |TAMS 0x0000000709e00000, 0x0000000709c00000| Updating 
|  41|0x0000000709e00000, 0x000000070a000000, 0x000000070a000000|100%| O|  |TAMS 0x000000070a000000, 0x0000000709e00000| Updating 
|  42|0x000000070a000000, 0x000000070a200000, 0x000000070a200000|100%| O|  |TAMS 0x000000070a000000, 0x000000070a000000| Untracked 
|  43|0x000000070a200000, 0x000000070a400000, 0x000000070a400000|100%| O|  |TAMS 0x000000070a400000, 0x000000070a200000| Updating 
|  44|0x000000070a400000, 0x000000070a600000, 0x000000070a600000|100%| O|  |TAMS 0x000000070a600000, 0x000000070a400000| Updating 
|  45|0x000000070a600000, 0x000000070a800000, 0x000000070a800000|100%| O|  |TAMS 0x000000070a800000, 0x000000070a600000| Updating 
|  46|0x000000070a800000, 0x000000070aa00000, 0x000000070aa00000|100%| O|  |TAMS 0x000000070aa00000, 0x000000070a800000| Updating 
|  47|0x000000070aa00000, 0x000000070ac00000, 0x000000070ac00000|100%| O|  |TAMS 0x000000070ac00000, 0x000000070aa00000| Untracked 
|  48|0x000000070ac00000, 0x000000070ae00000, 0x000000070ae00000|100%| O|  |TAMS 0x000000070ae00000, 0x000000070ac00000| Updating 
|  49|0x000000070ae00000, 0x000000070b000000, 0x000000070b000000|100%| O|  |TAMS 0x000000070b000000, 0x000000070ae00000| Untracked 
|  50|0x000000070b000000, 0x000000070b200000, 0x000000070b200000|100%| O|  |TAMS 0x000000070b000000, 0x000000070b000000| Untracked 
|  51|0x000000070b200000, 0x000000070b400000, 0x000000070b400000|100%| O|  |TAMS 0x000000070b200000, 0x000000070b200000| Untracked 
|  52|0x000000070b400000, 0x000000070b600000, 0x000000070b600000|100%| O|  |TAMS 0x000000070b400000, 0x000000070b400000| Untracked 
|  53|0x000000070b600000, 0x000000070b800000, 0x000000070b800000|100%| O|  |TAMS 0x000000070b600000, 0x000000070b600000| Untracked 
|  54|0x000000070b800000, 0x000000070ba00000, 0x000000070ba00000|100%| O|  |TAMS 0x000000070b800000, 0x000000070b800000| Untracked 
|  55|0x000000070ba00000, 0x000000070bbffff8, 0x000000070bc00000| 99%| O|  |TAMS 0x000000070bbffff8, 0x000000070ba00000| Untracked 
|  56|0x000000070bc00000, 0x000000070bdffff8, 0x000000070be00000| 99%| O|  |TAMS 0x000000070bdffff8, 0x000000070bc00000| Updating 
|  57|0x000000070be00000, 0x000000070c000000, 0x000000070c000000|100%| O|  |TAMS 0x000000070be00000, 0x000000070be00000| Untracked 
|  58|0x000000070c000000, 0x000000070c200000, 0x000000070c200000|100%| O|  |TAMS 0x000000070c000000, 0x000000070c000000| Untracked 
|  59|0x000000070c200000, 0x000000070c400000, 0x000000070c400000|100%| O|  |TAMS 0x000000070c200000, 0x000000070c200000| Untracked 
|  60|0x000000070c400000, 0x000000070c600000, 0x000000070c600000|100%| O|  |TAMS 0x000000070c400000, 0x000000070c400000| Untracked 
|  61|0x000000070c600000, 0x000000070c800000, 0x000000070c800000|100%| O|  |TAMS 0x000000070c600000, 0x000000070c600000| Untracked 
|  62|0x000000070c800000, 0x000000070ca00000, 0x000000070ca00000|100%| O|  |TAMS 0x000000070c800000, 0x000000070c800000| Untracked 
|  63|0x000000070ca00000, 0x000000070cc00000, 0x000000070cc00000|100%| O|  |TAMS 0x000000070cc00000, 0x000000070ca00000| Untracked 
|  64|0x000000070cc00000, 0x000000070ce00000, 0x000000070ce00000|100%| O|  |TAMS 0x000000070ce00000, 0x000000070cc00000| Untracked 
|  65|0x000000070ce00000, 0x000000070d000000, 0x000000070d000000|100%| O|  |TAMS 0x000000070d000000, 0x000000070ce00000| Untracked 
|  66|0x000000070d000000, 0x000000070d200000, 0x000000070d200000|100%| O|  |TAMS 0x000000070d200000, 0x000000070d000000| Untracked 
|  67|0x000000070d200000, 0x000000070d400000, 0x000000070d400000|100%| O|  |TAMS 0x000000070d400000, 0x000000070d200000| Untracked 
|  68|0x000000070d400000, 0x000000070d600000, 0x000000070d600000|100%| O|  |TAMS 0x000000070d600000, 0x000000070d400000| Updating 
|  69|0x000000070d600000, 0x000000070d800000, 0x000000070d800000|100%| O|  |TAMS 0x000000070d600000, 0x000000070d600000| Untracked 
|  70|0x000000070d800000, 0x000000070d97de00, 0x000000070da00000| 74%| O|  |TAMS 0x000000070d800000, 0x000000070d800000| Untracked 
|  71|0x000000070da00000, 0x000000070da00000, 0x000000070dc00000|  0%| F|  |TAMS 0x000000070da00000, 0x000000070da00000| Untracked 
|  72|0x000000070dc00000, 0x000000070de00000, 0x000000070de00000|100%| O|  |TAMS 0x000000070de00000, 0x000000070dc00000| Updating 
|  73|0x000000070de00000, 0x000000070e000000, 0x000000070e000000|100%| O|  |TAMS 0x000000070df94800, 0x000000070de00000| Updating 
|  74|0x000000070e000000, 0x000000070e200000, 0x000000070e200000|100%| O|  |TAMS 0x000000070e000000, 0x000000070e000000| Untracked 
|  75|0x000000070e200000, 0x000000070e400000, 0x000000070e400000|100%| O|  |TAMS 0x000000070e200000, 0x000000070e200000| Untracked 
|  76|0x000000070e400000, 0x000000070e600000, 0x000000070e600000|100%| O|  |TAMS 0x000000070e400000, 0x000000070e400000| Untracked 
|  77|0x000000070e600000, 0x000000070e800000, 0x000000070e800000|100%| O|  |TAMS 0x000000070e600000, 0x000000070e600000| Untracked 
|  78|0x000000070e800000, 0x000000070ea00000, 0x000000070ea00000|100%| O|  |TAMS 0x000000070e800000, 0x000000070e800000| Untracked 
|  79|0x000000070ea00000, 0x000000070ec00000, 0x000000070ec00000|100%| O|  |TAMS 0x000000070ea00000, 0x000000070ea00000| Untracked 
|  80|0x000000070ec00000, 0x000000070ee00000, 0x000000070ee00000|100%| O|  |TAMS 0x000000070ec00000, 0x000000070ec00000| Untracked 
|  81|0x000000070ee00000, 0x000000070f000000, 0x000000070f000000|100%| O|  |TAMS 0x000000070ee00000, 0x000000070ee00000| Untracked 
|  82|0x000000070f000000, 0x000000070f200000, 0x000000070f200000|100%| O|  |TAMS 0x000000070f000000, 0x000000070f000000| Untracked 
|  83|0x000000070f200000, 0x000000070f400000, 0x000000070f400000|100%| O|  |TAMS 0x000000070f200000, 0x000000070f200000| Untracked 
|  84|0x000000070f400000, 0x000000070f600000, 0x000000070f600000|100%| O|  |TAMS 0x000000070f400000, 0x000000070f400000| Untracked 
|  85|0x000000070f600000, 0x000000070f800000, 0x000000070f800000|100%| O|  |TAMS 0x000000070f600000, 0x000000070f600000| Untracked 
|  86|0x000000070f800000, 0x000000070fa00000, 0x000000070fa00000|100%| O|  |TAMS 0x000000070f800000, 0x000000070f800000| Untracked 
|  87|0x000000070fa00000, 0x000000070fc00000, 0x000000070fc00000|100%| O|  |TAMS 0x000000070fa00000, 0x000000070fa00000| Untracked 
|  88|0x000000070fc00000, 0x000000070fe00000, 0x000000070fe00000|100%| O|  |TAMS 0x000000070fc00000, 0x000000070fc00000| Untracked 
|  89|0x000000070fe00000, 0x0000000710000000, 0x0000000710000000|100%| O|  |TAMS 0x000000070fe00000, 0x000000070fe00000| Untracked 
|  90|0x0000000710000000, 0x0000000710200000, 0x0000000710200000|100%| O|  |TAMS 0x0000000710000000, 0x0000000710000000| Untracked 
|  91|0x0000000710200000, 0x0000000710400000, 0x0000000710400000|100%| O|  |TAMS 0x0000000710200000, 0x0000000710200000| Untracked 
|  92|0x0000000710400000, 0x0000000710600000, 0x0000000710600000|100%| O|  |TAMS 0x0000000710400000, 0x0000000710400000| Untracked 
|  93|0x0000000710600000, 0x0000000710800000, 0x0000000710800000|100%| O|  |TAMS 0x0000000710600000, 0x0000000710600000| Untracked 
|  94|0x0000000710800000, 0x0000000710a00000, 0x0000000710a00000|100%| O|  |TAMS 0x0000000710800000, 0x0000000710800000| Untracked 
|  95|0x0000000710a00000, 0x0000000710c00000, 0x0000000710c00000|100%| O|  |TAMS 0x0000000710a00000, 0x0000000710a00000| Untracked 
|  96|0x0000000710c00000, 0x0000000710e00000, 0x0000000710e00000|100%| O|  |TAMS 0x0000000710c00000, 0x0000000710c00000| Untracked 
|  97|0x0000000710e00000, 0x0000000711000000, 0x0000000711000000|100%| O|  |TAMS 0x0000000710e00000, 0x0000000710e00000| Untracked 
|  98|0x0000000711000000, 0x0000000711200000, 0x0000000711200000|100%| O|  |TAMS 0x0000000711000000, 0x0000000711000000| Untracked 
|  99|0x0000000711200000, 0x0000000711400000, 0x0000000711400000|100%| O|  |TAMS 0x0000000711200000, 0x0000000711200000| Untracked 
| 100|0x0000000711400000, 0x0000000711600000, 0x0000000711600000|100%| O|  |TAMS 0x0000000711400000, 0x0000000711400000| Untracked 
| 101|0x0000000711600000, 0x0000000711800000, 0x0000000711800000|100%| O|  |TAMS 0x0000000711600000, 0x0000000711600000| Untracked 
| 102|0x0000000711800000, 0x0000000711a00000, 0x0000000711a00000|100%| O|  |TAMS 0x0000000711800000, 0x0000000711800000| Untracked 
| 103|0x0000000711a00000, 0x0000000711c00000, 0x0000000711c00000|100%| O|  |TAMS 0x0000000711a00000, 0x0000000711a00000| Untracked 
| 104|0x0000000711c00000, 0x0000000711e00000, 0x0000000711e00000|100%| O|  |TAMS 0x0000000711c00000, 0x0000000711c00000| Untracked 
| 105|0x0000000711e00000, 0x0000000712000000, 0x0000000712000000|100%| O|  |TAMS 0x0000000711e00000, 0x0000000711e00000| Untracked 
| 106|0x0000000712000000, 0x0000000712200000, 0x0000000712200000|100%| O|  |TAMS 0x0000000712000000, 0x0000000712000000| Untracked 
| 107|0x0000000712200000, 0x0000000712400000, 0x0000000712400000|100%| O|  |TAMS 0x0000000712200000, 0x0000000712200000| Untracked 
| 108|0x0000000712400000, 0x0000000712600000, 0x0000000712600000|100%| O|  |TAMS 0x0000000712400000, 0x0000000712400000| Untracked 
| 109|0x0000000712600000, 0x0000000712800000, 0x0000000712800000|100%| O|  |TAMS 0x0000000712600000, 0x0000000712600000| Untracked 
| 110|0x0000000712800000, 0x0000000712a00000, 0x0000000712a00000|100%| O|  |TAMS 0x0000000712800000, 0x0000000712800000| Updating 
| 111|0x0000000712a00000, 0x0000000712a00000, 0x0000000712c00000|  0%| F|  |TAMS 0x0000000712a00000, 0x0000000712a00000| Untracked 
| 112|0x0000000712c00000, 0x0000000712c00000, 0x0000000712e00000|  0%| F|  |TAMS 0x0000000712c00000, 0x0000000712c00000| Untracked 
| 113|0x0000000712e00000, 0x0000000712e00000, 0x0000000713000000|  0%| F|  |TAMS 0x0000000712e00000, 0x0000000712e00000| Untracked 
| 114|0x0000000713000000, 0x0000000713000000, 0x0000000713200000|  0%| F|  |TAMS 0x0000000713000000, 0x0000000713000000| Untracked 
| 115|0x0000000713200000, 0x0000000713200000, 0x0000000713400000|  0%| F|  |TAMS 0x0000000713200000, 0x0000000713200000| Untracked 
| 116|0x0000000713400000, 0x0000000713400000, 0x0000000713600000|  0%| F|  |TAMS 0x0000000713400000, 0x0000000713400000| Untracked 
| 117|0x0000000713600000, 0x0000000713600000, 0x0000000713800000|  0%| F|  |TAMS 0x0000000713600000, 0x0000000713600000| Untracked 
| 118|0x0000000713800000, 0x0000000713800000, 0x0000000713a00000|  0%| F|  |TAMS 0x0000000713800000, 0x0000000713800000| Untracked 
| 119|0x0000000713a00000, 0x0000000713a00000, 0x0000000713c00000|  0%| F|  |TAMS 0x0000000713a00000, 0x0000000713a00000| Untracked 
| 120|0x0000000713c00000, 0x0000000713c00000, 0x0000000713e00000|  0%| F|  |TAMS 0x0000000713c00000, 0x0000000713c00000| Untracked 
| 121|0x0000000713e00000, 0x0000000713e00000, 0x0000000714000000|  0%| F|  |TAMS 0x0000000713e00000, 0x0000000713e00000| Untracked 
| 122|0x0000000714000000, 0x0000000714000000, 0x0000000714200000|  0%| F|  |TAMS 0x0000000714000000, 0x0000000714000000| Untracked 
| 123|0x0000000714200000, 0x0000000714200000, 0x0000000714400000|  0%| F|  |TAMS 0x0000000714200000, 0x0000000714200000| Untracked 
| 124|0x0000000714400000, 0x0000000714400000, 0x0000000714600000|  0%| F|  |TAMS 0x0000000714400000, 0x0000000714400000| Untracked 
| 125|0x0000000714600000, 0x0000000714600000, 0x0000000714800000|  0%| F|  |TAMS 0x0000000714600000, 0x0000000714600000| Untracked 
| 126|0x0000000714800000, 0x0000000714800000, 0x0000000714a00000|  0%| F|  |TAMS 0x0000000714800000, 0x0000000714800000| Untracked 
| 127|0x0000000714a00000, 0x0000000714a00000, 0x0000000714c00000|  0%| F|  |TAMS 0x0000000714a00000, 0x0000000714a00000| Untracked 
| 128|0x0000000714c00000, 0x0000000714c00000, 0x0000000714e00000|  0%| F|  |TAMS 0x0000000714c00000, 0x0000000714c00000| Untracked 
| 129|0x0000000714e00000, 0x0000000714e00000, 0x0000000715000000|  0%| F|  |TAMS 0x0000000714e00000, 0x0000000714e00000| Untracked 
| 130|0x0000000715000000, 0x0000000715000000, 0x0000000715200000|  0%| F|  |TAMS 0x0000000715000000, 0x0000000715000000| Untracked 
| 131|0x0000000715200000, 0x0000000715200000, 0x0000000715400000|  0%| F|  |TAMS 0x0000000715200000, 0x0000000715200000| Untracked 
| 132|0x0000000715400000, 0x0000000715400000, 0x0000000715600000|  0%| F|  |TAMS 0x0000000715400000, 0x0000000715400000| Untracked 
| 133|0x0000000715600000, 0x0000000715600000, 0x0000000715800000|  0%| F|  |TAMS 0x0000000715600000, 0x0000000715600000| Untracked 
| 134|0x0000000715800000, 0x0000000715800000, 0x0000000715a00000|  0%| F|  |TAMS 0x0000000715800000, 0x0000000715800000| Untracked 
| 135|0x0000000715a00000, 0x0000000715a00000, 0x0000000715c00000|  0%| F|  |TAMS 0x0000000715a00000, 0x0000000715a00000| Untracked 
| 136|0x0000000715c00000, 0x0000000715c00000, 0x0000000715e00000|  0%| F|  |TAMS 0x0000000715c00000, 0x0000000715c00000| Untracked 
| 137|0x0000000715e00000, 0x0000000715e00000, 0x0000000716000000|  0%| F|  |TAMS 0x0000000715e00000, 0x0000000715e00000| Untracked 
| 138|0x0000000716000000, 0x0000000716000000, 0x0000000716200000|  0%| F|  |TAMS 0x0000000716000000, 0x0000000716000000| Untracked 
| 139|0x0000000716200000, 0x0000000716200000, 0x0000000716400000|  0%| F|  |TAMS 0x0000000716200000, 0x0000000716200000| Untracked 
| 140|0x0000000716400000, 0x0000000716400000, 0x0000000716600000|  0%| F|  |TAMS 0x0000000716400000, 0x0000000716400000| Untracked 
| 141|0x0000000716600000, 0x0000000716600000, 0x0000000716800000|  0%| F|  |TAMS 0x0000000716600000, 0x0000000716600000| Untracked 
| 142|0x0000000716800000, 0x0000000716800000, 0x0000000716a00000|  0%| F|  |TAMS 0x0000000716800000, 0x0000000716800000| Untracked 
| 143|0x0000000716a00000, 0x0000000716a00000, 0x0000000716c00000|  0%| F|  |TAMS 0x0000000716a00000, 0x0000000716a00000| Untracked 
| 144|0x0000000716c00000, 0x0000000716c00000, 0x0000000716e00000|  0%| F|  |TAMS 0x0000000716c00000, 0x0000000716c00000| Untracked 
| 145|0x0000000716e00000, 0x0000000716e00000, 0x0000000717000000|  0%| F|  |TAMS 0x0000000716e00000, 0x0000000716e00000| Untracked 
| 146|0x0000000717000000, 0x0000000717000000, 0x0000000717200000|  0%| F|  |TAMS 0x0000000717000000, 0x0000000717000000| Untracked 
| 147|0x0000000717200000, 0x0000000717200000, 0x0000000717400000|  0%| F|  |TAMS 0x0000000717200000, 0x0000000717200000| Untracked 
| 148|0x0000000717400000, 0x0000000717400000, 0x0000000717600000|  0%| F|  |TAMS 0x0000000717400000, 0x0000000717400000| Untracked 
| 149|0x0000000717600000, 0x0000000717600000, 0x0000000717800000|  0%| F|  |TAMS 0x0000000717600000, 0x0000000717600000| Untracked 
| 150|0x0000000717800000, 0x0000000717800000, 0x0000000717a00000|  0%| F|  |TAMS 0x0000000717800000, 0x0000000717800000| Untracked 
| 151|0x0000000717a00000, 0x0000000717a00000, 0x0000000717c00000|  0%| F|  |TAMS 0x0000000717a00000, 0x0000000717a00000| Untracked 
| 152|0x0000000717c00000, 0x0000000717c00000, 0x0000000717e00000|  0%| F|  |TAMS 0x0000000717c00000, 0x0000000717c00000| Untracked 
| 153|0x0000000717e00000, 0x0000000717e00000, 0x0000000718000000|  0%| F|  |TAMS 0x0000000717e00000, 0x0000000717e00000| Untracked 
| 154|0x0000000718000000, 0x0000000718000000, 0x0000000718200000|  0%| F|  |TAMS 0x0000000718000000, 0x0000000718000000| Untracked 
| 155|0x0000000718200000, 0x0000000718200000, 0x0000000718400000|  0%| F|  |TAMS 0x0000000718200000, 0x0000000718200000| Untracked 
| 156|0x0000000718400000, 0x0000000718400000, 0x0000000718600000|  0%| F|  |TAMS 0x0000000718400000, 0x0000000718400000| Untracked 
| 157|0x0000000718600000, 0x0000000718600000, 0x0000000718800000|  0%| F|  |TAMS 0x0000000718600000, 0x0000000718600000| Untracked 
| 158|0x0000000718800000, 0x0000000718800000, 0x0000000718a00000|  0%| F|  |TAMS 0x0000000718800000, 0x0000000718800000| Untracked 
| 159|0x0000000718a00000, 0x0000000718a00000, 0x0000000718c00000|  0%| F|  |TAMS 0x0000000718a00000, 0x0000000718a00000| Untracked 
| 160|0x0000000718c00000, 0x0000000718c00000, 0x0000000718e00000|  0%| F|  |TAMS 0x0000000718c00000, 0x0000000718c00000| Untracked 
| 161|0x0000000718e00000, 0x0000000718e00000, 0x0000000719000000|  0%| F|  |TAMS 0x0000000718e00000, 0x0000000718e00000| Untracked 
| 162|0x0000000719000000, 0x0000000719000000, 0x0000000719200000|  0%| F|  |TAMS 0x0000000719000000, 0x0000000719000000| Untracked 
| 163|0x0000000719200000, 0x0000000719200000, 0x0000000719400000|  0%| F|  |TAMS 0x0000000719200000, 0x0000000719200000| Untracked 
| 164|0x0000000719400000, 0x0000000719400000, 0x0000000719600000|  0%| F|  |TAMS 0x0000000719400000, 0x0000000719400000| Untracked 
| 165|0x0000000719600000, 0x0000000719600000, 0x0000000719800000|  0%| F|  |TAMS 0x0000000719600000, 0x0000000719600000| Untracked 
| 166|0x0000000719800000, 0x0000000719800000, 0x0000000719a00000|  0%| F|  |TAMS 0x0000000719800000, 0x0000000719800000| Untracked 
| 167|0x0000000719a00000, 0x0000000719a00000, 0x0000000719c00000|  0%| F|  |TAMS 0x0000000719a00000, 0x0000000719a00000| Untracked 
| 168|0x0000000719c00000, 0x0000000719c00000, 0x0000000719e00000|  0%| F|  |TAMS 0x0000000719c00000, 0x0000000719c00000| Untracked 
| 169|0x0000000719e00000, 0x0000000719e00000, 0x000000071a000000|  0%| F|  |TAMS 0x0000000719e00000, 0x0000000719e00000| Untracked 
| 170|0x000000071a000000, 0x000000071a000000, 0x000000071a200000|  0%| F|  |TAMS 0x000000071a000000, 0x000000071a000000| Untracked 
| 171|0x000000071a200000, 0x000000071a200000, 0x000000071a400000|  0%| F|  |TAMS 0x000000071a200000, 0x000000071a200000| Untracked 
| 172|0x000000071a400000, 0x000000071a400000, 0x000000071a600000|  0%| F|  |TAMS 0x000000071a400000, 0x000000071a400000| Untracked 
| 173|0x000000071a600000, 0x000000071a600000, 0x000000071a800000|  0%| F|  |TAMS 0x000000071a600000, 0x000000071a600000| Untracked 
| 174|0x000000071a800000, 0x000000071a800000, 0x000000071aa00000|  0%| F|  |TAMS 0x000000071a800000, 0x000000071a800000| Untracked 
| 175|0x000000071aa00000, 0x000000071aa00000, 0x000000071ac00000|  0%| F|  |TAMS 0x000000071aa00000, 0x000000071aa00000| Untracked 
| 176|0x000000071ac00000, 0x000000071ac00000, 0x000000071ae00000|  0%| F|  |TAMS 0x000000071ac00000, 0x000000071ac00000| Untracked 
| 177|0x000000071ae00000, 0x000000071ae00000, 0x000000071b000000|  0%| F|  |TAMS 0x000000071ae00000, 0x000000071ae00000| Untracked 
| 178|0x000000071b000000, 0x000000071b000000, 0x000000071b200000|  0%| F|  |TAMS 0x000000071b000000, 0x000000071b000000| Untracked 
| 179|0x000000071b200000, 0x000000071b200000, 0x000000071b400000|  0%| F|  |TAMS 0x000000071b200000, 0x000000071b200000| Untracked 
| 180|0x000000071b400000, 0x000000071b400000, 0x000000071b600000|  0%| F|  |TAMS 0x000000071b400000, 0x000000071b400000| Untracked 
| 181|0x000000071b600000, 0x000000071b600000, 0x000000071b800000|  0%| F|  |TAMS 0x000000071b600000, 0x000000071b600000| Untracked 
| 182|0x000000071b800000, 0x000000071b800000, 0x000000071ba00000|  0%| F|  |TAMS 0x000000071b800000, 0x000000071b800000| Untracked 
| 183|0x000000071ba00000, 0x000000071ba00000, 0x000000071bc00000|  0%| F|  |TAMS 0x000000071ba00000, 0x000000071ba00000| Untracked 
| 184|0x000000071bc00000, 0x000000071bc00000, 0x000000071be00000|  0%| F|  |TAMS 0x000000071bc00000, 0x000000071bc00000| Untracked 
| 185|0x000000071be00000, 0x000000071be00000, 0x000000071c000000|  0%| F|  |TAMS 0x000000071be00000, 0x000000071be00000| Untracked 
| 186|0x000000071c000000, 0x000000071c000000, 0x000000071c200000|  0%| F|  |TAMS 0x000000071c000000, 0x000000071c000000| Untracked 
| 187|0x000000071c200000, 0x000000071c200000, 0x000000071c400000|  0%| F|  |TAMS 0x000000071c200000, 0x000000071c200000| Untracked 
| 188|0x000000071c400000, 0x000000071c400000, 0x000000071c600000|  0%| F|  |TAMS 0x000000071c400000, 0x000000071c400000| Untracked 
| 189|0x000000071c600000, 0x000000071c600000, 0x000000071c800000|  0%| F|  |TAMS 0x000000071c600000, 0x000000071c600000| Untracked 
| 190|0x000000071c800000, 0x000000071c800000, 0x000000071ca00000|  0%| F|  |TAMS 0x000000071c800000, 0x000000071c800000| Untracked 
| 191|0x000000071ca00000, 0x000000071ca00000, 0x000000071cc00000|  0%| F|  |TAMS 0x000000071ca00000, 0x000000071ca00000| Untracked 
| 192|0x000000071cc00000, 0x000000071cc00000, 0x000000071ce00000|  0%| F|  |TAMS 0x000000071cc00000, 0x000000071cc00000| Untracked 
| 193|0x000000071ce00000, 0x000000071ce00000, 0x000000071d000000|  0%| F|  |TAMS 0x000000071ce00000, 0x000000071ce00000| Untracked 
| 194|0x000000071d000000, 0x000000071d000000, 0x000000071d200000|  0%| F|  |TAMS 0x000000071d000000, 0x000000071d000000| Untracked 
| 195|0x000000071d200000, 0x000000071d200000, 0x000000071d400000|  0%| F|  |TAMS 0x000000071d200000, 0x000000071d200000| Untracked 
| 196|0x000000071d400000, 0x000000071d400000, 0x000000071d600000|  0%| F|  |TAMS 0x000000071d400000, 0x000000071d400000| Untracked 
| 197|0x000000071d600000, 0x000000071d800000, 0x000000071d800000|100%| S|CS|TAMS 0x000000071d600000, 0x000000071d600000| Complete 
| 198|0x000000071d800000, 0x000000071da00000, 0x000000071da00000|100%| S|CS|TAMS 0x000000071d800000, 0x000000071d800000| Complete 
| 965|0x000000077d600000, 0x000000077d600000, 0x000000077d800000|  0%| F|  |TAMS 0x000000077d600000, 0x000000077d600000| Untracked 
|1998|0x00000007fe800000, 0x00000007fea00000, 0x00000007fea00000|100%| O|  |TAMS 0x00000007fea00000, 0x00000007fe800000| Untracked 
|1999|0x00000007fea00000, 0x00000007fea00000, 0x00000007fec00000|  0%| F|  |TAMS 0x00000007fea00000, 0x00000007fea00000| Untracked 
|2000|0x00000007fec00000, 0x00000007fee00000, 0x00000007fee00000|100%| O|  |TAMS 0x00000007fee00000, 0x00000007fec00000| Updating 
|2001|0x00000007fee00000, 0x00000007ff000000, 0x00000007ff000000|100%| O|  |TAMS 0x00000007ff000000, 0x00000007fee00000| Updating 
|2002|0x00000007ff000000, 0x00000007ff200000, 0x00000007ff200000|100%| O|  |TAMS 0x00000007ff200000, 0x00000007ff000000| Updating 
|2003|0x00000007ff200000, 0x00000007ff400000, 0x00000007ff400000|100%| O|  |TAMS 0x00000007ff400000, 0x00000007ff200000| Updating 
|2004|0x00000007ff400000, 0x00000007ff600000, 0x00000007ff600000|100%| O|  |TAMS 0x00000007ff600000, 0x00000007ff400000| Untracked 
|2005|0x00000007ff600000, 0x00000007ff800000, 0x00000007ff800000|100%| O|  |TAMS 0x00000007ff800000, 0x00000007ff600000| Updating 
|2006|0x00000007ff800000, 0x00000007ffa00000, 0x00000007ffa00000|100%| O|  |TAMS 0x00000007ffa00000, 0x00000007ff800000| Updating 
|2007|0x00000007ffa00000, 0x00000007ffc00000, 0x00000007ffc00000|100%| O|  |TAMS 0x00000007ffc00000, 0x00000007ffa00000| Updating 
|2008|0x00000007ffc00000, 0x00000007ffe00000, 0x00000007ffe00000|100%| O|  |TAMS 0x00000007ffe00000, 0x00000007ffc00000| Untracked 
|2009|0x00000007ffe00000, 0x0000000800000000, 0x0000000800000000|100%| O|  |TAMS 0x0000000800000000, 0x00000007ffe00000| Untracked 

Card table byte_map: [0x0000018d5a380000,0x0000018d5ab60000] _byte_map_base: 0x0000018d56b5a000

Marking Bits (Prev, Next): (CMBitMap*) 0x0000018d4e7b3fb0, (CMBitMap*) 0x0000018d4e7b3f70
 Prev Bits: [0x0000018d5f210000, 0x0000018d630e0000)
 Next Bits: [0x0000018d5b340000, 0x0000018d5f210000)

Polling page: 0x0000018d4e7e0000

Metaspace:

Usage:
  Non-class:     85.37 MB used.
      Class:     14.31 MB used.
       Both:     99.67 MB used.

Virtual space:
  Non-class space:      128.00 MB reserved,      86.12 MB ( 67%) committed,  2 nodes.
      Class space:        1.00 GB reserved,      14.88 MB (  1%) committed,  1 nodes.
             Both:        1.12 GB reserved,     101.00 MB (  9%) committed. 

Chunk freelists:
   Non-Class:  9.84 MB
       Class:  1.09 MB
        Both:  10.92 MB

MaxMetaspaceSize: unlimited
CompressedClassSpaceSize: 1.00 GB
Initial GC threshold: 21.00 MB
Current GC threshold: 168.38 MB
CDS: on
MetaspaceReclaimPolicy: balanced
 - commit_granule_bytes: 65536.
 - commit_granule_words: 8192.
 - virtual_space_node_default_size: 8388608.
 - enlarge_chunks_in_place: 1.
 - new_chunks_are_fully_committed: 0.
 - uncommit_free_chunks: 1.
 - use_allocation_guard: 0.
 - handle_deallocations: 1.


Internal statistics:

num_allocs_failed_limit: 9.
num_arena_births: 2320.
num_arena_deaths: 902.
num_vsnodes_births: 3.
num_vsnodes_deaths: 0.
num_space_committed: 1615.
num_space_uncommitted: 1.
num_chunks_returned_to_freelist: 1178.
num_chunks_taken_from_freelist: 6810.
num_chunk_merges: 424.
num_chunk_splits: 4291.
num_chunks_enlarged: 2860.
num_inconsistent_stats: 0.

CodeCache: size=49152Kb used=37208Kb max_used=38830Kb free=11943Kb
 bounds [0x0000018d562c0000, 0x0000018d58900000, 0x0000018d592c0000]
 total_blobs=22133 nmethods=21354 adapters=702
 compilation: enabled
              stopped_count=0, restarted_count=0
 full_count=0

Compilation events (20 events):
Event: 36017.106 Thread 0x0000018d658c2d50 21603       1       com.fasterxml.jackson.databind.ObjectWriter::_assertNotNull (26 bytes)
Event: 36017.108 Thread 0x0000018d658c2d50 nmethod 21603 0x0000018d585dad90 code [0x0000018d585dafa0, 0x0000018d585db578]
Event: 36017.233 Thread 0x0000018d658c2d50 21604       1       org.hibernate.persister.entity.AbstractEntityPersister::isTransient (313 bytes)
Event: 36017.239 Thread 0x0000018d658c2d50 nmethod 21604 0x0000018d585d9290 code [0x0000018d585d95e0, 0x0000018d585da4f8]
Event: 36017.239 Thread 0x0000018d658c2d50 21607       1       com.fasterxml.jackson.databind.ObjectWriter::_configureGenerator (18 bytes)
Event: 36017.239 Thread 0x0000018d658c2d50 nmethod 21607 0x0000018d585d8e90 code [0x0000018d585d9040, 0x0000018d585d9178]
Event: 36017.239 Thread 0x0000018d658c2d50 21605       1       com.truyenchu.demo.service.impl.NotificationServiceImpl::findByUser (12 bytes)
Event: 36017.239 Thread 0x0000018d658c2d50 nmethod 21605 0x0000018d585d8b10 code [0x0000018d585d8ca0, 0x0000018d585d8dc8]
Event: 36017.239 Thread 0x0000018d658c2d50 21606       1       org.hibernate.engine.internal.ForeignKeys::isTransient (110 bytes)
Event: 36017.239 Thread 0x0000018d658c2d50 nmethod 21606 0x0000018d585d8290 code [0x0000018d585d84a0, 0x0000018d585d8858]
Event: 36017.374 Thread 0x0000018d658c2d50 21608   !   1       org.springframework.http.converter.json.AbstractJackson2HttpMessageConverter::writeInternal (419 bytes)
Event: 36017.384 Thread 0x0000018d658c2d50 nmethod 21608 0x0000018d585d4310 code [0x0000018d585d4800, 0x0000018d585d61b8]
Event: 36018.477 Thread 0x0000018d658c2d50 21609       1       org.hibernate.internal.util.collections.BoundedConcurrentHashMap$LIRS::pruneStack (50 bytes)
Event: 36018.480 Thread 0x0000018d658c2d50 nmethod 21609 0x0000018d585d3c10 code [0x0000018d585d3dc0, 0x0000018d585d40e8]
Event: 36018.490 Thread 0x0000018d658c2d50 21610   !   1       jdk.proxy10.$Proxy234::findByUserOrderByCreatedAtDesc (40 bytes)
Event: 36018.490 Thread 0x0000018d658c2d50 nmethod 21610 0x0000018d585d3310 code [0x0000018d585d34e0, 0x0000018d585d3978]
Event: 36018.491 Thread 0x0000018d658c2d50 21611   !   1       com.fasterxml.jackson.databind.ObjectWriter::writeValue (121 bytes)
Event: 36018.493 Thread 0x0000018d658c2d50 nmethod 21611 0x0000018d585d1d10 code [0x0000018d585d1fe0, 0x0000018d585d2b78]
Event: 36018.524 Thread 0x0000018d658c2d50 21612   !   1       com.truyenchu.demo.service.impl.NotificationServiceImpl$$SpringCGLIB$$0::findByUser (66 bytes)
Event: 36018.524 Thread 0x0000018d658c2d50 nmethod 21612 0x0000018d585d1190 code [0x0000018d585d1380, 0x0000018d585d1938]

GC Heap History (20 events):
Event: 35509.294 GC heap after
{Heap after GC invocations=139 (full 3):
 garbage-first heap   total 327680K, used 96206K [0x0000000704c00000, 0x0000000800000000)
  region size 2048K, 1 young (2048K), 1 survivors (2048K)
 Metaspace       used 102264K, committed 103488K, reserved 1179648K
  class space    used 14693K, committed 15232K, reserved 1048576K
}
Event: 35583.287 GC heap before
{Heap before GC invocations=139 (full 3):
 garbage-first heap   total 327680K, used 110542K [0x0000000704c00000, 0x0000000800000000)
  region size 2048K, 8 young (16384K), 1 survivors (2048K)
 Metaspace       used 102264K, committed 103488K, reserved 1179648K
  class space    used 14693K, committed 15232K, reserved 1048576K
}
Event: 35583.615 GC heap after
{Heap after GC invocations=140 (full 3):
 garbage-first heap   total 327680K, used 82367K [0x0000000704c00000, 0x0000000800000000)
  region size 2048K, 1 young (2048K), 1 survivors (2048K)
 Metaspace       used 102264K, committed 103488K, reserved 1179648K
  class space    used 14693K, committed 15232K, reserved 1048576K
}
Event: 35983.787 GC heap before
{Heap before GC invocations=140 (full 3):
 garbage-first heap   total 327680K, used 156095K [0x0000000704c00000, 0x0000000800000000)
  region size 2048K, 38 young (77824K), 1 survivors (2048K)
 Metaspace       used 102264K, committed 103488K, reserved 1179648K
  class space    used 14693K, committed 15232K, reserved 1048576K
}
Event: 35983.814 GC heap after
{Heap after GC invocations=141 (full 3):
 garbage-first heap   total 327680K, used 82142K [0x0000000704c00000, 0x0000000800000000)
  region size 2048K, 1 young (2048K), 1 survivors (2048K)
 Metaspace       used 102264K, committed 103488K, reserved 1179648K
  class space    used 14693K, committed 15232K, reserved 1048576K
}
Event: 36016.769 GC heap before
{Heap before GC invocations=142 (full 3):
 garbage-first heap   total 294912K, used 243934K [0x0000000704c00000, 0x0000000800000000)
  region size 2048K, 81 young (165888K), 1 survivors (2048K)
 Metaspace       used 102063K, committed 103424K, reserved 1179648K
  class space    used 14649K, committed 15232K, reserved 1048576K
}
Event: 36016.881 GC heap after
{Heap after GC invocations=143 (full 3):
 garbage-first heap   total 319488K, used 149648K [0x0000000704c00000, 0x0000000800000000)
  region size 2048K, 11 young (22528K), 11 survivors (22528K)
 Metaspace       used 102063K, committed 103424K, reserved 1179648K
  class space    used 14649K, committed 15232K, reserved 1048576K
}
Event: 36016.882 GC heap before
{Heap before GC invocations=143 (full 3):
 garbage-first heap   total 319488K, used 149648K [0x0000000704c00000, 0x0000000800000000)
  region size 2048K, 12 young (24576K), 11 survivors (22528K)
 Metaspace       used 102063K, committed 103424K, reserved 1179648K
  class space    used 14649K, committed 15232K, reserved 1048576K
}
Event: 36016.889 GC heap after
{Heap after GC invocations=144 (full 3):
 garbage-first heap   total 319488K, used 147786K [0x0000000704c00000, 0x0000000800000000)
  region size 2048K, 1 young (2048K), 1 survivors (2048K)
 Metaspace       used 102063K, committed 103424K, reserved 1179648K
  class space    used 14649K, committed 15232K, reserved 1048576K
}
Event: 36020.127 GC heap before
{Heap before GC invocations=144 (full 3):
 garbage-first heap   total 319488K, used 235850K [0x0000000704c00000, 0x0000000800000000)
  region size 2048K, 45 young (92160K), 1 survivors (2048K)
 Metaspace       used 102065K, committed 103424K, reserved 1179648K
  class space    used 14649K, committed 15232K, reserved 1048576K
}
Event: 36020.141 GC heap after
{Heap after GC invocations=145 (full 3):
 garbage-first heap   total 319488K, used 217082K [0x0000000704c00000, 0x0000000800000000)
  region size 2048K, 6 young (12288K), 6 survivors (12288K)
 Metaspace       used 102065K, committed 103424K, reserved 1179648K
  class space    used 14649K, committed 15232K, reserved 1048576K
}
Event: 36020.169 GC heap before
{Heap before GC invocations=145 (full 3):
 garbage-first heap   total 319488K, used 243706K [0x0000000704c00000, 0x0000000800000000)
  region size 2048K, 20 young (40960K), 6 survivors (12288K)
 Metaspace       used 102065K, committed 103424K, reserved 1179648K
  class space    used 14649K, committed 15232K, reserved 1048576K
}
Event: 36020.173 GC heap after
{Heap after GC invocations=146 (full 3):
 garbage-first heap   total 319488K, used 232442K [0x0000000704c00000, 0x0000000800000000)
  region size 2048K, 3 young (6144K), 3 survivors (6144K)
 Metaspace       used 102065K, committed 103424K, reserved 1179648K
  class space    used 14649K, committed 15232K, reserved 1048576K
}
Event: 36020.186 GC heap before
{Heap before GC invocations=146 (full 3):
 garbage-first heap   total 319488K, used 252922K [0x0000000704c00000, 0x0000000800000000)
  region size 2048K, 14 young (28672K), 3 survivors (6144K)
 Metaspace       used 102065K, committed 103424K, reserved 1179648K
  class space    used 14649K, committed 15232K, reserved 1048576K
}
Event: 36020.189 GC heap after
{Heap after GC invocations=147 (full 3):
 garbage-first heap   total 319488K, used 241658K [0x0000000704c00000, 0x0000000800000000)
  region size 2048K, 2 young (4096K), 2 survivors (4096K)
 Metaspace       used 102065K, committed 103424K, reserved 1179648K
  class space    used 14649K, committed 15232K, reserved 1048576K
}
Event: 36020.200 GC heap before
{Heap before GC invocations=147 (full 3):
 garbage-first heap   total 319488K, used 258042K [0x0000000704c00000, 0x0000000800000000)
  region size 2048K, 11 young (22528K), 2 survivors (4096K)
 Metaspace       used 102065K, committed 103424K, reserved 1179648K
  class space    used 14649K, committed 15232K, reserved 1048576K
}
Event: 36020.202 GC heap after
{Heap after GC invocations=148 (full 3):
 garbage-first heap   total 319488K, used 249105K [0x0000000704c00000, 0x0000000800000000)
  region size 2048K, 2 young (4096K), 2 survivors (4096K)
 Metaspace       used 102065K, committed 103424K, reserved 1179648K
  class space    used 14649K, committed 15232K, reserved 1048576K
}
Event: 36020.212 GC heap before
{Heap before GC invocations=148 (full 3):
 garbage-first heap   total 319488K, used 263441K [0x0000000704c00000, 0x0000000800000000)
  region size 2048K, 10 young (20480K), 2 survivors (4096K)
 Metaspace       used 102065K, committed 103424K, reserved 1179648K
  class space    used 14649K, committed 15232K, reserved 1048576K
}
Event: 36020.214 GC heap after
{Heap after GC invocations=149 (full 3):
 garbage-first heap   total 319488K, used 254613K [0x0000000704c00000, 0x0000000800000000)
  region size 2048K, 2 young (4096K), 2 survivors (4096K)
 Metaspace       used 102065K, committed 103424K, reserved 1179648K
  class space    used 14649K, committed 15232K, reserved 1048576K
}
Event: 36020.231 GC heap before
{Heap before GC invocations=149 (full 3):
 garbage-first heap   total 434176K, used 258709K [0x0000000704c00000, 0x0000000800000000)
  region size 2048K, 9 young (18432K), 2 survivors (4096K)
 Metaspace       used 102065K, committed 103424K, reserved 1179648K
  class space    used 14649K, committed 15232K, reserved 1048576K
}

Dll operation events (11 events):
Event: 0.007 Loaded shared library C:\Program Files\Eclipse Adoptium\jdk-17.0.14.7-hotspot\bin\java.dll
Event: 0.018 Loaded shared library C:\Program Files\Eclipse Adoptium\jdk-17.0.14.7-hotspot\bin\jsvml.dll
Event: 0.072 Loaded shared library C:\Program Files\Eclipse Adoptium\jdk-17.0.14.7-hotspot\bin\net.dll
Event: 0.074 Loaded shared library C:\Program Files\Eclipse Adoptium\jdk-17.0.14.7-hotspot\bin\nio.dll
Event: 0.076 Loaded shared library C:\Program Files\Eclipse Adoptium\jdk-17.0.14.7-hotspot\bin\zip.dll
Event: 0.163 Loaded shared library C:\Program Files\Eclipse Adoptium\jdk-17.0.14.7-hotspot\bin\jimage.dll
Event: 0.354 Loaded shared library C:\Program Files\Eclipse Adoptium\jdk-17.0.14.7-hotspot\bin\management.dll
Event: 0.360 Loaded shared library C:\Program Files\Eclipse Adoptium\jdk-17.0.14.7-hotspot\bin\management_ext.dll
Event: 1.106 Loaded shared library C:\Program Files\Eclipse Adoptium\jdk-17.0.14.7-hotspot\bin\sunmscapi.dll
Event: 3.067 Loaded shared library C:\Program Files\Eclipse Adoptium\jdk-17.0.14.7-hotspot\bin\verify.dll
Event: 3.378 Loaded shared library C:\Program Files\Eclipse Adoptium\jdk-17.0.14.7-hotspot\bin\extnet.dll

Deoptimization events (10 events):
Event: 2.293 Thread 0x0000018d6a6f20c0 DEOPT PACKING pc=0x0000018d56b2fdd4 sp=0x0000003a438fb7e0
Event: 2.293 Thread 0x0000018d6a6f20c0 DEOPT UNPACKING pc=0x0000018d5631ace3 sp=0x0000003a438fad68 mode 0
Event: 2.293 Thread 0x0000018d6a6f20c0 DEOPT PACKING pc=0x0000018d56a812ec sp=0x0000003a438fb9c0
Event: 2.293 Thread 0x0000018d6a6f20c0 DEOPT UNPACKING pc=0x0000018d5631ace3 sp=0x0000003a438fae80 mode 0
Event: 3.444 Thread 0x0000018d6a6f20c0 DEOPT PACKING pc=0x0000018d5675f509 sp=0x0000003a438f95d0
Event: 3.444 Thread 0x0000018d6a6f20c0 DEOPT UNPACKING pc=0x0000018d5631ace3 sp=0x0000003a438f8a60 mode 3
Event: 3.444 Thread 0x0000018d6bf1ecd0 DEOPT PACKING pc=0x0000018d5683659f sp=0x0000003a43eff390
Event: 3.444 Thread 0x0000018d6bf1ecd0 DEOPT UNPACKING pc=0x0000018d5631ace3 sp=0x0000003a43efe7e8 mode 3
Event: 33465.736 Thread 0x0000018d6d53f0a0 DEOPT PACKING pc=0x0000018d58258614 sp=0x0000003a452fe830
Event: 33465.738 Thread 0x0000018d6d53f0a0 DEOPT UNPACKING pc=0x0000018d5631ace3 sp=0x0000003a452fdd98 mode 0

Classes loaded (20 events):
Event: 34689.401 Loading class com/sun/crypto/provider/RSACipher
Event: 34689.406 Loading class com/sun/crypto/provider/RSACipher done
Event: 34689.408 Loading class sun/security/rsa/RSAPrivateKeyImpl
Event: 34689.410 Loading class sun/security/rsa/RSAPrivateKeyImpl done
Event: 34689.410 Loading class sun/security/rsa/RSAPrivateCrtKeyImpl
Event: 34689.412 Loading class java/security/interfaces/RSAPrivateCrtKey
Event: 34689.413 Loading class java/security/interfaces/RSAPrivateCrtKey done
Event: 34689.413 Loading class sun/security/rsa/RSAPrivateCrtKeyImpl done
Event: 34689.413 Loading class sun/security/rsa/RSACore
Event: 34689.414 Loading class sun/security/rsa/RSACore done
Event: 34689.415 Loading class javax/crypto/spec/OAEPParameterSpec
Event: 34689.416 Loading class javax/crypto/spec/OAEPParameterSpec done
Event: 34689.416 Loading class javax/crypto/spec/PSource$PSpecified
Event: 34689.416 Loading class javax/crypto/spec/PSource
Event: 34689.416 Loading class javax/crypto/spec/PSource done
Event: 34689.416 Loading class javax/crypto/spec/PSource$PSpecified done
Event: 34689.416 Loading class sun/security/rsa/RSAPadding
Event: 34689.417 Loading class sun/security/rsa/RSAPadding done
Event: 34689.418 Loading class sun/security/rsa/MGF1
Event: 34689.418 Loading class sun/security/rsa/MGF1 done

Classes unloaded (20 events):
Event: 35984.092 Thread 0x0000018d6589c7e0 Unloading class 0x0000018d01eb6800 'java/lang/invoke/LambdaForm$MH+0x0000018d01eb6800'
Event: 35984.092 Thread 0x0000018d6589c7e0 Unloading class 0x0000018d01eb5800 'java/lang/invoke/LambdaForm$MH+0x0000018d01eb5800'
Event: 35984.092 Thread 0x0000018d6589c7e0 Unloading class 0x0000018d01eb5400 'java/lang/invoke/LambdaForm$MH+0x0000018d01eb5400'
Event: 35984.092 Thread 0x0000018d6589c7e0 Unloading class 0x0000018d01eb4c00 'java/lang/invoke/LambdaForm$MH+0x0000018d01eb4c00'
Event: 35984.092 Thread 0x0000018d6589c7e0 Unloading class 0x0000018d01eb5000 'java/lang/invoke/LambdaForm$MH+0x0000018d01eb5000'
Event: 35984.092 Thread 0x0000018d6589c7e0 Unloading class 0x0000018d01eb3800 'java/lang/invoke/LambdaForm$MH+0x0000018d01eb3800'
Event: 35984.092 Thread 0x0000018d6589c7e0 Unloading class 0x0000018d01eb3c00 'java/lang/invoke/LambdaForm$MH+0x0000018d01eb3c00'
Event: 35984.092 Thread 0x0000018d6589c7e0 Unloading class 0x0000018d01eb4400 'java/lang/invoke/LambdaForm$MH+0x0000018d01eb4400'
Event: 35984.092 Thread 0x0000018d6589c7e0 Unloading class 0x0000018d01eb4000 'java/lang/invoke/LambdaForm$MH+0x0000018d01eb4000'
Event: 35984.092 Thread 0x0000018d6589c7e0 Unloading class 0x0000018d01eb4800 'java/lang/invoke/LambdaForm$MH+0x0000018d01eb4800'
Event: 35984.092 Thread 0x0000018d6589c7e0 Unloading class 0x0000018d01eb3400 'java/lang/invoke/LambdaForm$MH+0x0000018d01eb3400'
Event: 35984.092 Thread 0x0000018d6589c7e0 Unloading class 0x0000018d01eb2c00 'java/lang/invoke/LambdaForm$MH+0x0000018d01eb2c00'
Event: 35984.092 Thread 0x0000018d6589c7e0 Unloading class 0x0000018d01eb2400 'java/lang/invoke/LambdaForm$MH+0x0000018d01eb2400'
Event: 35984.092 Thread 0x0000018d6589c7e0 Unloading class 0x0000018d01eb1c00 'java/lang/invoke/LambdaForm$MH+0x0000018d01eb1c00'
Event: 35984.092 Thread 0x0000018d6589c7e0 Unloading class 0x0000018d01eb2000 'java/lang/invoke/LambdaForm$MH+0x0000018d01eb2000'
Event: 35984.092 Thread 0x0000018d6589c7e0 Unloading class 0x0000018d01eb2800 'java/lang/invoke/LambdaForm$MH+0x0000018d01eb2800'
Event: 35984.092 Thread 0x0000018d6589c7e0 Unloading class 0x0000018d01eb3000 'java/lang/invoke/LambdaForm$MH+0x0000018d01eb3000'
Event: 35984.092 Thread 0x0000018d6589c7e0 Unloading class 0x0000018d01eb1800 'jdk/internal/reflect/GeneratedConstructorAccessor137'
Event: 35984.092 Thread 0x0000018d6589c7e0 Unloading class 0x0000018d01eb1400 'jdk/internal/reflect/GeneratedConstructorAccessor136'
Event: 35984.092 Thread 0x0000018d6589c7e0 Unloading class 0x0000018d01eb1000 'jdk/internal/reflect/GeneratedConstructorAccessor135'

Classes redefined (0 events):
No events

Internal exceptions (20 events):
Event: 34664.272 Thread 0x0000018d72162160 Exception <a 'java/net/SocketException'{0x000000071720a910}: Socket is not connected: shutdown> (0x000000071720a910) 
thrown [s\src\hotspot\share\prims\jni.cpp, line 535]
Event: 34664.288 Thread 0x0000018d72162160 Exception <a 'java/net/ConnectException'{0x000000071720b158}: Connection refused: getsockopt> (0x000000071720b158) 
thrown [s\src\hotspot\share\prims\jni.cpp, line 535]
Event: 34664.288 Thread 0x0000018d72162160 Exception <a 'java/net/SocketException'{0x000000071720b490}: Socket is not connected: shutdown> (0x000000071720b490) 
thrown [s\src\hotspot\share\prims\jni.cpp, line 535]
Event: 34669.305 Thread 0x0000018d72162160 Exception <a 'java/net/ConnectException'{0x00000007172141d0}: Connection refused: getsockopt> (0x00000007172141d0) 
thrown [s\src\hotspot\share\prims\jni.cpp, line 535]
Event: 34669.305 Thread 0x0000018d72162160 Exception <a 'java/net/SocketException'{0x0000000717214508}: Socket is not connected: shutdown> (0x0000000717214508) 
thrown [s\src\hotspot\share\prims\jni.cpp, line 535]
Event: 34669.306 Thread 0x0000018d72162160 Exception <a 'java/net/ConnectException'{0x0000000717214d50}: Connection refused: getsockopt> (0x0000000717214d50) 
thrown [s\src\hotspot\share\prims\jni.cpp, line 535]
Event: 34669.306 Thread 0x0000018d72162160 Exception <a 'java/net/SocketException'{0x0000000717215088}: Socket is not connected: shutdown> (0x0000000717215088) 
thrown [s\src\hotspot\share\prims\jni.cpp, line 535]
Event: 34674.311 Thread 0x0000018d72162160 Exception <a 'java/net/ConnectException'{0x0000000717338768}: Connection refused: getsockopt> (0x0000000717338768) 
thrown [s\src\hotspot\share\prims\jni.cpp, line 535]
Event: 34674.311 Thread 0x0000018d72162160 Exception <a 'java/net/SocketException'{0x0000000717338aa0}: Socket is not connected: shutdown> (0x0000000717338aa0) 
thrown [s\src\hotspot\share\prims\jni.cpp, line 535]
Event: 34674.312 Thread 0x0000018d72162160 Exception <a 'java/net/ConnectException'{0x00000007173392e8}: Connection refused: getsockopt> (0x00000007173392e8) 
thrown [s\src\hotspot\share\prims\jni.cpp, line 535]
Event: 34674.312 Thread 0x0000018d72162160 Exception <a 'java/net/SocketException'{0x0000000717339620}: Socket is not connected: shutdown> (0x0000000717339620) 
thrown [s\src\hotspot\share\prims\jni.cpp, line 535]
Event: 34679.331 Thread 0x0000018d72162160 Exception <a 'java/net/ConnectException'{0x0000000717104660}: Connection refused: getsockopt> (0x0000000717104660) 
thrown [s\src\hotspot\share\prims\jni.cpp, line 535]
Event: 34679.331 Thread 0x0000018d72162160 Exception <a 'java/net/SocketException'{0x0000000717104998}: Socket is not connected: shutdown> (0x0000000717104998) 
thrown [s\src\hotspot\share\prims\jni.cpp, line 535]
Event: 34679.347 Thread 0x0000018d72162160 Exception <a 'java/net/ConnectException'{0x00000007171051e0}: Connection refused: getsockopt> (0x00000007171051e0) 
thrown [s\src\hotspot\share\prims\jni.cpp, line 535]
Event: 34679.347 Thread 0x0000018d72162160 Exception <a 'java/net/SocketException'{0x0000000717105518}: Socket is not connected: shutdown> (0x0000000717105518) 
thrown [s\src\hotspot\share\prims\jni.cpp, line 535]
Event: 34684.354 Thread 0x0000018d72162160 Exception <a 'java/net/ConnectException'{0x000000071710e258}: Connection refused: getsockopt> (0x000000071710e258) 
thrown [s\src\hotspot\share\prims\jni.cpp, line 535]
Event: 34684.354 Thread 0x0000018d72162160 Exception <a 'java/net/SocketException'{0x000000071710e590}: Socket is not connected: shutdown> (0x000000071710e590) 
thrown [s\src\hotspot\share\prims\jni.cpp, line 535]
Event: 34684.355 Thread 0x0000018d72162160 Exception <a 'java/net/ConnectException'{0x000000071710edd8}: Connection refused: getsockopt> (0x000000071710edd8) 
thrown [s\src\hotspot\share\prims\jni.cpp, line 535]
Event: 34684.355 Thread 0x0000018d72162160 Exception <a 'java/net/SocketException'{0x000000071710f110}: Socket is not connected: shutdown> (0x000000071710f110) 
thrown [s\src\hotspot\share\prims\jni.cpp, line 535]
Event: 35250.441 Thread 0x0000018d6d5409f0 Exception <a 'java/net/SocketException'{0x00000007116c6270}: Connection reset by peer: shutdown> (0x00000007116c6270) 
thrown [s\src\hotspot\share\prims\jni.cpp, line 535]

VM Operations (20 events):
Event: 36006.823 Executing VM operation: Cleanup done
Event: 36016.769 Executing VM operation: G1CollectForAllocation
Event: 36016.881 Executing VM operation: G1CollectForAllocation done
Event: 36016.882 Executing VM operation: G1CollectForAllocation
Event: 36016.889 Executing VM operation: G1CollectForAllocation done
Event: 36018.887 Executing VM operation: Cleanup
Event: 36018.887 Executing VM operation: Cleanup done
Event: 36020.127 Executing VM operation: G1CollectForAllocation
Event: 36020.141 Executing VM operation: G1CollectForAllocation done
Event: 36020.169 Executing VM operation: G1CollectForAllocation
Event: 36020.173 Executing VM operation: G1CollectForAllocation done
Event: 36020.186 Executing VM operation: G1CollectForAllocation
Event: 36020.189 Executing VM operation: G1CollectForAllocation done
Event: 36020.199 Executing VM operation: G1CollectForAllocation
Event: 36020.202 Executing VM operation: G1CollectForAllocation done
Event: 36020.212 Executing VM operation: G1CollectForAllocation
Event: 36020.214 Executing VM operation: G1CollectForAllocation done
Event: 36020.221 Executing VM operation: G1PauseRemark
Event: 36020.229 Executing VM operation: G1PauseRemark done
Event: 36020.231 Executing VM operation: G1CollectForAllocation

Memory protections (0 events):
No events

Nmethod flushes (20 events):
Event: 203.126 Thread 0x0000018d658c5970 flushing  nmethod 0x0000018d57150b90
Event: 203.126 Thread 0x0000018d658c5970 flushing  nmethod 0x0000018d57181310
Event: 203.126 Thread 0x0000018d658c5970 flushing  nmethod 0x0000018d571b7c90
Event: 203.126 Thread 0x0000018d658c5970 flushing  nmethod 0x0000018d571bd290
Event: 203.126 Thread 0x0000018d658c5970 flushing  nmethod 0x0000018d571e0a90
Event: 203.126 Thread 0x0000018d658c5970 flushing  nmethod 0x0000018d571fab10
Event: 203.130 Thread 0x0000018d658c5970 flushing  nmethod 0x0000018d5780bb10
Event: 203.130 Thread 0x0000018d658c5970 flushing  nmethod 0x0000018d57842310
Event: 203.130 Thread 0x0000018d658c5970 flushing  nmethod 0x0000018d57882690
Event: 203.130 Thread 0x0000018d658c5970 flushing  nmethod 0x0000018d5788cf10
Event: 203.132 Thread 0x0000018d658c5970 flushing  nmethod 0x0000018d57a81790
Event: 203.132 Thread 0x0000018d658c5970 flushing  nmethod 0x0000018d57a8c090
Event: 33463.382 Thread 0x0000018d658c5970 flushing  nmethod 0x0000018d56ef0a90
Event: 33463.382 Thread 0x0000018d658c5970 flushing  nmethod 0x0000018d56ef2790
Event: 33463.382 Thread 0x0000018d658c5970 flushing  nmethod 0x0000018d56efeb10
Event: 33463.382 Thread 0x0000018d658c5970 flushing  nmethod 0x0000018d56effa10
Event: 33463.391 Thread 0x0000018d658c5970 flushing  nmethod 0x0000018d579ba610
Event: 33463.391 Thread 0x0000018d658c5970 flushing  nmethod 0x0000018d579bc590
Event: 33463.391 Thread 0x0000018d658c5970 flushing  nmethod 0x0000018d579c2c90
Event: 33463.391 Thread 0x0000018d658c5970 flushing  nmethod 0x0000018d579c5310

Events (20 events):
Event: 35643.733 Thread 0x0000018d725da020 Thread exited: 0x0000018d725da020
Event: 35643.734 Thread 0x0000018d72163090 Thread exited: 0x0000018d72163090
Event: 35643.734 Thread 0x0000018d725d8be0 Thread exited: 0x0000018d725d8be0
Event: 35643.734 Thread 0x0000018d6ddf9890 Thread exited: 0x0000018d6ddf9890
Event: 36005.991 Thread 0x0000018d6d834f20 Thread added: 0x0000018d6db41850
Event: 36005.991 Thread 0x0000018d6d834f20 Thread added: 0x0000018d6db40410
Event: 36005.991 Thread 0x0000018d6d834f20 Thread added: 0x0000018d6db3ff00
Event: 36005.992 Thread 0x0000018d6db40410 Thread added: 0x0000018d6d834500
Event: 36006.043 Thread 0x0000018d6d53e680 Thread added: 0x0000018d6ddf9890
Event: 36006.043 Thread 0x0000018d6d53e680 Thread added: 0x0000018d6ddfa7c0
Event: 36006.043 Thread 0x0000018d6d53e680 Thread added: 0x0000018d6ddf9da0
Event: 36006.043 Thread 0x0000018d6d53e680 Thread added: 0x0000018d6ddfacd0
Event: 36006.044 Thread 0x0000018d6d53e680 Thread added: 0x0000018d6ddfa2b0
Event: 36006.044 Thread 0x0000018d6d53e680 Thread added: 0x0000018d6dc35f60
Event: 36006.044 Thread 0x0000018d6d53e680 Thread added: 0x0000018d6dc36e90
Event: 36006.044 Thread 0x0000018d6d53e680 Thread added: 0x0000018d6dc373a0
Event: 36006.044 Thread 0x0000018d6d53e680 Thread added: 0x0000018d6dc36470
Event: 36006.044 Thread 0x0000018d6d53e680 Thread added: 0x0000018d6dc36980
Event: 36006.044 Thread 0x0000018d6d53e680 Thread added: 0x0000018d6dc378b0
Event: 36006.044 Thread 0x0000018d6d53e680 Thread added: 0x0000018d6dc387e0


Dynamic libraries:
0x00007ff75f630000 - 0x00007ff75f63e000 	C:\Program Files\Eclipse Adoptium\jdk-17.0.14.7-hotspot\bin\java.exe
0x00007ff8efa60000 - 0x00007ff8efcc5000 	C:\WINDOWS\SYSTEM32\ntdll.dll
0x00007ff8ee620000 - 0x00007ff8ee6e9000 	C:\WINDOWS\System32\KERNEL32.DLL
0x00007ff8ecc60000 - 0x00007ff8ed048000 	C:\WINDOWS\System32\KERNELBASE.dll
0x00007ff8e6b50000 - 0x00007ff8e6bee000 	C:\WINDOWS\SYSTEM32\apphelp.dll
0x00007ff8ed350000 - 0x00007ff8ed49b000 	C:\WINDOWS\System32\ucrtbase.dll
0x00007ff8cc5f0000 - 0x00007ff8cc607000 	C:\Program Files\Eclipse Adoptium\jdk-17.0.14.7-hotspot\bin\jli.dll
0x00007ff85f6c0000 - 0x00007ff85f6de000 	C:\Program Files\Eclipse Adoptium\jdk-17.0.14.7-hotspot\bin\VCRUNTIME140.dll
0x00007ff8ef750000 - 0x00007ff8ef91a000 	C:\WINDOWS\System32\USER32.dll
0x00007ff8ed1a0000 - 0x00007ff8ed1c7000 	C:\WINDOWS\System32\win32u.dll
0x00007ff8cfa50000 - 0x00007ff8cfcea000 	C:\WINDOWS\WinSxS\amd64_microsoft.windows.common-controls_6595b64144ccf1df_6.0.26100.4202_none_3e0698d4e335f517\COMCTL32.dll
0x00007ff8edfa0000 - 0x00007ff8ee049000 	C:\WINDOWS\System32\msvcrt.dll
0x00007ff8eebf0000 - 0x00007ff8eec1b000 	C:\WINDOWS\System32\GDI32.dll
0x00007ff8ed540000 - 0x00007ff8ed677000 	C:\WINDOWS\System32\gdi32full.dll
0x00007ff8ecbb0000 - 0x00007ff8ecc53000 	C:\WINDOWS\System32\msvcp_win.dll
0x00007ff8ef660000 - 0x00007ff8ef690000 	C:\WINDOWS\System32\IMM32.DLL
0x00007ff8e3840000 - 0x00007ff8e384c000 	C:\Program Files\Eclipse Adoptium\jdk-17.0.14.7-hotspot\bin\vcruntime140_1.dll
0x00007ff844fa0000 - 0x00007ff84502d000 	C:\Program Files\Eclipse Adoptium\jdk-17.0.14.7-hotspot\bin\msvcp140.dll
0x00007fffe9230000 - 0x00007fffe9e9b000 	C:\Program Files\Eclipse Adoptium\jdk-17.0.14.7-hotspot\bin\server\jvm.dll
0x00007ff8ef4f0000 - 0x00007ff8ef5a3000 	C:\WINDOWS\System32\ADVAPI32.dll
0x00007ff8ef440000 - 0x00007ff8ef4e6000 	C:\WINDOWS\System32\sechost.dll
0x00007ff8ee050000 - 0x00007ff8ee165000 	C:\WINDOWS\System32\RPCRT4.dll
0x00007ff8edd70000 - 0x00007ff8edde4000 	C:\WINDOWS\System32\WS2_32.dll
0x00007ff8eb7a0000 - 0x00007ff8eb7fe000 	C:\WINDOWS\SYSTEM32\POWRPROF.dll
0x00007ff8df4f0000 - 0x00007ff8df525000 	C:\WINDOWS\SYSTEM32\WINMM.dll
0x00007ff8db270000 - 0x00007ff8db27b000 	C:\WINDOWS\SYSTEM32\VERSION.dll
0x00007ff8eb780000 - 0x00007ff8eb794000 	C:\WINDOWS\SYSTEM32\UMPDC.dll
0x00007ff8eba90000 - 0x00007ff8ebaab000 	C:\WINDOWS\SYSTEM32\kernel.appcore.dll
0x00007ff8bb0d0000 - 0x00007ff8bb0da000 	C:\Program Files\Eclipse Adoptium\jdk-17.0.14.7-hotspot\bin\jimage.dll
0x00007ff8ea4c0000 - 0x00007ff8ea701000 	C:\WINDOWS\SYSTEM32\DBGHELP.DLL
0x00007ff8ee770000 - 0x00007ff8eeaf5000 	C:\WINDOWS\System32\combase.dll
0x00007ff8eeb00000 - 0x00007ff8eebe1000 	C:\WINDOWS\System32\OLEAUT32.dll
0x00007ff8d78c0000 - 0x00007ff8d78f9000 	C:\WINDOWS\SYSTEM32\dbgcore.DLL
0x00007ff8ed4a0000 - 0x00007ff8ed539000 	C:\WINDOWS\System32\bcryptPrimitives.dll
0x00007ff85f630000 - 0x00007ff85f655000 	C:\Program Files\Eclipse Adoptium\jdk-17.0.14.7-hotspot\bin\java.dll
0x00007ffff4a00000 - 0x00007ffff4ad7000 	C:\Program Files\Eclipse Adoptium\jdk-17.0.14.7-hotspot\bin\jsvml.dll
0x00007ff8eecb0000 - 0x00007ff8ef3f2000 	C:\WINDOWS\System32\SHELL32.dll
0x00007ff8ed1d0000 - 0x00007ff8ed344000 	C:\WINDOWS\System32\wintypes.dll
0x00007ff8ea710000 - 0x00007ff8eaf68000 	C:\WINDOWS\SYSTEM32\windows.storage.dll
0x00007ff8ee3b0000 - 0x00007ff8ee4a1000 	C:\WINDOWS\System32\SHCORE.dll
0x00007ff8ef5f0000 - 0x00007ff8ef65a000 	C:\WINDOWS\System32\shlwapi.dll
0x00007ff8ecac0000 - 0x00007ff8ecaef000 	C:\WINDOWS\SYSTEM32\profapi.dll
0x00007ff85a200000 - 0x00007ff85a219000 	C:\Program Files\Eclipse Adoptium\jdk-17.0.14.7-hotspot\bin\net.dll
0x00007ff8e28d0000 - 0x00007ff8e29ee000 	C:\WINDOWS\SYSTEM32\WINHTTP.dll
0x00007ff8ec000000 - 0x00007ff8ec06a000 	C:\WINDOWS\system32\mswsock.dll
0x00007ff859240000 - 0x00007ff859256000 	C:\Program Files\Eclipse Adoptium\jdk-17.0.14.7-hotspot\bin\nio.dll
0x00007ff859180000 - 0x00007ff859198000 	C:\Program Files\Eclipse Adoptium\jdk-17.0.14.7-hotspot\bin\zip.dll
0x00007ff8b8260000 - 0x00007ff8b826a000 	C:\Program Files\Eclipse Adoptium\jdk-17.0.14.7-hotspot\bin\management.dll
0x00007ff8b8000000 - 0x00007ff8b800b000 	C:\Program Files\Eclipse Adoptium\jdk-17.0.14.7-hotspot\bin\management_ext.dll
0x00007ff8ef5e0000 - 0x00007ff8ef5e8000 	C:\WINDOWS\System32\PSAPI.DLL
0x00007ff8b7a50000 - 0x00007ff8b7a5e000 	C:\Program Files\Eclipse Adoptium\jdk-17.0.14.7-hotspot\bin\sunmscapi.dll
0x00007ff8ed680000 - 0x00007ff8ed7f7000 	C:\WINDOWS\System32\CRYPT32.dll
0x00007ff8ec4d0000 - 0x00007ff8ec500000 	C:\WINDOWS\SYSTEM32\ncrypt.dll
0x00007ff8ec480000 - 0x00007ff8ec4bf000 	C:\WINDOWS\SYSTEM32\NTASN1.dll
0x00007ff8ec2b0000 - 0x00007ff8ec2cb000 	C:\WINDOWS\SYSTEM32\CRYPTSP.dll
0x00007ff8eb9f0000 - 0x00007ff8eba2a000 	C:\WINDOWS\system32\rsaenh.dll
0x00007ff8ec0a0000 - 0x00007ff8ec0cb000 	C:\WINDOWS\SYSTEM32\USERENV.dll
0x00007ff8eca90000 - 0x00007ff8ecab6000 	C:\WINDOWS\SYSTEM32\bcrypt.dll
0x00007ff8ec2d0000 - 0x00007ff8ec2dc000 	C:\WINDOWS\SYSTEM32\CRYPTBASE.dll
0x00007ff8eb3e0000 - 0x00007ff8eb413000 	C:\WINDOWS\SYSTEM32\IPHLPAPI.DLL
0x00007ff8ef430000 - 0x00007ff8ef43a000 	C:\WINDOWS\System32\NSI.dll
0x00007ff8e3700000 - 0x00007ff8e371f000 	C:\WINDOWS\SYSTEM32\dhcpcsvc6.DLL
0x00007ff8e3680000 - 0x00007ff8e36a5000 	C:\WINDOWS\SYSTEM32\dhcpcsvc.DLL
0x00007ff8eb420000 - 0x00007ff8eb547000 	C:\WINDOWS\SYSTEM32\DNSAPI.dll
0x00007ff8ba6c0000 - 0x00007ff8ba6d0000 	C:\Program Files\Eclipse Adoptium\jdk-17.0.14.7-hotspot\bin\verify.dll
0x00007ff8df3d0000 - 0x00007ff8df3db000 	C:\Windows\System32\rasadhlp.dll
0x00007ff8e3850000 - 0x00007ff8e38d6000 	C:\WINDOWS\System32\fwpuclnt.dll
0x00007ff8b4d80000 - 0x00007ff8b4d89000 	C:\Program Files\Eclipse Adoptium\jdk-17.0.14.7-hotspot\bin\extnet.dll
0x00007ff85a2f0000 - 0x00007ff85a2f8000 	C:\WINDOWS\system32\wshunix.dll

dbghelp: loaded successfully - version: 4.0.5 - missing functions: none
symbol engine: initialized successfully - sym options: 0x614 - pdb path: .;C:\Program Files\Eclipse Adoptium\jdk-17.0.14.7-hotspot\bin;C:\WINDOWS\SYSTEM32;C:\WINDOWS\WinSxS\amd64_microsoft.windows.common-controls_6595b64144ccf1df_6.0.26100.4202_none_3e0698d4e335f517;C:\Program Files\Eclipse Adoptium\jdk-17.0.14.7-hotspot\bin\server

VM Arguments:
jvm_args: -XX:TieredStopAtLevel=1 
java_command: com.truyenchu.demo.TruyenchuApplication
java_class_path (initial): C:\Users\Asus\Downloads\demo (2)\demo\target\classes;C:\Users\Asus\.m2\repository\ch\qos\logback\logback-classic\1.5.18\logback-classic-1.5.18.jar;C:\Users\Asus\.m2\repository\ch\qos\logback\logback-core\1.5.18\logback-core-1.5.18.jar;C:\Users\Asus\.m2\repository\org\apache\logging\log4j\log4j-to-slf4j\2.24.3\log4j-to-slf4j-2.24.3.jar;C:\Users\Asus\.m2\repository\org\apache\logging\log4j\log4j-api\2.24.3\log4j-api-2.24.3.jar;C:\Users\Asus\.m2\repository\org\slf4j\jul-to-slf4j\2.0.17\jul-to-slf4j-2.0.17.jar;C:\Users\Asus\.m2\repository\jakarta\annotation\jakarta.annotation-api\2.1.1\jakarta.annotation-api-2.1.1.jar;C:\Users\Asus\.m2\repository\org\yaml\snakeyaml\2.4\snakeyaml-2.4.jar;C:\Users\Asus\.m2\repository\com\zaxxer\HikariCP\6.3.0\HikariCP-6.3.0.jar;C:\Users\Asus\.m2\repository\org\springframework\spring-jdbc\6.2.7\spring-jdbc-6.2.7.jar;C:\Users\Asus\.m2\repository\org\hibernate\orm\hibernate-core\6.6.15.Final\hibernate-core-6.6.15.Final.jar;C:\Users\Asus\.m2\repository\jakarta\persistence\jakarta.persistence-api\3.1.0\jakarta.persistence-api-3.1.0.jar;C:\Users\Asus\.m2\repository\org\jboss\logging\jboss-logging\3.6.1.Final\jboss-logging-3.6.1.Final.jar;C:\Users\Asus\.m2\repository\org\hibernate\common\hibernate-commons-annotations\7.0.3.Final\hibernate-commons-annotations-7.0.3.Final.jar;C:\Users\Asus\.m2\repository\io\smallrye\jandex\3.2.0\jandex-3.2.0.jar;C:\Users\Asus\.m2\repository\com\fasterxml\classmate\1.7.0\classmate-1.7.0.jar;C:\Users\Asus\.m2\repository\net\bytebuddy\byte-buddy\1.17.5\byte-buddy-1.17.5.jar;C:\Users\Asus\.m2\repository\org\glassfish\jaxb\jaxb-runtime\4.0.5\jaxb-runtime-4.0.5.jar;C:\Users\Asus\.m2\repository\org\glassfish\jaxb\jaxb-core\4.0.5\jaxb-core-4.0.5.jar;C:\Users\Asus\.m2\repository\org\eclipse\angus\angus-activation\2.0.2\angus-activation-2.0.2.jar;C:\Users\Asus\.m2\repository\org\glassfish\jaxb\txw2\4.0.5\txw2-4.0.5.jar;C:\Users\Asus\.m2\repository\com\sun\istack\istack-commons-runtime\4.1.2\ista
Launcher Type: SUN_STANDARD

[Global flags]
     intx CICompilerCount                          = 4                                         {product} {ergonomic}
     uint ConcGCThreads                            = 2                                         {product} {ergonomic}
     uint G1ConcRefinementThreads                  = 8                                         {product} {ergonomic}
   size_t G1HeapRegionSize                         = 2097152                                   {product} {ergonomic}
    uintx GCDrainStackTargetSize                   = 64                                        {product} {ergonomic}
   size_t InitialHeapSize                          = 264241152                                 {product} {ergonomic}
   size_t MarkStackSize                            = 4194304                                   {product} {ergonomic}
   size_t MaxHeapSize                              = 4215275520                                {product} {ergonomic}
   size_t MaxNewSize                               = 2529165312                                {product} {ergonomic}
   size_t MinHeapDeltaBytes                        = 2097152                                   {product} {ergonomic}
   size_t MinHeapSize                              = 8388608                                   {product} {ergonomic}
    uintx NonProfiledCodeHeapSize                  = 0                                      {pd product} {ergonomic}
     bool ProfileInterpreter                       = false                                  {pd product} {command line}
    uintx ProfiledCodeHeapSize                     = 0                                      {pd product} {ergonomic}
   size_t SoftMaxHeapSize                          = 4215275520                             {manageable} {ergonomic}
     intx TieredStopAtLevel                        = 1                                         {product} {command line}
     bool UseCompressedClassPointers               = true                           {product lp64_product} {ergonomic}
     bool UseCompressedOops                        = true                           {product lp64_product} {ergonomic}
     bool UseG1GC                                  = true                                      {product} {ergonomic}
     bool UseLargePagesIndividualAllocation        = false                                  {pd product} {ergonomic}

Logging:
Log output configuration:
 #0: stdout all=warning uptime,level,tags
 #1: stderr all=off uptime,level,tags

Environment Variables:
PATH=C:\Program Files\PowerShell\7;C:\Program Files\Eclipse Adoptium\jdk-17.0.14.7-hotspot\bin;C:\Program Files\Common Files\Oracle\Java\javapath;C:\Program Files (x86)\Common Files\Intel\Shared Libraries\redist\intel64\compiler;C:\Windows\system32;C:\Windows;C:\Windows\System32\Wbem;C:\Windows\System32\WindowsPowerShell\v1.0\;C:\Windows\System32\OpenSSH\;C:\Program Files (x86)\NVIDIA Corporation\PhysX\Common;C:\Program Files\NVIDIA Corporation\NVIDIA NvDLISR;C:\TDM-GCC-64\bin;C:\WINDOWS\system32;C:\WINDOWS;C:\WINDOWS\System32\Wbem;C:\WINDOWS\System32\WindowsPowerShell\v1.0\;C:\WINDOWS\System32\OpenSSH\;C:\Program Files\Microsoft SQL Server\Client SDK\ODBC\170\Tools\Binn\;C:\Program Files (x86)\Microsoft SQL Server\150\Tools\Binn\;C:\Program Files\Microsoft SQL Server\150\Tools\Binn\;C:\Program Files\Microsoft SQL Server\150\DTS\Binn\;C:\Program Files (x86)\Microsoft SQL Server\150\DTS\Binn\;C:\Program Files\Azure Data Studio\bin;C:\Program Files\dotnet\;C:\Program Files\Git\cmd;C:\Program Files (x86)\Microsoft SQL Server\160\DTS\Binn\;C:\Program Files\PowerShell\7\;C:\Users\Asus\AppData\Local\nvm;C:\nvm4w\nodejs;C:\Program Files\Docker\Docker\resources\bin;C:\xampp\php;C:\ProgramData\ComposerSetup\bin;;c:\Users\Asus\AppData\Local\Programs\cursor\resources\app\bin;C:\Program Files\Calibre2\;C:\Program Files\MySQL\MySQL Shell 8.0\bin\;C:\Users\Asus\AppData\Local\Microsoft\WindowsApps;C:\Users\Asus\AppData\Roaming\npm;C:\Users\Asus\AppData\Local\GitHubDesktop\bin;C:\Users\Asus\AppData\Local\Programs\mongosh\;C:\Users\Asus\AppData\Local\Programs\Microsoft VS Code\bin;C:\Program Files\Apache\Maven\apache-maven-3.9.9\bin;C:\Users\Asus\AppData\Roaming\Composer\vendor\bin;C:\Users\Asus\AppData\Local\Programs\cursor\resources\app\bin;C:\Users\Asus\.dotnet\tools;C:\Users\Asus\.bun\bin
USERNAME=Asus
LANG=en_US.UTF-8
OS=Windows_NT
PROCESSOR_IDENTIFIER=Intel64 Family 6 Model 140 Stepping 1, GenuineIntel
TMP=C:\Users\Asus\AppData\Local\Temp
TEMP=C:\Users\Asus\AppData\Local\Temp



Periodic native trim disabled


---------------  S Y S T E M  ---------------

OS:
 Windows 11 , 64 bit Build 26100 (10.0.26100.4202)
OS uptime: 2 days 1:05 hours
Hyper-V role detected

CPU: total 8 (initial active 8) (4 cores per cpu, 2 threads per core) family 6 model 140 stepping 1 microcode 0xa4, cx8, cmov, fxsr, ht, mmx, 3dnowpref, sse, sse2, sse3, ssse3, sse4.1, sse4.2, popcnt, lzcnt, tsc, tscinvbit, avx, avx2, aes, erms, clmul, bmi1, bmi2, adx, avx512f, avx512dq, avx512cd, avx512bw, avx512vl, sha, fma, vzeroupper, avx512_vpopcntdq, avx512_vpclmulqdq, avx512_vaes, avx512_vnni, clflush, clflushopt, clwb, avx512_vbmi2, avx512_vbmi, hv
Processor Information for all 8 processors :
  Max Mhz: 3302, Current Mhz: 3302, Mhz Limit: 3302

Memory: 4k page, system-wide physical 16075M (704M free)
TotalPageFile size 65227M (AvailPageFile size 6M)
current process WorkingSet (physical memory assigned to process): 509M, peak: 1423M
current process commit charge ("private bytes"): 1418M, peak: 2271M

vm_info: OpenJDK 64-Bit Server VM (17.0.14+7) for windows-amd64 JRE (17.0.14+7), built on Jan 21 2025 23:40:15 by "admin" with MS VC++ 17.7 (VS2022)

END.
